\BOOKMARK [0][-]{chapter.1}{Introduction to Statistical Learning}{}% 1
\BOOKMARK [1][-]{section.1.1}{Statistical Learning}{chapter.1}% 2
\BOOKMARK [2][-]{subsection.1.1.1}{What is statistical Learning?}{section.1.1}% 3
\BOOKMARK [2][-]{subsection.1.1.2}{Assessing Model Accuracy}{section.1.1}% 4
\BOOKMARK [2][-]{subsection.1.1.3}{Bias, Variance and Model Complexity}{section.1.1}% 5
\BOOKMARK [1][-]{section.1.2}{Linear Regression}{chapter.1}% 6
\BOOKMARK [2][-]{subsection.1.2.1}{Simple linear regression}{section.1.2}% 7
\BOOKMARK [2][-]{subsection.1.2.2}{Multiple linear regression}{section.1.2}% 8
\BOOKMARK [2][-]{subsection.1.2.3}{Assumption Checking}{section.1.2}% 9
\BOOKMARK [2][-]{subsection.1.2.4}{ANOVA \046 ANCOVA}{section.1.2}% 10
\BOOKMARK [1][-]{section.1.3}{Classification}{chapter.1}% 11
\BOOKMARK [2][-]{subsection.1.3.1}{Why not linear regression ?}{section.1.3}% 12
\BOOKMARK [2][-]{subsection.1.3.2}{Logistic regression}{section.1.3}% 13
\BOOKMARK [2][-]{subsection.1.3.3}{Linear discriminant analysis}{section.1.3}% 14
\BOOKMARK [2][-]{subsection.1.3.4}{A comparison of classification methods}{section.1.3}% 15
\BOOKMARK [2][-]{subsection.1.3.5}{Separating Hyperplanes}{section.1.3}% 16
\BOOKMARK [1][-]{section.1.4}{Resampling Methods}{chapter.1}% 17
\BOOKMARK [2][-]{subsection.1.4.1}{Cross-validation}{section.1.4}% 18
\BOOKMARK [2][-]{subsection.1.4.2}{The Bootstrap}{section.1.4}% 19
\BOOKMARK [1][-]{section.1.5}{Linear model selection and regularization}{chapter.1}% 20
\BOOKMARK [2][-]{subsection.1.5.1}{Subset selection}{section.1.5}% 21
\BOOKMARK [2][-]{subsection.1.5.2}{Shrinkage methods}{section.1.5}% 22
\BOOKMARK [2][-]{subsection.1.5.3}{Dimension reduction methods}{section.1.5}% 23
\BOOKMARK [2][-]{subsection.1.5.4}{Multiple Outcome Shrinkage and Selection}{section.1.5}% 24
\BOOKMARK [2][-]{subsection.1.5.5}{More on the Lasso and Related Path algorithms}{section.1.5}% 25
\BOOKMARK [2][-]{subsection.1.5.6}{Consideration in high dimensions}{section.1.5}% 26
\BOOKMARK [1][-]{section.1.6}{Moving beyond linearity}{chapter.1}% 27
\BOOKMARK [2][-]{subsection.1.6.1}{Polynomial Regression}{section.1.6}% 28
\BOOKMARK [2][-]{subsection.1.6.2}{Regression splines}{section.1.6}% 29
\BOOKMARK [2][-]{subsection.1.6.3}{Smoothing splines}{section.1.6}% 30
\BOOKMARK [2][-]{subsection.1.6.4}{Multidimensional Splines}{section.1.6}% 31
\BOOKMARK [2][-]{subsection.1.6.5}{Wavelet Smoothing}{section.1.6}% 32
\BOOKMARK [2][-]{subsection.1.6.6}{Kernel Smoothing Methods}{section.1.6}% 33
\BOOKMARK [2][-]{subsection.1.6.7}{Kernel Density Estimation and Classification}{section.1.6}% 34
\BOOKMARK [2][-]{subsection.1.6.8}{Local regression}{section.1.6}% 35
\BOOKMARK [2][-]{subsection.1.6.9}{Generalized additive models}{section.1.6}% 36
\BOOKMARK [2][-]{subsection.1.6.10}{Radial Basis Functions and Kernels}{section.1.6}% 37
\BOOKMARK [2][-]{subsection.1.6.11}{Model Inference and Averaging}{section.1.6}% 38
\BOOKMARK [1][-]{section.1.7}{Tree-based-methods}{chapter.1}% 39
\BOOKMARK [2][-]{subsection.1.7.1}{The basics of decision trees}{section.1.7}% 40
\BOOKMARK [2][-]{subsection.1.7.2}{Bagging, RandomForest and Boosting}{section.1.7}% 41
\BOOKMARK [1][-]{section.1.8}{Support vector machines}{chapter.1}% 42
\BOOKMARK [2][-]{subsection.1.8.1}{Maximal margin classifier}{section.1.8}% 43
\BOOKMARK [2][-]{subsection.1.8.2}{Support vectors classifiers}{section.1.8}% 44
\BOOKMARK [2][-]{subsection.1.8.3}{Support vectors machines}{section.1.8}% 45
\BOOKMARK [2][-]{subsection.1.8.4}{SVMs with more than 2 classes}{section.1.8}% 46
\BOOKMARK [2][-]{subsection.1.8.5}{Relationship to Ridge Regression}{section.1.8}% 47
\BOOKMARK [2][-]{subsection.1.8.6}{Linear Discriminant Analysis}{section.1.8}% 48
\BOOKMARK [1][-]{section.1.9}{Unsupervised learning}{chapter.1}% 49
\BOOKMARK [2][-]{subsection.1.9.1}{The challenge of unsupervised learning}{section.1.9}% 50
\BOOKMARK [2][-]{subsection.1.9.2}{Principal compoments analysis}{section.1.9}% 51
\BOOKMARK [2][-]{subsection.1.9.3}{Clustering methods}{section.1.9}% 52
\BOOKMARK [1][-]{section.1.10}{Neural Networks}{chapter.1}% 53
\BOOKMARK [2][-]{subsection.1.10.1}{Projection Pursuit Regression}{section.1.10}% 54
\BOOKMARK [2][-]{subsection.1.10.2}{Neural Networks}{section.1.10}% 55
\BOOKMARK [2][-]{subsection.1.10.3}{Fitting Neural Networks}{section.1.10}% 56
\BOOKMARK [0][-]{chapter.2}{Deep Learning}{}% 57
\BOOKMARK [1][-]{section.2.1}{Deep Forward Networks}{chapter.2}% 58
\BOOKMARK [2][-]{subsection.2.1.1}{Gradient based learning}{section.2.1}% 59
\BOOKMARK [1][-]{section.2.2}{Regularization for Deep Learning}{chapter.2}% 60
\BOOKMARK [1][-]{section.2.3}{Optimization for training Deep Learning}{chapter.2}% 61
\BOOKMARK [1][-]{section.2.4}{Convolution Networks}{chapter.2}% 62
\BOOKMARK [1][-]{section.2.5}{Recurrent and Recursive Nets}{chapter.2}% 63
