This is pdfTeX, Version 3.14159265-2.6-1.40.20 (TeX Live 2019/Debian) (preloaded format=pdflatex 2020.7.28)  16 MAR 2022 21:06
entering extended mode
 restricted \write18 enabled.
 %&-line parsing enabled.
**statisticalLearningSummary.tex
(./statisticalLearningSummary.tex
LaTeX2e <2020-02-02> patch level 2
L3 programming layer <2020-02-14>
(/usr/share/texlive/texmf-dist/tex/latex/base/book.cls
Document Class: book 2019/12/20 v1.4l Standard LaTeX document class
(/usr/share/texlive/texmf-dist/tex/latex/base/bk10.clo
File: bk10.clo 2019/12/20 v1.4l Standard LaTeX file (size option)
)
\c@part=\count167
\c@chapter=\count168
\c@section=\count169
\c@subsection=\count170
\c@subsubsection=\count171
\c@paragraph=\count172
\c@subparagraph=\count173
\c@figure=\count174
\c@table=\count175
\abovecaptionskip=\skip47
\belowcaptionskip=\skip48
\bibindent=\dimen134
)
(/usr/share/texlive/texmf-dist/tex/latex/base/inputenc.sty
Package: inputenc 2018/08/11 v1.3c Input encoding file
\inpenc@prehook=\toks14
\inpenc@posthook=\toks15
)
(/usr/share/texlive/texmf-dist/tex/latex/base/fontenc.sty
Package: fontenc 2020/02/11 v2.0o Standard LaTeX package
)
(/usr/share/texmf/tex/latex/lm/lmodern.sty
Package: lmodern 2009/10/30 v1.6 Latin Modern Fonts
LaTeX Font Info:    Overwriting symbol font `operators' in version `normal'
(Font)                  OT1/cmr/m/n --> OT1/lmr/m/n on input line 22.
LaTeX Font Info:    Overwriting symbol font `letters' in version `normal'
(Font)                  OML/cmm/m/it --> OML/lmm/m/it on input line 23.
LaTeX Font Info:    Overwriting symbol font `symbols' in version `normal'
(Font)                  OMS/cmsy/m/n --> OMS/lmsy/m/n on input line 24.
LaTeX Font Info:    Overwriting symbol font `largesymbols' in version `normal'
(Font)                  OMX/cmex/m/n --> OMX/lmex/m/n on input line 25.
LaTeX Font Info:    Overwriting symbol font `operators' in version `bold'
(Font)                  OT1/cmr/bx/n --> OT1/lmr/bx/n on input line 26.
LaTeX Font Info:    Overwriting symbol font `letters' in version `bold'
(Font)                  OML/cmm/b/it --> OML/lmm/b/it on input line 27.
LaTeX Font Info:    Overwriting symbol font `symbols' in version `bold'
(Font)                  OMS/cmsy/b/n --> OMS/lmsy/b/n on input line 28.
LaTeX Font Info:    Overwriting symbol font `largesymbols' in version `bold'
(Font)                  OMX/cmex/m/n --> OMX/lmex/m/n on input line 29.
LaTeX Font Info:    Overwriting math alphabet `\mathbf' in version `normal'
(Font)                  OT1/cmr/bx/n --> OT1/lmr/bx/n on input line 31.
LaTeX Font Info:    Overwriting math alphabet `\mathsf' in version `normal'
(Font)                  OT1/cmss/m/n --> OT1/lmss/m/n on input line 32.
LaTeX Font Info:    Overwriting math alphabet `\mathit' in version `normal'
(Font)                  OT1/cmr/m/it --> OT1/lmr/m/it on input line 33.
LaTeX Font Info:    Overwriting math alphabet `\mathtt' in version `normal'
(Font)                  OT1/cmtt/m/n --> OT1/lmtt/m/n on input line 34.
LaTeX Font Info:    Overwriting math alphabet `\mathbf' in version `bold'
(Font)                  OT1/cmr/bx/n --> OT1/lmr/bx/n on input line 35.
LaTeX Font Info:    Overwriting math alphabet `\mathsf' in version `bold'
(Font)                  OT1/cmss/bx/n --> OT1/lmss/bx/n on input line 36.
LaTeX Font Info:    Overwriting math alphabet `\mathit' in version `bold'
(Font)                  OT1/cmr/bx/it --> OT1/lmr/bx/it on input line 37.
LaTeX Font Info:    Overwriting math alphabet `\mathtt' in version `bold'
(Font)                  OT1/cmtt/m/n --> OT1/lmtt/m/n on input line 38.
)
(/usr/share/texlive/texmf-dist/tex/latex/koma-script/scrhack.sty
Package: scrhack 2020/01/24 v3.29 KOMA-Script package (hacking other packages)

(/usr/share/texlive/texmf-dist/tex/latex/koma-script/scrkbase.sty
Package: scrkbase 2020/01/24 v3.29 KOMA-Script package (KOMA-Script-dependent b
asics and keyval usage)

(/usr/share/texlive/texmf-dist/tex/latex/koma-script/scrbase.sty
Package: scrbase 2020/01/24 v3.29 KOMA-Script package (KOMA-Script-independent 
basics and keyval usage)

(/usr/share/texlive/texmf-dist/tex/latex/graphics/keyval.sty
Package: keyval 2014/10/28 v1.15 key=value parser (DPC)
\KV@toks@=\toks16
)
(/usr/share/texlive/texmf-dist/tex/latex/koma-script/scrlfile.sty
Package: scrlfile 2020/01/24 v3.29 KOMA-Script package (loading files)
)))
(/usr/share/texlive/texmf-dist/tex/latex/xpatch/xpatch.sty
(/usr/share/texlive/texmf-dist/tex/latex/l3kernel/expl3.sty
Package: expl3 2020-02-14 L3 programming layer (loader) 

(/usr/share/texlive/texmf-dist/tex/latex/l3backend/l3backend-pdfmode.def
File: l3backend-pdfmode.def 2020-02-03 L3 backend support: PDF mode
\l__kernel_color_stack_int=\count176
\l__pdf_internal_box=\box45
))
Package: xpatch 2012/10/02 v0.3 Extending etoolbox patching commands

(/usr/share/texlive/texmf-dist/tex/latex/l3packages/xparse/xparse.sty
Package: xparse 2020-02-14 L3 Experimental document command parser
\l__xparse_current_arg_int=\count177
\g__xparse_grabber_int=\count178
\l__xparse_m_args_int=\count179
\l__xparse_v_nesting_int=\count180
)
(/usr/share/texlive/texmf-dist/tex/latex/etoolbox/etoolbox.sty
Package: etoolbox 2019/09/21 v2.5h e-TeX tools for LaTeX (JAW)
\etb@tempcnta=\count181
)))
(/usr/share/texlive/texmf-dist/tex/generic/babel/babel.sty
Package: babel 2020/02/14 3.40 The Babel package

(/usr/share/texlive/texmf-dist/tex/generic/babel/switch.def
File: switch.def 2020/02/14 3.40 Babel switching mechanism
)
(/usr/share/texlive/texmf-dist/tex/generic/babel-english/english.ldf
Language: english 2017/06/06 v3.3r English support from the babel system

(/usr/share/texlive/texmf-dist/tex/generic/babel/babel.def
File: babel.def 2020/02/14 3.40 Babel common definitions
\babel@savecnt=\count182
\U@D=\dimen135

(/usr/share/texlive/texmf-dist/tex/generic/babel/txtbabel.def)
\bbl@readstream=\read2
\bbl@dirlevel=\count183
)
Package babel Info: \l@canadian = using hyphenrules for english
(babel)             (\language0) on input line 102.
Package babel Info: \l@australian = using hyphenrules for ukenglish
(babel)             (\language49) on input line 105.
Package babel Info: \l@newzealand = using hyphenrules for ukenglish
(babel)             (\language49) on input line 108.
))
(/usr/share/texlive/texmf-dist/tex/latex/hyperref/hyperref.sty
Package: hyperref 2020/01/14 v7.00d Hypertext links for LaTeX

(/usr/share/texlive/texmf-dist/tex/generic/ltxcmds/ltxcmds.sty
Package: ltxcmds 2019/12/15 v1.24 LaTeX kernel commands for general use (HO)
)
(/usr/share/texlive/texmf-dist/tex/generic/iftex/iftex.sty
Package: iftex 2019/11/07 v1.0c TeX engine tests
)
(/usr/share/texlive/texmf-dist/tex/latex/pdftexcmds/pdftexcmds.sty
Package: pdftexcmds 2019/11/24 v0.31 Utility functions of pdfTeX for LuaTeX (HO
)

(/usr/share/texlive/texmf-dist/tex/generic/infwarerr/infwarerr.sty
Package: infwarerr 2019/12/03 v1.5 Providing info/warning/error messages (HO)
)
Package pdftexcmds Info: \pdf@primitive is available.
Package pdftexcmds Info: \pdf@ifprimitive is available.
Package pdftexcmds Info: \pdfdraftmode found.
)
(/usr/share/texlive/texmf-dist/tex/generic/kvsetkeys/kvsetkeys.sty
Package: kvsetkeys 2019/12/15 v1.18 Key value parser (HO)
)
(/usr/share/texlive/texmf-dist/tex/generic/kvdefinekeys/kvdefinekeys.sty
Package: kvdefinekeys 2019-12-19 v1.6 Define keys (HO)
)
(/usr/share/texlive/texmf-dist/tex/generic/pdfescape/pdfescape.sty
Package: pdfescape 2019/12/09 v1.15 Implements pdfTeX's escape features (HO)
)
(/usr/share/texlive/texmf-dist/tex/latex/hycolor/hycolor.sty
Package: hycolor 2020-01-27 v1.10 Color options for hyperref/bookmark (HO)
)
(/usr/share/texlive/texmf-dist/tex/latex/letltxmacro/letltxmacro.sty
Package: letltxmacro 2019/12/03 v1.6 Let assignment for LaTeX macros (HO)
)
(/usr/share/texlive/texmf-dist/tex/latex/auxhook/auxhook.sty
Package: auxhook 2019-12-17 v1.6 Hooks for auxiliary files (HO)
)
(/usr/share/texlive/texmf-dist/tex/latex/kvoptions/kvoptions.sty
Package: kvoptions 2019/11/29 v3.13 Key value format for package options (HO)
)
\@linkdim=\dimen136
\Hy@linkcounter=\count184
\Hy@pagecounter=\count185

(/usr/share/texlive/texmf-dist/tex/latex/hyperref/pd1enc.def
File: pd1enc.def 2020/01/14 v7.00d Hyperref: PDFDocEncoding definition (HO)
Now handling font encoding PD1 ...
... no UTF-8 mapping file for font encoding PD1
)
(/usr/share/texlive/texmf-dist/tex/generic/intcalc/intcalc.sty
Package: intcalc 2019/12/15 v1.3 Expandable calculations with integers (HO)
)
(/usr/share/texlive/texmf-dist/tex/generic/etexcmds/etexcmds.sty
Package: etexcmds 2019/12/15 v1.7 Avoid name clashes with e-TeX commands (HO)
)
\Hy@SavedSpaceFactor=\count186
\pdfmajorversion=\count187
Package hyperref Info: Hyper figures OFF on input line 4547.
Package hyperref Info: Link nesting OFF on input line 4552.
Package hyperref Info: Hyper index ON on input line 4555.
Package hyperref Info: Plain pages OFF on input line 4562.
Package hyperref Info: Backreferencing OFF on input line 4567.
Package hyperref Info: Implicit mode ON; LaTeX internals redefined.
Package hyperref Info: Bookmarks ON on input line 4800.
\c@Hy@tempcnt=\count188

(/usr/share/texlive/texmf-dist/tex/latex/url/url.sty
\Urlmuskip=\muskip16
Package: url 2013/09/16  ver 3.4  Verb mode for urls, etc.
)
LaTeX Info: Redefining \url on input line 5159.
\XeTeXLinkMargin=\dimen137

(/usr/share/texlive/texmf-dist/tex/generic/bitset/bitset.sty
Package: bitset 2019/12/09 v1.3 Handle bit-vector datatype (HO)

(/usr/share/texlive/texmf-dist/tex/generic/bigintcalc/bigintcalc.sty
Package: bigintcalc 2019/12/15 v1.5 Expandable calculations on big integers (HO
)
))
\Fld@menulength=\count189
\Field@Width=\dimen138
\Fld@charsize=\dimen139
Package hyperref Info: Hyper figures OFF on input line 6430.
Package hyperref Info: Link nesting OFF on input line 6435.
Package hyperref Info: Hyper index ON on input line 6438.
Package hyperref Info: backreferencing OFF on input line 6445.
Package hyperref Info: Link coloring OFF on input line 6450.
Package hyperref Info: Link coloring with OCG OFF on input line 6455.
Package hyperref Info: PDF/A mode OFF on input line 6460.
LaTeX Info: Redefining \ref on input line 6500.
LaTeX Info: Redefining \pageref on input line 6504.

(/usr/share/texlive/texmf-dist/tex/generic/atbegshi/atbegshi.sty
Package: atbegshi 2019/12/05 v1.19 At begin shipout hook (HO)
)
\Hy@abspage=\count190
\c@Item=\count191
\c@Hfootnote=\count192
)
Package hyperref Info: Driver (autodetected): hpdftex.

(/usr/share/texlive/texmf-dist/tex/latex/hyperref/hpdftex.def
File: hpdftex.def 2020/01/14 v7.00d Hyperref driver for pdfTeX

(/usr/share/texlive/texmf-dist/tex/latex/atveryend/atveryend.sty
Package: atveryend 2019-12-11 v1.11 Hooks at the very end of document (HO)
)
\Fld@listcount=\count193
\c@bookmark@seq@number=\count194

(/usr/share/texlive/texmf-dist/tex/latex/rerunfilecheck/rerunfilecheck.sty
Package: rerunfilecheck 2019/12/05 v1.9 Rerun checks for auxiliary files (HO)

(/usr/share/texlive/texmf-dist/tex/generic/uniquecounter/uniquecounter.sty
Package: uniquecounter 2019/12/15 v1.4 Provide unlimited unique counter (HO)
)
Package uniquecounter Info: New unique counter `rerunfilecheck' on input line 2
86.
)
\Hy@SectionHShift=\skip49
)
(/usr/share/texlive/texmf-dist/tex/latex/blindtext/blindtext.sty
Package: blindtext 2012/01/06 V2.0 blindtext-Package

(/usr/share/texlive/texmf-dist/tex/latex/tools/xspace.sty
Package: xspace 2014/10/28 v1.13 Space after command names (DPC,MH)
)
\c@blindtext=\count195
\c@Blindtext=\count196
\c@blind@countparstart=\count197
\blind@countxx=\count198
\blindtext@numBlindtext=\count199
\blind@countyy=\count266
\c@blindlist=\count267
\c@blindlistlevel=\count268
\c@blindlist@level=\count269
\blind@listitem=\count270
\c@blind@listcount=\count271
\c@blind@levelcount=\count272
\blind@mathformula=\count273
\blind@Mathformula=\count274
\c@blind@randomcount=\count275
\c@blind@randommax=\count276
\c@blind@pangramcount=\count277
\c@blind@pangrammax=\count278
)
(/usr/share/texlive/texmf-dist/tex/latex/xargs/xargs.sty
Package: xargs 2008/03/22 v1.1  extended macro definitions  (mpg)

(/usr/share/texlive/texmf-dist/tex/latex/xkeyval/xkeyval.sty
Package: xkeyval 2014/12/03 v2.7a package option processing (HA)

(/usr/share/texlive/texmf-dist/tex/generic/xkeyval/xkeyval.tex
(/usr/share/texlive/texmf-dist/tex/generic/xkeyval/xkvutils.tex
\XKV@toks=\toks17
\XKV@tempa@toks=\toks18
)
\XKV@depth=\count279
File: xkeyval.tex 2014/12/03 v2.7a key=value parser (HA)
))
\xargs@max=\count280
\xargs@toksa=\toks19
\xargs@toksb=\toks20
)
(/usr/share/texlive/texmf-dist/tex/latex/amsfonts/amsfonts.sty
Package: amsfonts 2013/01/14 v3.01 Basic AMSFonts support
\@emptytoks=\toks21
\symAMSa=\mathgroup4
\symAMSb=\mathgroup5
LaTeX Font Info:    Redeclaring math symbol \hbar on input line 98.
LaTeX Font Info:    Overwriting math alphabet `\mathfrak' in version `bold'
(Font)                  U/euf/m/n --> U/euf/b/n on input line 106.
)
(/usr/share/texlive/texmf-dist/tex/latex/amsmath/amsmath.sty
Package: amsmath 2020/01/20 v2.17e AMS math features
\@mathmargin=\skip50

For additional information on amsmath, use the `?' option.
(/usr/share/texlive/texmf-dist/tex/latex/amsmath/amstext.sty
Package: amstext 2000/06/29 v2.01 AMS text

(/usr/share/texlive/texmf-dist/tex/latex/amsmath/amsgen.sty
File: amsgen.sty 1999/11/30 v2.0 generic functions
\@emptytoks=\toks22
\ex@=\dimen140
))
(/usr/share/texlive/texmf-dist/tex/latex/amsmath/amsbsy.sty
Package: amsbsy 1999/11/29 v1.2d Bold Symbols
\pmbraise@=\dimen141
)
(/usr/share/texlive/texmf-dist/tex/latex/amsmath/amsopn.sty
Package: amsopn 2016/03/08 v2.02 operator names
)
\inf@bad=\count281
LaTeX Info: Redefining \frac on input line 227.
\uproot@=\count282
\leftroot@=\count283
LaTeX Info: Redefining \overline on input line 389.
\classnum@=\count284
\DOTSCASE@=\count285
LaTeX Info: Redefining \ldots on input line 486.
LaTeX Info: Redefining \dots on input line 489.
LaTeX Info: Redefining \cdots on input line 610.
\Mathstrutbox@=\box46
\strutbox@=\box47
\big@size=\dimen142
LaTeX Font Info:    Redeclaring font encoding OML on input line 733.
LaTeX Font Info:    Redeclaring font encoding OMS on input line 734.
\macc@depth=\count286
\c@MaxMatrixCols=\count287
\dotsspace@=\muskip17
\c@parentequation=\count288
\dspbrk@lvl=\count289
\tag@help=\toks23
\row@=\count290
\column@=\count291
\maxfields@=\count292
\andhelp@=\toks24
\eqnshift@=\dimen143
\alignsep@=\dimen144
\tagshift@=\dimen145
\tagwidth@=\dimen146
\totwidth@=\dimen147
\lineht@=\dimen148
\@envbody=\toks25
\multlinegap=\skip51
\multlinetaggap=\skip52
\mathdisplay@stack=\toks26
LaTeX Info: Redefining \[ on input line 2859.
LaTeX Info: Redefining \] on input line 2860.
)
(/usr/share/texlive/texmf-dist/tex/latex/amsfonts/amssymb.sty
Package: amssymb 2013/01/14 v3.01 AMS font symbols
)
(/usr/share/texlive/texmf-dist/tex/latex/tools/bm.sty
Package: bm 2019/07/24 v1.2d Bold Symbol Support (DPC/FMi)
\symboldoperators=\mathgroup6
\symboldletters=\mathgroup7
\symboldsymbols=\mathgroup8
LaTeX Font Info:    Redeclaring math alphabet \mathbf on input line 141.
LaTeX Info: Redefining \bm on input line 209.
)
(/usr/share/texlive/texmf-dist/tex/latex/enumitem/enumitem.sty
Package: enumitem 2019/06/20 v3.9 Customized lists
\labelindent=\skip53
\enit@outerparindent=\dimen149
\enit@toks=\toks27
\enit@inbox=\box48
\enit@count@id=\count293
\enitdp@description=\count294
)
(/usr/share/texlive/texmf-dist/tex/latex/bbm-macros/bbm.sty
Package: bbm 1999/03/15 V 1.2 provides fonts for set symbols - TH
LaTeX Font Info:    Overwriting math alphabet `\mathbbm' in version `bold'
(Font)                  U/bbm/m/n --> U/bbm/bx/n on input line 33.
LaTeX Font Info:    Overwriting math alphabet `\mathbbmss' in version `bold'
(Font)                  U/bbmss/m/n --> U/bbmss/bx/n on input line 35.
)
(/usr/share/texlive/texmf-dist/tex/latex/blkarray/blkarray.sty
Package: blkarray 2015/02/27 v0.07 Block array (dpc)
\c@BAenumi=\count295
\BA@col=\count296
\BA@block@cnt=\count297
\BA@final@box=\box49
\BA@first@box=\box50
\BA@colsep=\dimen150
\BA@ftn=\toks28
\BAextrarowheight=\dimen151
\BAextraheightafterhline=\dimen152
\BAarrayrulewidth=\dimen153
\BAdoublerulesep=\dimen154
\BAfootskip=\dimen155
\BA@dashbox=\box51
\BA@ddashbox=\box52
)
(/usr/share/texlive/texmf-dist/tex/latex/numprint/numprint.sty
Package: numprint 2012/08/20 v1.39 Print numbers (HH)

(/usr/share/texlive/texmf-dist/tex/latex/tools/array.sty
Package: array 2019/08/31 v2.4l Tabular extension package (FMi)
\col@sep=\dimen156
\ar@mcellbox=\box53
\extrarowheight=\dimen157
\NC@list=\toks29
\extratabsurround=\skip54
\backup@length=\skip55
\ar@cellbox=\box54
)
\c@nprt@mantissa@digitsbefore=\count298
\c@nprt@mantissa@digitsafter=\count299
\c@nprt@exponent@digitsbefore=\count300
\c@nprt@exponent@digitsafter=\count301
\nprt@digitwidth=\skip56
\nprt@sepwidth=\skip57
\nprt@decimalwidth=\skip58
\nprt@blockwidth=\skip59
\nprt@digittoks=\toks30
\nprt@pretoks=\toks31
\nprt@posttoks=\toks32
\nprt@thisdigit=\count302
\nprt@curpos=\count303
\nprt@rndpos=\count304
\c@nprt@digitsfirstblock=\count305
\c@nprt@blockcnt=\count306
\c@nprt@cntprint=\count307

No configuration file `numprint.cfg' found.)
(/usr/share/texlive/texmf-dist/tex/latex/siunitx/siunitx.sty
Package: siunitx 2020/01/15 v2.7u A comprehensive (SI) units package

(/usr/share/texlive/texmf-dist/tex/latex/l3packages/l3keys2e/l3keys2e.sty
Package: l3keys2e 2020-02-14 LaTeX2e option processing using LaTeX3 keys
)
\l__siunitx_tmp_box=\box55
\l__siunitx_tmp_dim=\dimen158
\l__siunitx_tmp_int=\count308
\l__siunitx_number_mantissa_length_int=\count309
\l__siunitx_number_uncert_length_int=\count310
\l__siunitx_round_int=\count311
\l__siunitx_process_decimal_int=\count312
\l__siunitx_process_uncertainty_int=\count313
\l__siunitx_process_fixed_int=\count314
\l__siunitx_process_integer_min_int=\count315
\l__siunitx_process_precision_int=\count316
\l__siunitx_group_min_int=\count317
\l__siunitx_angle_marker_box=\box56
\l__siunitx_angle_unit_box=\box57
\l__siunitx_angle_marker_dim=\dimen159
\l__siunitx_angle_unit_dim=\dimen160
\l__siunitx_unit_int=\count318
\l__siunitx_unit_denominator_int=\count319
\l__siunitx_unit_numerator_int=\count320
\l__siunitx_unit_prefix_int=\count321
\l__siunitx_unit_prefix_base_int=\count322
\l__siunitx_unit_prefix_gram_int=\count323
\l__siunitx_number_product_int=\count324
\c__siunitx_one_fill_skip=\skip60
\l__siunitx_table_unit_align_skip=\skip61
\l__siunitx_table_exponent_dim=\dimen161
\l__siunitx_table_integer_dim=\dimen162
\l__siunitx_table_mantissa_dim=\dimen163
\l__siunitx_table_marker_dim=\dimen164
\l__siunitx_table_result_dim=\dimen165
\l__siunitx_table_uncert_dim=\dimen166
\l__siunitx_table_fill_pre_dim=\dimen167
\l__siunitx_table_fill_post_dim=\dimen168
\l__siunitx_table_fill_mid_dim=\dimen169
\l__siunitx_table_pre_box=\box58
\l__siunitx_table_post_box=\box59
\l__siunitx_table_mantissa_box=\box60
\l__siunitx_table_result_box=\box61
\l__siunitx_table_number_align_skip=\skip62
\l__siunitx_table_text_align_skip=\skip63

(/usr/share/texlive/texmf-dist/tex/latex/translator/translator.sty
Package: translator 2019-05-31 v1.12a Easy translation of strings in LaTeX
))
(/usr/share/texlive/texmf-dist/tex/latex/float/float.sty
Package: float 2001/11/08 v1.3d Float enhancements (AL)
\c@float@type=\count325
\float@exts=\toks33
\float@box=\box62
\@float@everytoks=\toks34
\@floatcapt=\box63
)
Package scrhack Info: loading float hack on input line 46.

(/usr/share/texlive/texmf-dist/tex/latex/koma-script/float.hak
File: float.hak 2020/01/24 v3.29 KOMA-Script scrhack part (hacking package floa
t)

(/usr/share/texlive/texmf-dist/tex/latex/koma-script/tocbasic.sty
Package: tocbasic 2020/01/24 v3.29 KOMA-Script package (handling toc-files)
\scr@dte@tocline@numberwidth=\skip64
\scr@dte@tocline@numbox=\box64
)
Package scrhack Info: redefining \newfloat on input line 163.
Package scrhack Info: redefining \listof on input line 163.
Package scrhack Info: undefining \float@addtolists on input line 163.
)
(/usr/share/texlive/texmf-dist/tex/latex/caption/subcaption.sty
Package: subcaption 2020/01/22 v1.3d Sub-captions (AR)

(/usr/share/texlive/texmf-dist/tex/latex/caption/caption.sty
Package: caption 2020/01/03 v3.4h Customizing captions (AR)

(/usr/share/texlive/texmf-dist/tex/latex/caption/caption3.sty
Package: caption3 2020/01/03 v1.8h caption3 kernel (AR)
Package caption3 Info: TeX engine: e-TeX on input line 61.
\captionmargin=\dimen170
\captionmargin@=\dimen171
\captionwidth=\dimen172
\caption@tempdima=\dimen173
\caption@indent=\dimen174
\caption@parindent=\dimen175
\caption@hangindent=\dimen176
Package caption Info: Standard document class detected.
)
\c@caption@flags=\count326
\c@continuedfloat=\count327
Package caption Info: float package is loaded.
Package caption Info: hyperref package is loaded.
)
\c@subfigure=\count328
\c@subtable=\count329
)
(/usr/share/texlive/texmf-dist/tex/latex/xcolor/xcolor.sty
Package: xcolor 2016/05/11 v2.12 LaTeX color extensions (UK)

(/usr/share/texlive/texmf-dist/tex/latex/graphics-cfg/color.cfg
File: color.cfg 2016/01/02 v1.6 sample color configuration
)
Package xcolor Info: Driver file: pdftex.def on input line 225.

(/usr/share/texlive/texmf-dist/tex/latex/graphics-def/pdftex.def
File: pdftex.def 2018/01/08 v1.0l Graphics/color driver for pdftex
)
Package xcolor Info: Model `cmy' substituted by `cmy0' on input line 1348.
Package xcolor Info: Model `hsb' substituted by `rgb' on input line 1352.
Package xcolor Info: Model `RGB' extended on input line 1364.
Package xcolor Info: Model `HTML' substituted by `rgb' on input line 1366.
Package xcolor Info: Model `Hsb' substituted by `hsb' on input line 1367.
Package xcolor Info: Model `tHsb' substituted by `hsb' on input line 1368.
Package xcolor Info: Model `HSB' substituted by `hsb' on input line 1369.
Package xcolor Info: Model `Gray' substituted by `gray' on input line 1370.
Package xcolor Info: Model `wave' substituted by `hsb' on input line 1371.
)
(/usr/share/texlive/texmf-dist/tex/generic/soulutf8/soulutf8.sty
Package: soulutf8 2019/12/15 v1.2 Permit use of UTF-8 characters in soul (HO)

(/usr/share/texlive/texmf-dist/tex/latex/soul/soul.sty
Package: soul 2003/11/17 v2.4 letterspacing/underlining (mf)
\SOUL@word=\toks35
\SOUL@lasttoken=\toks36
\SOUL@cmds=\toks37
\SOUL@buffer=\toks38
\SOUL@token=\toks39
\SOUL@spaceskip=\skip65
\SOUL@ttwidth=\dimen177
\SOUL@uldp=\dimen178
\SOUL@ulht=\dimen179
))
(/usr/share/texlive/texmf-dist/tex/latex/todonotes/todonotes.sty
Package: todonotes 2019/01/24 v1.1.2 Todonotes source and documentation.
Package: todonotes 2018/11/22

(/usr/share/texlive/texmf-dist/tex/latex/base/ifthen.sty
Package: ifthen 2014/09/29 v1.1c Standard LaTeX ifthen package (DPC)
)
(/usr/share/texlive/texmf-dist/tex/latex/pgf/frontendlayer/tikz.sty
(/usr/share/texlive/texmf-dist/tex/latex/pgf/basiclayer/pgf.sty
(/usr/share/texlive/texmf-dist/tex/latex/pgf/utilities/pgfrcs.sty
(/usr/share/texlive/texmf-dist/tex/generic/pgf/utilities/pgfutil-common.tex
\pgfutil@everybye=\toks40
\pgfutil@tempdima=\dimen180
\pgfutil@tempdimb=\dimen181

(/usr/share/texlive/texmf-dist/tex/generic/pgf/utilities/pgfutil-common-lists.t
ex)) (/usr/share/texlive/texmf-dist/tex/generic/pgf/utilities/pgfutil-latex.def
\pgfutil@abb=\box65
(/usr/share/texlive/texmf-dist/tex/latex/ms/everyshi.sty
Package: everyshi 2001/05/15 v3.00 EveryShipout Package (MS)
))
(/usr/share/texlive/texmf-dist/tex/generic/pgf/utilities/pgfrcs.code.tex
(/usr/share/texlive/texmf-dist/tex/generic/pgf/pgf.revision.tex)
Package: pgfrcs 2020/01/08 v3.1.5b (3.1.5b)
))
Package: pgf 2020/01/08 v3.1.5b (3.1.5b)

(/usr/share/texlive/texmf-dist/tex/latex/pgf/basiclayer/pgfcore.sty
(/usr/share/texlive/texmf-dist/tex/latex/graphics/graphicx.sty
Package: graphicx 2019/11/30 v1.2a Enhanced LaTeX Graphics (DPC,SPQR)

(/usr/share/texlive/texmf-dist/tex/latex/graphics/graphics.sty
Package: graphics 2019/11/30 v1.4a Standard LaTeX Graphics (DPC,SPQR)

(/usr/share/texlive/texmf-dist/tex/latex/graphics/trig.sty
Package: trig 2016/01/03 v1.10 sin cos tan (DPC)
)
(/usr/share/texlive/texmf-dist/tex/latex/graphics-cfg/graphics.cfg
File: graphics.cfg 2016/06/04 v1.11 sample graphics configuration
)
Package graphics Info: Driver file: pdftex.def on input line 105.
)
\Gin@req@height=\dimen182
\Gin@req@width=\dimen183
)
(/usr/share/texlive/texmf-dist/tex/latex/pgf/systemlayer/pgfsys.sty
(/usr/share/texlive/texmf-dist/tex/generic/pgf/systemlayer/pgfsys.code.tex
Package: pgfsys 2020/01/08 v3.1.5b (3.1.5b)

(/usr/share/texlive/texmf-dist/tex/generic/pgf/utilities/pgfkeys.code.tex
\pgfkeys@pathtoks=\toks41
\pgfkeys@temptoks=\toks42

(/usr/share/texlive/texmf-dist/tex/generic/pgf/utilities/pgfkeysfiltered.code.t
ex
\pgfkeys@tmptoks=\toks43
))
\pgf@x=\dimen184
\pgf@y=\dimen185
\pgf@xa=\dimen186
\pgf@ya=\dimen187
\pgf@xb=\dimen188
\pgf@yb=\dimen189
\pgf@xc=\dimen190
\pgf@yc=\dimen191
\pgf@xd=\dimen192
\pgf@yd=\dimen193
\w@pgf@writea=\write3
\r@pgf@reada=\read3
\c@pgf@counta=\count330
\c@pgf@countb=\count331
\c@pgf@countc=\count332
\c@pgf@countd=\count333
\t@pgf@toka=\toks44
\t@pgf@tokb=\toks45
\t@pgf@tokc=\toks46
\pgf@sys@id@count=\count334
 (/usr/share/texlive/texmf-dist/tex/generic/pgf/systemlayer/pgf.cfg
File: pgf.cfg 2020/01/08 v3.1.5b (3.1.5b)
)
Driver file for pgf: pgfsys-pdftex.def

(/usr/share/texlive/texmf-dist/tex/generic/pgf/systemlayer/pgfsys-pdftex.def
File: pgfsys-pdftex.def 2020/01/08 v3.1.5b (3.1.5b)

(/usr/share/texlive/texmf-dist/tex/generic/pgf/systemlayer/pgfsys-common-pdf.de
f
File: pgfsys-common-pdf.def 2020/01/08 v3.1.5b (3.1.5b)
)))
(/usr/share/texlive/texmf-dist/tex/generic/pgf/systemlayer/pgfsyssoftpath.code.
tex
File: pgfsyssoftpath.code.tex 2020/01/08 v3.1.5b (3.1.5b)
\pgfsyssoftpath@smallbuffer@items=\count335
\pgfsyssoftpath@bigbuffer@items=\count336
)
(/usr/share/texlive/texmf-dist/tex/generic/pgf/systemlayer/pgfsysprotocol.code.
tex
File: pgfsysprotocol.code.tex 2020/01/08 v3.1.5b (3.1.5b)
))
(/usr/share/texlive/texmf-dist/tex/generic/pgf/basiclayer/pgfcore.code.tex
Package: pgfcore 2020/01/08 v3.1.5b (3.1.5b)

(/usr/share/texlive/texmf-dist/tex/generic/pgf/math/pgfmath.code.tex
(/usr/share/texlive/texmf-dist/tex/generic/pgf/math/pgfmathcalc.code.tex
(/usr/share/texlive/texmf-dist/tex/generic/pgf/math/pgfmathutil.code.tex)
(/usr/share/texlive/texmf-dist/tex/generic/pgf/math/pgfmathparser.code.tex
\pgfmath@dimen=\dimen194
\pgfmath@count=\count337
\pgfmath@box=\box66
\pgfmath@toks=\toks47
\pgfmath@stack@operand=\toks48
\pgfmath@stack@operation=\toks49
)
(/usr/share/texlive/texmf-dist/tex/generic/pgf/math/pgfmathfunctions.code.tex
(/usr/share/texlive/texmf-dist/tex/generic/pgf/math/pgfmathfunctions.basic.code
.tex)
(/usr/share/texlive/texmf-dist/tex/generic/pgf/math/pgfmathfunctions.trigonomet
ric.code.tex)
(/usr/share/texlive/texmf-dist/tex/generic/pgf/math/pgfmathfunctions.random.cod
e.tex)
(/usr/share/texlive/texmf-dist/tex/generic/pgf/math/pgfmathfunctions.comparison
.code.tex)
(/usr/share/texlive/texmf-dist/tex/generic/pgf/math/pgfmathfunctions.base.code.
tex)
(/usr/share/texlive/texmf-dist/tex/generic/pgf/math/pgfmathfunctions.round.code
.tex)
(/usr/share/texlive/texmf-dist/tex/generic/pgf/math/pgfmathfunctions.misc.code.
tex)
(/usr/share/texlive/texmf-dist/tex/generic/pgf/math/pgfmathfunctions.integerari
thmetics.code.tex)))
(/usr/share/texlive/texmf-dist/tex/generic/pgf/math/pgfmathfloat.code.tex
\c@pgfmathroundto@lastzeros=\count338
))
(/usr/share/texlive/texmf-dist/tex/generic/pgf/math/pgfint.code.tex)
(/usr/share/texlive/texmf-dist/tex/generic/pgf/basiclayer/pgfcorepoints.code.te
x
File: pgfcorepoints.code.tex 2020/01/08 v3.1.5b (3.1.5b)
\pgf@picminx=\dimen195
\pgf@picmaxx=\dimen196
\pgf@picminy=\dimen197
\pgf@picmaxy=\dimen198
\pgf@pathminx=\dimen199
\pgf@pathmaxx=\dimen256
\pgf@pathminy=\dimen257
\pgf@pathmaxy=\dimen258
\pgf@xx=\dimen259
\pgf@xy=\dimen260
\pgf@yx=\dimen261
\pgf@yy=\dimen262
\pgf@zx=\dimen263
\pgf@zy=\dimen264
)
(/usr/share/texlive/texmf-dist/tex/generic/pgf/basiclayer/pgfcorepathconstruct.
code.tex
File: pgfcorepathconstruct.code.tex 2020/01/08 v3.1.5b (3.1.5b)
\pgf@path@lastx=\dimen265
\pgf@path@lasty=\dimen266
)
(/usr/share/texlive/texmf-dist/tex/generic/pgf/basiclayer/pgfcorepathusage.code
.tex
File: pgfcorepathusage.code.tex 2020/01/08 v3.1.5b (3.1.5b)
\pgf@shorten@end@additional=\dimen267
\pgf@shorten@start@additional=\dimen268
)
(/usr/share/texlive/texmf-dist/tex/generic/pgf/basiclayer/pgfcorescopes.code.te
x
File: pgfcorescopes.code.tex 2020/01/08 v3.1.5b (3.1.5b)
\pgfpic=\box67
\pgf@hbox=\box68
\pgf@layerbox@main=\box69
\pgf@picture@serial@count=\count339
)
(/usr/share/texlive/texmf-dist/tex/generic/pgf/basiclayer/pgfcoregraphicstate.c
ode.tex
File: pgfcoregraphicstate.code.tex 2020/01/08 v3.1.5b (3.1.5b)
\pgflinewidth=\dimen269
)
(/usr/share/texlive/texmf-dist/tex/generic/pgf/basiclayer/pgfcoretransformation
s.code.tex
File: pgfcoretransformations.code.tex 2020/01/08 v3.1.5b (3.1.5b)
\pgf@pt@x=\dimen270
\pgf@pt@y=\dimen271
\pgf@pt@temp=\dimen272
)
(/usr/share/texlive/texmf-dist/tex/generic/pgf/basiclayer/pgfcorequick.code.tex
File: pgfcorequick.code.tex 2020/01/08 v3.1.5b (3.1.5b)
)
(/usr/share/texlive/texmf-dist/tex/generic/pgf/basiclayer/pgfcoreobjects.code.t
ex
File: pgfcoreobjects.code.tex 2020/01/08 v3.1.5b (3.1.5b)
)
(/usr/share/texlive/texmf-dist/tex/generic/pgf/basiclayer/pgfcorepathprocessing
.code.tex
File: pgfcorepathprocessing.code.tex 2020/01/08 v3.1.5b (3.1.5b)
)
(/usr/share/texlive/texmf-dist/tex/generic/pgf/basiclayer/pgfcorearrows.code.te
x
File: pgfcorearrows.code.tex 2020/01/08 v3.1.5b (3.1.5b)
\pgfarrowsep=\dimen273
)
(/usr/share/texlive/texmf-dist/tex/generic/pgf/basiclayer/pgfcoreshade.code.tex
File: pgfcoreshade.code.tex 2020/01/08 v3.1.5b (3.1.5b)
\pgf@max=\dimen274
\pgf@sys@shading@range@num=\count340
\pgf@shadingcount=\count341
)
(/usr/share/texlive/texmf-dist/tex/generic/pgf/basiclayer/pgfcoreimage.code.tex
File: pgfcoreimage.code.tex 2020/01/08 v3.1.5b (3.1.5b)

(/usr/share/texlive/texmf-dist/tex/generic/pgf/basiclayer/pgfcoreexternal.code.
tex
File: pgfcoreexternal.code.tex 2020/01/08 v3.1.5b (3.1.5b)
\pgfexternal@startupbox=\box70
))
(/usr/share/texlive/texmf-dist/tex/generic/pgf/basiclayer/pgfcorelayers.code.te
x
File: pgfcorelayers.code.tex 2020/01/08 v3.1.5b (3.1.5b)
)
(/usr/share/texlive/texmf-dist/tex/generic/pgf/basiclayer/pgfcoretransparency.c
ode.tex
File: pgfcoretransparency.code.tex 2020/01/08 v3.1.5b (3.1.5b)
)
(/usr/share/texlive/texmf-dist/tex/generic/pgf/basiclayer/pgfcorepatterns.code.
tex
File: pgfcorepatterns.code.tex 2020/01/08 v3.1.5b (3.1.5b)
)
(/usr/share/texlive/texmf-dist/tex/generic/pgf/basiclayer/pgfcorerdf.code.tex
File: pgfcorerdf.code.tex 2020/01/08 v3.1.5b (3.1.5b)
)))
(/usr/share/texlive/texmf-dist/tex/generic/pgf/modules/pgfmoduleshapes.code.tex
File: pgfmoduleshapes.code.tex 2020/01/08 v3.1.5b (3.1.5b)
\pgfnodeparttextbox=\box71
) (/usr/share/texlive/texmf-dist/tex/generic/pgf/modules/pgfmoduleplot.code.tex
File: pgfmoduleplot.code.tex 2020/01/08 v3.1.5b (3.1.5b)
)
(/usr/share/texlive/texmf-dist/tex/latex/pgf/compatibility/pgfcomp-version-0-65
.sty
Package: pgfcomp-version-0-65 2020/01/08 v3.1.5b (3.1.5b)
\pgf@nodesepstart=\dimen275
\pgf@nodesepend=\dimen276
)
(/usr/share/texlive/texmf-dist/tex/latex/pgf/compatibility/pgfcomp-version-1-18
.sty
Package: pgfcomp-version-1-18 2020/01/08 v3.1.5b (3.1.5b)
)) (/usr/share/texlive/texmf-dist/tex/latex/pgf/utilities/pgffor.sty
(/usr/share/texlive/texmf-dist/tex/latex/pgf/utilities/pgfkeys.sty
(/usr/share/texlive/texmf-dist/tex/generic/pgf/utilities/pgfkeys.code.tex))
(/usr/share/texlive/texmf-dist/tex/latex/pgf/math/pgfmath.sty
(/usr/share/texlive/texmf-dist/tex/generic/pgf/math/pgfmath.code.tex))
(/usr/share/texlive/texmf-dist/tex/generic/pgf/utilities/pgffor.code.tex
Package: pgffor 2020/01/08 v3.1.5b (3.1.5b)

(/usr/share/texlive/texmf-dist/tex/generic/pgf/math/pgfmath.code.tex)
\pgffor@iter=\dimen277
\pgffor@skip=\dimen278
\pgffor@stack=\toks50
\pgffor@toks=\toks51
))
(/usr/share/texlive/texmf-dist/tex/generic/pgf/frontendlayer/tikz/tikz.code.tex
Package: tikz 2020/01/08 v3.1.5b (3.1.5b)

(/usr/share/texlive/texmf-dist/tex/generic/pgf/libraries/pgflibraryplothandlers
.code.tex
File: pgflibraryplothandlers.code.tex 2020/01/08 v3.1.5b (3.1.5b)
\pgf@plot@mark@count=\count342
\pgfplotmarksize=\dimen279
)
\tikz@lastx=\dimen280
\tikz@lasty=\dimen281
\tikz@lastxsaved=\dimen282
\tikz@lastysaved=\dimen283
\tikz@lastmovetox=\dimen284
\tikz@lastmovetoy=\dimen285
\tikzleveldistance=\dimen286
\tikzsiblingdistance=\dimen287
\tikz@figbox=\box72
\tikz@figbox@bg=\box73
\tikz@tempbox=\box74
\tikz@tempbox@bg=\box75
\tikztreelevel=\count343
\tikznumberofchildren=\count344
\tikznumberofcurrentchild=\count345
\tikz@fig@count=\count346

(/usr/share/texlive/texmf-dist/tex/generic/pgf/modules/pgfmodulematrix.code.tex
File: pgfmodulematrix.code.tex 2020/01/08 v3.1.5b (3.1.5b)
\pgfmatrixcurrentrow=\count347
\pgfmatrixcurrentcolumn=\count348
\pgf@matrix@numberofcolumns=\count349
)
\tikz@expandcount=\count350

(/usr/share/texlive/texmf-dist/tex/generic/pgf/frontendlayer/tikz/libraries/tik
zlibrarytopaths.code.tex
File: tikzlibrarytopaths.code.tex 2020/01/08 v3.1.5b (3.1.5b)
)))
(/usr/share/texlive/texmf-dist/tex/generic/pgf/frontendlayer/tikz/libraries/tik
zlibrarypositioning.code.tex
File: tikzlibrarypositioning.code.tex 2020/01/08 v3.1.5b (3.1.5b)
)
(/usr/share/texlive/texmf-dist/tex/generic/pgf/frontendlayer/tikz/libraries/tik
zlibraryshadows.code.tex
File: tikzlibraryshadows.code.tex 2020/01/08 v3.1.5b (3.1.5b)

(/usr/share/texlive/texmf-dist/tex/generic/pgf/frontendlayer/tikz/libraries/tik
zlibraryfadings.code.tex
File: tikzlibraryfadings.code.tex 2020/01/08 v3.1.5b (3.1.5b)

(/usr/share/texlive/texmf-dist/tex/generic/pgf/libraries/pgflibraryfadings.code
.tex
File: pgflibraryfadings.code.tex 2020/01/08 v3.1.5b (3.1.5b)
))) (/usr/share/texlive/texmf-dist/tex/latex/tools/calc.sty
Package: calc 2017/05/25 v4.3 Infix arithmetic (KKT,FJ)
\calc@Acount=\count351
\calc@Bcount=\count352
\calc@Adimen=\dimen288
\calc@Bdimen=\dimen289
\calc@Askip=\skip66
\calc@Bskip=\skip67
LaTeX Info: Redefining \setlength on input line 80.
LaTeX Info: Redefining \addtolength on input line 81.
\calc@Ccount=\count353
\calc@Cskip=\skip68
)
\c@@todonotes@numberoftodonotes=\count354
)
(/usr/share/texlive/texmf-dist/tex/latex/listings/listings.sty
\lst@mode=\count355
\lst@gtempboxa=\box76
\lst@token=\toks52
\lst@length=\count356
\lst@currlwidth=\dimen290
\lst@column=\count357
\lst@pos=\count358
\lst@lostspace=\dimen291
\lst@width=\dimen292
\lst@newlines=\count359
\lst@lineno=\count360
\lst@maxwidth=\dimen293

(/usr/share/texlive/texmf-dist/tex/latex/listings/lstmisc.sty
File: lstmisc.sty 2019/09/10 1.8c (Carsten Heinz)
\c@lstnumber=\count361
\lst@skipnumbers=\count362
\lst@framebox=\box77
)
(/usr/share/texlive/texmf-dist/tex/latex/listings/listings.cfg
File: listings.cfg 2019/09/10 1.8c listings configuration
))
Package scrhack Info: loading listings hack on input line 79.

(/usr/share/texlive/texmf-dist/tex/latex/koma-script/listings.hak
File: listings.hak 2020/01/24 v3.29 KOMA-Script scrhack part (hacking package l
istings)
Package tocbasic Info: setting babel extension for `lol' on input line 137.
Package scrhack Info: redefining \lstlistoflistings on input line 137.
)
Package: listings 2019/09/10 1.8c (Carsten Heinz)
LaTeX Font Info:    Trying to load font information for T1+txtt on input line 1
37.

(/usr/share/texlive/texmf-dist/tex/latex/txfonts/t1txtt.fd
File: t1txtt.fd 2000/12/15 v3.1
)
(./statisticalLearningSummary.aux

LaTeX Warning: Label `fig:1.1' multiply defined.


LaTeX Warning: Label `fig:1.4' multiply defined.


LaTeX Warning: Label `fig:2.1' multiply defined.


LaTeX Warning: Label `fig:2.1' multiply defined.


LaTeX Warning: Label `fig:fig2.8' multiply defined.


LaTeX Warning: Label `fig:fig2.8' multiply defined.


LaTeX Warning: Label `fig:fig2.8' multiply defined.


LaTeX Warning: Label `fig:fig2.8' multiply defined.


LaTeX Warning: Label `fig:fig2.8' multiply defined.

)
\openout1 = `statisticalLearningSummary.aux'.

LaTeX Font Info:    Checking defaults for OML/cmm/m/it on input line 231.
LaTeX Font Info:    ... okay on input line 231.
LaTeX Font Info:    Checking defaults for OMS/cmsy/m/n on input line 231.
LaTeX Font Info:    ... okay on input line 231.
LaTeX Font Info:    Checking defaults for OT1/cmr/m/n on input line 231.
LaTeX Font Info:    ... okay on input line 231.
LaTeX Font Info:    Checking defaults for T1/cmr/m/n on input line 231.
LaTeX Font Info:    ... okay on input line 231.
LaTeX Font Info:    Checking defaults for TS1/cmr/m/n on input line 231.
LaTeX Font Info:    ... okay on input line 231.
LaTeX Font Info:    Checking defaults for OMX/cmex/m/n on input line 231.
LaTeX Font Info:    ... okay on input line 231.
LaTeX Font Info:    Checking defaults for U/cmr/m/n on input line 231.
LaTeX Font Info:    ... okay on input line 231.
LaTeX Font Info:    Checking defaults for PD1/pdf/m/n on input line 231.
LaTeX Font Info:    ... okay on input line 231.
LaTeX Font Info:    Trying to load font information for T1+lmr on input line 23
1.
 (/usr/share/texmf/tex/latex/lm/t1lmr.fd
File: t1lmr.fd 2009/10/30 v1.6 Font defs for Latin Modern
)
\AtBeginShipoutBox=\box78
Package hyperref Info: Link coloring OFF on input line 231.

(/usr/share/texlive/texmf-dist/tex/latex/hyperref/nameref.sty
Package: nameref 2019/09/16 v2.46 Cross-referencing by name of section

(/usr/share/texlive/texmf-dist/tex/latex/refcount/refcount.sty
Package: refcount 2019/12/15 v3.6 Data extraction from label references (HO)
)
(/usr/share/texlive/texmf-dist/tex/generic/gettitlestring/gettitlestring.sty
Package: gettitlestring 2019/12/15 v1.6 Cleanup title references (HO)
)
\c@section@level=\count363
)
LaTeX Info: Redefining \ref on input line 231.
LaTeX Info: Redefining \pageref on input line 231.
LaTeX Info: Redefining \nameref on input line 231.

(./statisticalLearningSummary.out) (./statisticalLearningSummary.out)
\@outlinefile=\write4
\openout4 = `statisticalLearningSummary.out'.


(/usr/share/texlive/texmf-dist/tex/latex/translator/translator-basic-dictionary
-English.dict
Dictionary: translator-basic-dictionary, Language: English 
)
(/usr/share/texlive/texmf-dist/tex/latex/siunitx/siunitx-abbreviations.cfg
File: siunitx-abbreviations.cfg 2017/11/26 v2.7k siunitx: Abbreviated units
)
Package caption Info: Begin \AtBeginDocument code.
Package caption Info: listings package is loaded.
Package caption Info: End \AtBeginDocument code.

(/usr/share/texlive/texmf-dist/tex/context/base/mkii/supp-pdf.mkii
[Loading MPS to PDF converter (version 2006.09.02).]
\scratchcounter=\count364
\scratchdimen=\dimen294
\scratchbox=\box79
\nofMPsegments=\count365
\nofMParguments=\count366
\everyMPshowfont=\toks53
\MPscratchCnt=\count367
\MPscratchDim=\dimen295
\MPnumerator=\count368
\makeMPintoPDFobject=\count369
\everyMPtoPDFconversion=\toks54
) (/usr/share/texlive/texmf-dist/tex/latex/epstopdf-pkg/epstopdf-base.sty
Package: epstopdf-base 2020-01-24 v2.11 Base part for package epstopdf
Package epstopdf-base Info: Redefining graphics rule for `.eps' on input line 4
85.

(/usr/share/texlive/texmf-dist/tex/latex/latexconfig/epstopdf-sys.cfg
File: epstopdf-sys.cfg 2010/07/13 v1.3 Configuration of (r)epstopdf for TeX Liv
e
))
ABD: EveryShipout initializing macros
\c@lstlisting=\count370
Package scrhack Info: undefining \float@addtolists on input line 231.
LaTeX Font Info:    Trying to load font information for OT1+lmr on input line 2
31.
 (/usr/share/texmf/tex/latex/lm/ot1lmr.fd
File: ot1lmr.fd 2009/10/30 v1.6 Font defs for Latin Modern
)
LaTeX Font Info:    Trying to load font information for OML+lmm on input line 2
31.
(/usr/share/texmf/tex/latex/lm/omllmm.fd
File: omllmm.fd 2009/10/30 v1.6 Font defs for Latin Modern
)
LaTeX Font Info:    Trying to load font information for OMS+lmsy on input line 
231.

(/usr/share/texmf/tex/latex/lm/omslmsy.fd
File: omslmsy.fd 2009/10/30 v1.6 Font defs for Latin Modern
)
LaTeX Font Info:    Trying to load font information for OMX+lmex on input line 
231.

(/usr/share/texmf/tex/latex/lm/omxlmex.fd
File: omxlmex.fd 2009/10/30 v1.6 Font defs for Latin Modern
)
LaTeX Font Info:    External font `lmex10' loaded for size
(Font)              <10> on input line 231.
LaTeX Font Info:    External font `lmex10' loaded for size
(Font)              <7> on input line 231.
LaTeX Font Info:    External font `lmex10' loaded for size
(Font)              <5> on input line 231.
LaTeX Font Info:    Trying to load font information for U+msa on input line 231
.

(/usr/share/texlive/texmf-dist/tex/latex/amsfonts/umsa.fd
File: umsa.fd 2013/01/14 v3.01 AMS symbols A
)
LaTeX Font Info:    Trying to load font information for U+msb on input line 231
.

(/usr/share/texlive/texmf-dist/tex/latex/amsfonts/umsb.fd
File: umsb.fd 2013/01/14 v3.01 AMS symbols B
)
LaTeX Font Info:    Trying to load font information for OT1+lmss on input line 
231.

(/usr/share/texmf/tex/latex/lm/ot1lmss.fd
File: ot1lmss.fd 2009/10/30 v1.6 Font defs for Latin Modern
)
LaTeX Font Info:    Trying to load font information for OT1+lmtt on input line 
231.

(/usr/share/texmf/tex/latex/lm/ot1lmtt.fd
File: ot1lmtt.fd 2009/10/30 v1.6 Font defs for Latin Modern
)
LaTeX Font Info:    External font `lmex10' loaded for size
(Font)              <12> on input line 234.
LaTeX Font Info:    External font `lmex10' loaded for size
(Font)              <8> on input line 234.
LaTeX Font Info:    External font `lmex10' loaded for size
(Font)              <6> on input line 234.
 [1


{/var/lib/texmf/fonts/map/pdftex/updmap/pdftex.map}] [2] (./statisticalLearning
Summary.toc [3

])
\tf@toc=\write5
\openout5 = `statisticalLearningSummary.toc'.

 [4]
Chapter 1.
(./chap/1_introductionToStatisticalLearning.tex
(./chap/1chap/1_StatisticalLearning.tex
(./chap/1chap/1sec/1_whatIsStatisticalLearning.tex
LaTeX Font Info:    Trying to load font information for TS1+lmr on input line 4
.

(/usr/share/texmf/tex/latex/lm/ts1lmr.fd
File: ts1lmr.fd 2009/10/30 v1.6 Font defs for Latin Modern
)
<./chap/1chap/1sec/1images/1_1estimationOfF.png, id=373, 548.0475pt x 290.08376
pt>
File: ./chap/1chap/1sec/1images/1_1estimationOfF.png Graphic file (type png)
<use ./chap/1chap/1sec/1images/1_1estimationOfF.png>
Package pdftex.def Info: ./chap/1chap/1sec/1images/1_1estimationOfF.png  used o
n input line 21.
(pdftex.def)             Requested size: 172.5pt x 91.30603pt.
<./chap/1chap/1sec/1images/1_2estimationF2D.png, id=375, 478.78876pt x 372.3912
5pt>
File: ./chap/1chap/1sec/1images/1_2estimationF2D.png Graphic file (type png)
<use ./chap/1chap/1sec/1images/1_2estimationF2D.png>
Package pdftex.def Info: ./chap/1chap/1sec/1images/1_2estimationF2D.png  used o
n input line 27.
(pdftex.def)             Requested size: 172.5pt x 134.16302pt.

Overfull \hbox (168.3389pt too wide) in paragraph at lines 8--30
[]$
 []


Underfull \hbox (badness 10000) in paragraph at lines 8--30

 []


Underfull \vbox (badness 2600) has occurred while \output is active []

 [5

 <./chap/1chap/1sec/1images/1_1estimationOfF.png>]
Overfull \hbox (71.23698pt too wide) in paragraph at lines 35--51
[]$ 
 []


Underfull \hbox (badness 10000) in paragraph at lines 55--58

 []

[6 <./chap/1chap/1sec/1images/1_2estimationF2D.png>]
<./chap/1chap/1sec/1images/1_3linearEstimation.png, id=403, 450.68375pt x 352.3
1625pt>
File: ./chap/1chap/1sec/1images/1_3linearEstimation.png Graphic file (type png)

<use ./chap/1chap/1sec/1images/1_3linearEstimation.png>
Package pdftex.def Info: ./chap/1chap/1sec/1images/1_3linearEstimation.png  use
d on input line 97.
(pdftex.def)             Requested size: 155.25224pt x 142.2626pt.
LaTeX Font Info:    External font `lmex10' loaded for size
(Font)              <9> on input line 98.
<./chap/1chap/1sec/1images/1_4BestEstimation.png, id=404, 454.69875pt x 334.248
75pt>
File: ./chap/1chap/1sec/1images/1_4BestEstimation.png Graphic file (type png)
<use ./chap/1chap/1sec/1images/1_4BestEstimation.png>
Package pdftex.def Info: ./chap/1chap/1sec/1images/1_4BestEstimation.png  used 
on input line 102.
(pdftex.def)             Requested size: 155.24771pt x 142.26549pt.

Overfull \hbox (2.22221pt too wide) in paragraph at lines 96--106
[]$[]$ $[]$ 
 []


Overfull \hbox (175.99283pt too wide) in paragraph at lines 94--108
[][][]\T1/lmr/m/n/10 . 
 []

<./chap/1chap/1sec/1images/1_5ToChooseAgoodApproach.png, id=405, 554.07pt x 335
.2525pt>
File: ./chap/1chap/1sec/1images/1_5ToChooseAgoodApproach.png Graphic file (type
 png)
<use ./chap/1chap/1sec/1images/1_5ToChooseAgoodApproach.png>
Package pdftex.def Info: ./chap/1chap/1sec/1images/1_5ToChooseAgoodApproach.png
  used on input line 124.
(pdftex.def)             Requested size: 241.49895pt x 146.12524pt.
[7 <./chap/1chap/1sec/1images/1_3linearEstimation.png> <./chap/1chap/1sec/1imag
es/1_4BestEstimation.png>]
<./chap/1chap/1sec/1images/1_6Clustering.png, id=424, 616.3025pt x 309.155pt>
File: ./chap/1chap/1sec/1images/1_6Clustering.png Graphic file (type png)
<use ./chap/1chap/1sec/1images/1_6Clustering.png>
Package pdftex.def Info: ./chap/1chap/1sec/1images/1_6Clustering.png  used on i
nput line 138.
(pdftex.def)             Requested size: 241.49895pt x 121.14075pt.
) (./chap/1chap/1sec/2_assessingModelAccuracy.tex
<./chap/1chap/1sec/2images/2_1trainingMSEandTestMSE.png, id=425, 770.88pt x 406
.51875pt>
File: ./chap/1chap/1sec/2images/2_1trainingMSEandTestMSE.png Graphic file (type
 png)
<use ./chap/1chap/1sec/2images/2_1trainingMSEandTestMSE.png>
Package pdftex.def Info: ./chap/1chap/1sec/2images/2_1trainingMSEandTestMSE.png
  used on input line 19.
(pdftex.def)             Requested size: 345.0pt x 181.93306pt.

Overfull \hbox (71.7154pt too wide) in paragraph at lines 2--25
\T1/lmr/m/n/10 used mea-sure of model ac-cu-racy is the []\T1/lmr/m/it/10 Mean 
Squared Er-ror (MSE)[]\T1/lmr/m/n/10 :[][][] 
 []

[8 <./chap/1chap/1sec/1images/1_5ToChooseAgoodApproach.png> <./chap/1chap/1sec/
1images/1_6Clustering.png>]
<./chap/1chap/1sec/2images/2_2biaisVarianceMSE.png, id=438, 806.01125pt x 362.3
5374pt>
File: ./chap/1chap/1sec/2images/2_2biaisVarianceMSE.png Graphic file (type png)

<use ./chap/1chap/1sec/2images/2_2biaisVarianceMSE.png>
Package pdftex.def Info: ./chap/1chap/1sec/2images/2_2biaisVarianceMSE.png  use
d on input line 47.
(pdftex.def)             Requested size: 345.0pt x 155.10135pt.

Overfull \hbox (83.39949pt too wide) in paragraph at lines 36--50
 []\T1/lmr/bx/n/10 The Bias-Variance Trade-Off[] [][][]
 []


Overfull \hbox (109.34451pt too wide) in paragraph at lines 36--50
[]$ 
 []

[9 <./chap/1chap/1sec/2images/2_1trainingMSEandTestMSE.png>]))
(./chap/1chap/2_LinearRegression.tex
(./chap/1chap/2sec/1_simpleLinearRegression.tex [10 <./chap/1chap/1sec/2images/
2_2biaisVarianceMSE.png>]
<./chap/1chap/2sec/1images/1_leastSquares.png, id=455, 810.02625pt x 510.90875p
t>
File: ./chap/1chap/2sec/1images/1_leastSquares.png Graphic file (type png)
<use ./chap/1chap/2sec/1images/1_leastSquares.png>
Package pdftex.def Info: ./chap/1chap/2sec/1images/1_leastSquares.png  used on 
input line 23.
(pdftex.def)             Requested size: 103.50105pt x 65.27448pt.
<./chap/1chap/2sec/1images/2_leastSquaresCoefficients.png, id=456, 721.69624pt 
x 350.30875pt>
File: ./chap/1chap/2sec/1images/2_leastSquaresCoefficients.png Graphic file (ty
pe png)
<use ./chap/1chap/2sec/1images/2_leastSquaresCoefficients.png>
Package pdftex.def Info: ./chap/1chap/2sec/1images/2_leastSquaresCoefficients.p
ng  used on input line 30.
(pdftex.def)             Requested size: 172.5pt x 83.72836pt.
<./chap/1chap/2sec/1images/3_leastSquaredErrorLineVsPopulationRegressionLine.pn
g, id=457, 793.96625pt x 400.49625pt>
File: ./chap/1chap/2sec/1images/3_leastSquaredErrorLineVsPopulationRegressionLi
ne.png Graphic file (type png)
<use ./chap/1chap/2sec/1images/3_leastSquaredErrorLineVsPopulationRegressionLin
e.png>
Package pdftex.def Info: ./chap/1chap/2sec/1images/3_leastSquaredErrorLineVsPop
ulationRegressionLine.png  used on input line 50.
(pdftex.def)             Requested size: 345.0pt x 174.03113pt.

Overfull \hbox (329.01112pt too wide) in paragraph at lines 37--58
\T1/lmr/m/n/10 that there is a re-la-tion be-tween $\OML/lmm/m/it/10 X[]Y$ \T1/
lmr/m/n/10 then $\OML/lmm/m/it/10 Y \OT1/lmr/m/n/10 = \OML/lmm/m/it/10 f [] \OT
1/lmr/m/n/10 + \OML/lmm/m/it/10 ^^O []$ 
 []

[11 <./chap/1chap/2sec/1images/1_leastSquares.png> <./chap/1chap/2sec/1images/2
_leastSquaresCoefficients.png>]
Package hyperref Info: bookmark level for unknown todo defaults to 0 on input l
ine 78.

Underfull \hbox (badness 10000) in paragraph at lines 78--87

 []

[12 <./chap/1chap/2sec/1images/3_leastSquaredErrorLineVsPopulationRegressionLin
e.png>]
Overfull \hbox (66.072pt too wide) in paragraph at lines 90--103
[]$ 
 []

[13]) (./chap/1chap/2sec/2_multipleLinearRegression.tex
<./chap/1chap/2sec/2images/1leastSquaresPlan.png, id=483, 464.73625pt x 497.86p
t>
File: ./chap/1chap/2sec/2images/1leastSquaresPlan.png Graphic file (type png)
<use ./chap/1chap/2sec/2images/1leastSquaresPlan.png>
Package pdftex.def Info: ./chap/1chap/2sec/2images/1leastSquaresPlan.png  used 
on input line 32.
(pdftex.def)             Requested size: 120.74947pt x 129.34938pt.
<./chap/1chap/2sec/2images/11projection.png, id=484, 450.68375pt x 346.29375pt>

File: ./chap/1chap/2sec/2images/11projection.png Graphic file (type png)
<use ./chap/1chap/2sec/2images/11projection.png>
Package pdftex.def Info: ./chap/1chap/2sec/2images/11projection.png  used on in
put line 38.
(pdftex.def)             Requested size: 172.5pt x 132.5441pt.
 [14] [15 <./chap/1chap/2sec/2images/1leastSquaresPlan.png> <./chap/1chap/2sec/
2images/11projection.png>]
Underfull \hbox (badness 10000) in paragraph at lines 147--184

 []

[16]
<./chap/1chap/2sec/2images/3_1regressionImage.png, id=520, 453.695pt x 341.275p
t>
File: ./chap/1chap/2sec/2images/3_1regressionImage.png Graphic file (type png)
<use ./chap/1chap/2sec/2images/3_1regressionImage.png>
Package pdftex.def Info: ./chap/1chap/2sec/2images/3_1regressionImage.png  used
 on input line 224.
(pdftex.def)             Requested size: 172.5pt x 129.75354pt.

Underfull \vbox (badness 5592) has occurred while \output is active []

 [17]
(/usr/share/texlive/texmf-dist/tex/latex/listings/lstlang1.sty
File: lstlang1.sty 2019/09/10 1.8c listings language file
)
LaTeX Font Info:    Trying to load font information for T1+lmtt on input line 2
72.

(/usr/share/texmf/tex/latex/lm/t1lmtt.fd
File: t1lmtt.fd 2009/10/30 v1.6 Font defs for Latin Modern
) [18 <./chap/1chap/2sec/2images/3_1regressionImage.png>]
(/usr/share/texlive/texmf-dist/tex/latex/listings/lstlang1.sty
File: lstlang1.sty 2019/09/10 1.8c listings language file
)
(/usr/share/texlive/texmf-dist/tex/latex/listings/lstlang2.sty
File: lstlang2.sty 2019/09/10 1.8c listings language file
)
(/usr/share/texlive/texmf-dist/tex/latex/listings/lstlang3.sty
File: lstlang3.sty 2019/09/10 1.8c listings language file
)
Underfull \hbox (badness 10000) in paragraph at lines 294--299

 []

<./chap/1chap/2sec/2images/2_6dataPlot.png, id=537, 659.46375pt x 421.575pt>
File: ./chap/1chap/2sec/2images/2_6dataPlot.png Graphic file (type png)
<use ./chap/1chap/2sec/2images/2_6dataPlot.png>
Package pdftex.def Info: ./chap/1chap/2sec/2images/2_6dataPlot.png  used on inp
ut line 411.
(pdftex.def)             Requested size: 345.0pt x 220.55182pt.
[19]) (./chap/1chap/2sec/3_assumptionChecking.tex [20 <./chap/1chap/2sec/2image
s/2_6dataPlot.png>]
Overfull \hbox (4.65263pt too wide) in paragraph at lines 63--72
\T1/lmr/m/n/10 ti-fy-ing on-linearity.$[]$ The
 []


Underfull \vbox (badness 5533) has occurred while \output is active []

 [21]
<./chap/1chap/2sec/2images/2_7residualAsTimeSeries.png, id=633, 773.89125pt x 6
61.47125pt>
File: ./chap/1chap/2sec/2images/2_7residualAsTimeSeries.png Graphic file (type 
png)
<use ./chap/1chap/2sec/2images/2_7residualAsTimeSeries.png>
Package pdftex.def Info: ./chap/1chap/2sec/2images/2_7residualAsTimeSeries.png 
 used on input line 111.
(pdftex.def)             Requested size: 172.5pt x 147.44183pt.

Underfull \vbox (badness 10000) has occurred while \output is active []

 [22]
[23 <./chap/1chap/2sec/2images/2_7residualAsTimeSeries.png>]
Overfull \hbox (74.84969pt too wide) detected at line 176
\OML/lmm/m/it/10 y[] \OT1/lmr/m/n/10 = \OML/lmm/m/it/10 ^^L[] \OT1/lmr/m/n/10 +
 \OML/lmm/m/it/10 ^^L[]X[] \OT1/lmr/m/n/10 + \OML/lmm/m/it/10 ^^L[]X[] \OT1/lmr
/m/n/10 + \OML/lmm/m/it/10 u[] []
 []

[24]
<./chap/1chap/2sec/2images/2_8correctionOfNonConstantErrorTerms.png, id=718, 77
3.89125pt x 367.3725pt>
File: ./chap/1chap/2sec/2images/2_8correctionOfNonConstantErrorTerms.png Graphi
c file (type png)
<use ./chap/1chap/2sec/2images/2_8correctionOfNonConstantErrorTerms.png>
Package pdftex.def Info: ./chap/1chap/2sec/2images/2_8correctionOfNonConstantEr
rorTerms.png  used on input line 235.
(pdftex.def)             Requested size: 345.0pt x 163.77454pt.
 [25 <./chap/1chap/2sec/2images/2_8correctionOfNonConstantErrorTerms.png>]
Overfull \hbox (73.84097pt too wide) detected at line 361
[] \OMS/lmsy/m/n/10 )
 []

[26] [27]
Underfull \hbox (badness 10000) in paragraph at lines 502--506

 []

<./chap/1chap/2sec/3images/6_heteroscedasticity.PNG, id=749, 366.61969pt x 214.
55156pt>
File: ./chap/1chap/2sec/3images/6_heteroscedasticity.PNG Graphic file (type png
)
<use ./chap/1chap/2sec/3images/6_heteroscedasticity.PNG>
Package pdftex.def Info: ./chap/1chap/2sec/3images/6_heteroscedasticity.PNG  us
ed on input line 527.
(pdftex.def)             Requested size: 345.0pt x 201.91092pt.

Underfull \vbox (badness 1406) has occurred while \output is active []

 [28]
Underfull \hbox (badness 10000) in paragraph at lines 533--547

 []

[29 <./chap/1chap/2sec/3images/6_heteroscedasticity.PNG>]
Underfull \hbox (badness 10000) in paragraph at lines 594--595

 []


Overfull \hbox (65.0859pt too wide) detected at line 611
\OT1/lmr/m/n/10 ^^F(\OML/lmm/b/it/10 \OT1/lmr/m/n/10 ) = [] = \OML/lmm/m/it/10
 ^^[[]\OT1/lmr/bx/n/10 
\OT1/lmr/m/n/10 (\OML/lmm/b/it/10 \OT1/lmr/m/n/10 ) = \OML/lmm/m/it/10 ^^[[] [
]
 []

[30]
Overfull \hbox (58.78476pt too wide) in paragraph at lines 671--679
[]\T1/lmr/m/n/10 The \T1/lmr/bx/n/10 White test for het-eroscedas-tic-ity \T1/l
mr/m/n/10 is based on: $[]$
 []

[31]
<./chap/1chap/2sec/2images/2_9outliers.png, id=810, 804.00375pt x 236.885pt>
File: ./chap/1chap/2sec/2images/2_9outliers.png Graphic file (type png)
<use ./chap/1chap/2sec/2images/2_9outliers.png>
Package pdftex.def Info: ./chap/1chap/2sec/2images/2_9outliers.png  used on inp
ut line 734.
(pdftex.def)             Requested size: 345.0pt x 101.6453pt.

Overfull \hbox (64.85924pt too wide) in paragraph at lines 783--817
\T1/lmr/m/n/10 method, its prinici-ple is to min-i-mize the resid-ual fun-cion 
$\OML/lmm/m/it/10 ^^Z$\T1/lmr/m/n/10 : $[] \OT1/lmr/m/n/10 = [] \OML/lmm/m/it/1
0 ^^Z []$\T1/lmr/m/n/10 ,
 []


Overfull \hbox (10.45593pt too wide) in paragraph at lines 783--817
\T1/lmr/m/n/10 If we use Tukey's ob-jec-tive func-tion we have $\OML/lmm/m/it/1
0 ^^Z$\T1/lmr/m/n/10 : $[]$ 
 []

[32 <./chap/1chap/2sec/2images/2_9outliers.png>] [33]
<./chap/1chap/2sec/2images/2_10highLeveragePoints.png, id=841, 786.94pt x 239.8
9626pt>
File: ./chap/1chap/2sec/2images/2_10highLeveragePoints.png Graphic file (type p
ng)
<use ./chap/1chap/2sec/2images/2_10highLeveragePoints.png>
Package pdftex.def Info: ./chap/1chap/2sec/2images/2_10highLeveragePoints.png  
used on input line 894.
(pdftex.def)             Requested size: 345.0pt x 105.17032pt.
 [34]
Underfull \hbox (badness 10000) in paragraph at lines 926--929

 []

[35 <./chap/1chap/2sec/2images/2_10highLeveragePoints.png>]
<./chap/1chap/2sec/2images/2_11collinearity.png, id=864, 968.61874pt x 444.6612
5pt>
File: ./chap/1chap/2sec/2images/2_11collinearity.png Graphic file (type png)
<use ./chap/1chap/2sec/2images/2_11collinearity.png>
Package pdftex.def Info: ./chap/1chap/2sec/2images/2_11collinearity.png  used o
n input line 951.
(pdftex.def)             Requested size: 345.0pt x 158.38168pt.
<./chap/1chap/2sec/2images/2_12contourPlotCollinearity.png, id=865, 997.7275pt 
x 437.635pt>
File: ./chap/1chap/2sec/2images/2_12contourPlotCollinearity.png Graphic file (t
ype png)
<use ./chap/1chap/2sec/2images/2_12contourPlotCollinearity.png>
Package pdftex.def Info: ./chap/1chap/2sec/2images/2_12contourPlotCollinearity.
png  used on input line 959.
(pdftex.def)             Requested size: 345.0pt x 151.3248pt.
<./chap/1chap/2sec/2images/2_13collinearModelAndNonCollinearModel.png, id=866, 
983.675pt x 288.07625pt>
File: ./chap/1chap/2sec/2images/2_13collinearModelAndNonCollinearModel.png Grap
hic file (type png)
<use ./chap/1chap/2sec/2images/2_13collinearModelAndNonCollinearModel.png>
Package pdftex.def Info: ./chap/1chap/2sec/2images/2_13collinearModelAndNonColl
inearModel.png  used on input line 971.
(pdftex.def)             Requested size: 345.0pt x 101.03479pt.
 [36 <./chap/1chap/2sec/2images/2_11collinearity.png> <./chap/1chap/2sec/2image
s/2_12contourPlotCollinearity.png>]) (./chap/1chap/2sec/4_anova_ancova.tex
Underfull \hbox (badness 10000) in paragraph at lines 33--36

 []

[37 <./chap/1chap/2sec/2images/2_13collinearModelAndNonCollinearModel.png>]
Underfull \hbox (badness 10000) in paragraph at lines 63--66

 []

<./chap/1chap/2sec/3images/3_anovaInterGrp.PNG, id=897, 486.31688pt x 133.24782
pt>
File: ./chap/1chap/2sec/3images/3_anovaInterGrp.PNG Graphic file (type png)
<use ./chap/1chap/2sec/3images/3_anovaInterGrp.PNG>
Package pdftex.def Info: ./chap/1chap/2sec/3images/3_anovaInterGrp.PNG  used on
 input line 71.
(pdftex.def)             Requested size: 345.0pt x 94.5273pt.
<./chap/1chap/2sec/3images/4_anovaBtw.PNG, id=898, 475.7775pt x 133.24782pt>
File: ./chap/1chap/2sec/3images/4_anovaBtw.PNG Graphic file (type png)
<use ./chap/1chap/2sec/3images/4_anovaBtw.PNG>
Package pdftex.def Info: ./chap/1chap/2sec/3images/4_anovaBtw.PNG  used on inpu
t line 92.
(pdftex.def)             Requested size: 345.0pt x 96.62556pt.
[38 <./chap/1chap/2sec/3images/3_anovaInterGrp.PNG>]
Underfull \hbox (badness 10000) in paragraph at lines 109--113

 []


Underfull \hbox (badness 10000) in paragraph at lines 114--119

 []

[39 <./chap/1chap/2sec/3images/4_anovaBtw.PNG>]
Overfull \hbox (7.15897pt too wide) in paragraph at lines 148--165
$\OML/lmm/m/it/10 SS[]$ \T1/lmr/m/n/10 cor-re-sponds to de-nom-i-na-tor of \T1/
lmr/m/it/10 t-statistic\T1/lmr/m/n/10 : $\OML/lmm/m/it/10 s \OT1/lmr/m/n/10 = [
]$ 
 []


Overfull \hbox (61.46603pt too wide) in paragraph at lines 148--165
\T1/lmr/m/n/10 Null hy-poth-e-sis $\OML/lmm/m/it/10 H[] \OT1/lmr/m/n/10 : \OML/
lmm/m/it/10 ^^V[] \OT1/lmr/m/n/10 = \OML/lmm/m/it/10 ^^V[]$ \T1/lmr/m/n/10 or $
\OML/lmm/m/it/10 [] \OT1/lmr/m/n/10 = \OML/lmm/m/it/10 [] \OT1/lmr/m/n/10 = 0
$ \T1/lmr/m/it/10 F-test $[] \OML/lmm/m/it/10 ,[]\OMS/lmsy/m/n/10 ! N [] [] 
 []


Underfull \hbox (badness 10000) in paragraph at lines 148--165

 []


Underfull \hbox (badness 10000) in paragraph at lines 179--182

 []


Overfull \hbox (92.5705pt too wide) in paragraph at lines 198--199
 [][][] 
 []

[40]
Overfull \hbox (50.3268pt too wide) detected at line 210
[]
 []


Overfull \hbox (20.55722pt too wide) in paragraph at lines 232--235
 []\T1/lmr/bx/n/10 When is AN-COVA used?[] \T1/lmr/m/n/10 It is usu-ally used f
or anal-y-sis of quasi-experimental
 []


Overfull \hbox (17.28615pt too wide) in paragraph at lines 236--239
 []\T1/lmr/bx/n/10 Relation to Re-peated Mea-sures ANOVA[] \T1/lmr/m/n/10 The r
e-peated mea-sures ANOVA
 []


Overfull \hbox (7.4521pt too wide) in paragraph at lines 240--251
 []\T1/lmr/bx/n/10 Adjusted Means[] \T1/lmr/m/n/10 AN-COVA pro-ce-dures will pr
o-duce ad-justed means, which
 []

[41])) (./chap/1chap/3_Classification.tex
(./chap/1chap/3sec/2_whyNotLinearRegression.tex)
(./chap/1chap/3sec/3_logisticRegression.tex
<./chap/1chap/3sec/3images/1ProbabilityOfDefault.png, id=932, 860.21375pt x 326
.21875pt>
File: ./chap/1chap/3sec/3images/1ProbabilityOfDefault.png Graphic file (type pn
g)
<use ./chap/1chap/3sec/3images/1ProbabilityOfDefault.png>
Package pdftex.def Info: ./chap/1chap/3sec/3images/1ProbabilityOfDefault.png  u
sed on input line 6.
(pdftex.def)             Requested size: 345.0pt x 130.83362pt.

Overfull \hbox (20.37602pt too wide) in paragraph at lines 3--14
 []\T1/lmr/bx/n/10 The lo-gis-tic model[] \T1/lmr/m/it/10 How should we model t
he re-la-tion-ship be-tween $\U/msb/m/n/10 P[] []$
 []

[42] [43 <./chap/1chap/3sec/3images/1ProbabilityOfDefault.png>]
Overfull \hbox (54.96939pt too wide) in paragraph at lines 78--84
 []\T1/lmr/bx/n/10 Marketing Plan[] $[]$ 
 []

[44]
Overfull \hbox (13.54128pt too wide) in paragraph at lines 160--163
[]\T1/lmr/m/n/10 Let $\OML/lmm/b/it/10 p$ \T1/lmr/m/n/10 de-note the vec-tor of
 fit-ted prob-a-bil-i-ties with $\OML/lmm/m/it/10 i[]$ \T1/lmr/m/n/10 el-e-ment
 $\OML/lmm/m/it/10 p\OT1/lmr/m/n/10 (\OML/lmm/m/it/10 x[]\OT1/lmr/m/n/10 ; \OML
/lmm/m/it/10 ^^L[]\OT1/lmr/m/n/10 )[]\OML/lmm/b/it/10 W$
 []

[45]
Overfull \hbox (47.91385pt too wide) in paragraph at lines 215--218
[]\T1/lmr/m/n/10 A cen-tral limit the-o-rem then shows that the dis-tri-bu-tion
 of $[] \OML/lmm/m/it/10 ,[]\OMS/lmsy/m/n/10 ! N []$ 
 []

) (./chap/1chap/3sec/4_linearDiscriminantAnalysis.tex [46]
Overfull \hbox (16.67699pt too wide) in paragraph at lines 27--42
\T1/lmr/m/n/10 Knowing that $\OML/lmm/m/it/10 ^^[[] \OT1/lmr/m/n/10 = [] = \OML
/lmm/m/it/10 ^^[[]$ \T1/lmr/m/n/10 and tak-ing the log of $\OML/lmm/m/it/10 p[]
\OT1/lmr/m/n/10 (\OML/lmm/m/it/10 x\OT1/lmr/m/n/10 ) = []$ 
 []


Overfull \hbox (5.60197pt too wide) in paragraph at lines 54--79
\OML/lmm/m/it/10 ^^V \OT1/lmr/m/n/10 = [] []^^F = [] [] 
 []

[47] [48] [49]) (./chap/1chap/3sec/5_aComparisonOfClassificationMethods.tex
[50]) (./chap/1chap/3sec/8_separatingHyperplanes.tex
<./chap/1chap/3sec/8images/1_hyperplaneAffine.PNG, id=1053, 353.06906pt x 304.1
3625pt>
File: ./chap/1chap/3sec/8images/1_hyperplaneAffine.PNG Graphic file (type png)
<use ./chap/1chap/3sec/8images/1_hyperplaneAffine.PNG>
Package pdftex.def Info: ./chap/1chap/3sec/8images/1_hyperplaneAffine.PNG  used
 on input line 25.
(pdftex.def)             Requested size: 137.9979pt x 118.87253pt.
 [51]

Package amsmath Warning: Foreign command \atopwithdelims;
(amsmath)                \frac or \genfrac should be used instead
(amsmath)                 on input line 48.

)) (./chap/1chap/4_ResamplingMethods.tex
(./chap/1chap/4sec/1_crossValidation.tex [52 <./chap/1chap/3sec/8images/1_hyper
planeAffine.PNG>]
Underfull \hbox (badness 10000) in paragraph at lines 66--68

 []

[53]
Underfull \hbox (badness 10000) in paragraph at lines 69--75

 []


Underfull \hbox (badness 10000) in paragraph at lines 88--91

 []


Underfull \hbox (badness 10000) in paragraph at lines 92--96

 []


Underfull \hbox (badness 10000) in paragraph at lines 98--107

 []

[54]) (./chap/1chap/4sec/2_theBootstrap.tex
Underfull \hbox (badness 10000) in paragraph at lines 2--3

 []

<./chap/1chap/4sec/3_bootstrap.png, id=1101, 694.595pt x 460.72125pt>
File: ./chap/1chap/4sec/3_bootstrap.png Graphic file (type png)
<use ./chap/1chap/4sec/3_bootstrap.png>
Package pdftex.def Info: ./chap/1chap/4sec/3_bootstrap.png  used on input line 
6.
(pdftex.def)             Requested size: 241.49895pt x 160.18628pt.
)) (./chap/1chap/5_LinearModelSelectionAndRegularization.tex
(./chap/1chap/5sec/1_subsetSelection.tex [55 <./chap/1chap/4sec/3_bootstrap.png
>]
Underfull \hbox (badness 10000) in paragraph at lines 24--27

 []


Underfull \hbox (badness 10000) in paragraph at lines 28--31

 []

[56] [57] [58] [59] [60] [61]
Underfull \hbox (badness 10000) in paragraph at lines 336--338

 []

) (./chap/1chap/5sec/2_shrinkageMethods.tex
Underfull \hbox (badness 10000) in paragraph at lines 10--13

 []

[62]
<./chap/1chap/5sec/images/4_PrincipalComponentsRidge.png, id=1233, 465.74pt x 4
67.7475pt>
File: ./chap/1chap/5sec/images/4_PrincipalComponentsRidge.png Graphic file (typ
e png)
<use ./chap/1chap/5sec/images/4_PrincipalComponentsRidge.png>
Package pdftex.def Info: ./chap/1chap/5sec/images/4_PrincipalComponentsRidge.pn
g  used on input line 64.
(pdftex.def)             Requested size: 172.5pt x 173.24228pt.
 [63 <./chap/1chap/5sec/images/4_PrincipalComponentsRidge.png>]
Overfull \hbox (42.9032pt too wide) in paragraph at lines 121--122
 [][][] 
 []

<./chap/1chap/5sec/images/1RSSelipses.png, id=1240, 727.71875pt x 354.32375pt>
File: ./chap/1chap/5sec/images/1RSSelipses.png Graphic file (type png)
<use ./chap/1chap/5sec/images/1RSSelipses.png>
Package pdftex.def Info: ./chap/1chap/5sec/images/1RSSelipses.png  used on inpu
t line 128.
(pdftex.def)             Requested size: 345.0pt x 167.98112pt.

Underfull \vbox (badness 2478) has occurred while \output is active []

 [64]
Underfull \hbox (badness 10000) in paragraph at lines 148--155

 []

<./chap/1chap/5sec/images/2bayesianPointOfView.png, id=1257, 675.52374pt x 270.
00874pt>
File: ./chap/1chap/5sec/images/2bayesianPointOfView.png Graphic file (type png)

<use ./chap/1chap/5sec/images/2bayesianPointOfView.png>
Package pdftex.def Info: ./chap/1chap/5sec/images/2bayesianPointOfView.png  use
d on input line 195.
(pdftex.def)             Requested size: 345.0pt x 137.90039pt.
[65 <./chap/1chap/5sec/images/1RSSelipses.png>]
<./chap/1chap/5sec/images/5_penaltyContours.png, id=1266, 689.57625pt x 136.51p
t>
File: ./chap/1chap/5sec/images/5_penaltyContours.png Graphic file (type png)
<use ./chap/1chap/5sec/images/5_penaltyContours.png>
Package pdftex.def Info: ./chap/1chap/5sec/images/5_penaltyContours.png  used o
n input line 227.
(pdftex.def)             Requested size: 241.49895pt x 47.80836pt.

Overfull \hbox (103.86916pt too wide) in paragraph at lines 212--232
\T1/lmr/m/n/10 for $\OML/lmm/m/it/10 q \OMS/lmsy/m/n/10 ^^U \OT1/lmr/m/n/10 0$ 
\T1/lmr/m/n/10 The value: $[]$ 
 []

[66 <./chap/1chap/5sec/images/2bayesianPointOfView.png> <./chap/1chap/5sec/imag
es/5_penaltyContours.png>]
Underfull \hbox (badness 10000) in paragraph at lines 244--247

 []

[67]) (./chap/1chap/5sec/3_dimensionReductionMethods.tex [68]
Underfull \hbox (badness 10000) in paragraph at lines 25--29

 []


Underfull \hbox (badness 10000) in paragraph at lines 30--36

 []


Underfull \hbox (badness 10000) in paragraph at lines 47--51

 []

<./chap/1chap/5sec/images/3principalCompoment.png, id=1320, 560.0925pt x 302.12
875pt>
File: ./chap/1chap/5sec/images/3principalCompoment.png Graphic file (type png)
<use ./chap/1chap/5sec/images/3principalCompoment.png>
Package pdftex.def Info: ./chap/1chap/5sec/images/3principalCompoment.png  used
 on input line 72.
(pdftex.def)             Requested size: 345.0pt x 186.11003pt.
[69]
Underfull \hbox (badness 10000) in paragraph at lines 81--85

 []


Underfull \hbox (badness 10000) in paragraph at lines 86--91

 []


Underfull \hbox (badness 10000) in paragraph at lines 92--96

 []

[70 <./chap/1chap/5sec/images/3principalCompoment.png>]
Underfull \hbox (badness 10000) in paragraph at lines 143--145

 []

[71]) (./chap/1chap/5sec/41_multipleOutcomeShrinkageSel.tex [72])
(./chap/1chap/5sec/42_moreOnTheLasso.tex
<chap/1chap/5sec/images/7_coefficientsFS.PNG, id=1395, 502.87875pt x 295.85532p
t>
File: chap/1chap/5sec/images/7_coefficientsFS.PNG Graphic file (type png)
<use chap/1chap/5sec/images/7_coefficientsFS.PNG>
Package pdftex.def Info: chap/1chap/5sec/images/7_coefficientsFS.PNG  used on i
nput line 23.
(pdftex.def)             Requested size: 241.49895pt x 142.07664pt.
 [73 <./chap/1chap/5sec/images/7_coefficientsFS.PNG>]) (./chap/1chap/5sec/4_con
siderationInHighDimensions.tex [74]))
(./chap/1chap/6_MovingBeyondLinearity.tex
(./chap/1chap/6sec/1_polynomialRegression.tex)
(./chap/1chap/6sec/4_regressionSplines.tex [75]
Overfull \hbox (102.52193pt too wide) in paragraph at lines 42--50
\T1/lmr/m/n/10 re-gres-sion with an in-ter-cept and $\OT1/lmr/m/n/10 3 + \OML/l
mm/m/it/10 K$ \T1/lmr/m/n/10 pre-dic-tors of the form $\OML/lmm/m/it/10 X; X[];
 X[]; h [] ; h [] ; ; ::; h []$
 []

<./chap/1chap/6sec/images/1splines.png, id=1445, 542.025pt x 329.23pt>
File: ./chap/1chap/6sec/images/1splines.png Graphic file (type png)
<use ./chap/1chap/6sec/images/1splines.png>
Package pdftex.def Info: ./chap/1chap/6sec/images/1splines.png  used on input l
ine 53.
(pdftex.def)             Requested size: 241.49895pt x 146.69025pt.
[76 <./chap/1chap/6sec/images/1splines.png>] [77])
(./chap/1chap/6sec/5_smoothingSplines.tex
Underfull \hbox (badness 10000) in paragraph at lines 9--11

 []

[78]
Underfull \hbox (badness 10000) in paragraph at lines 44--47

 []

[79]
Overfull \hbox (15.28099pt too wide) in paragraph at lines 115--122
\T1/lmr/m/n/10 Since $\OML/lmm/b/it/10 S[]$ \T1/lmr/m/n/10 is sym-met-ric (and 
pos-i-tive semi-definite), it has a real eigen-decomposition.
 []

[80]
<./chap/1chap/3sec/8images/2_tensorProduct.PNG, id=1549, 507.39563pt x 459.2156
2pt>
File: ./chap/1chap/3sec/8images/2_tensorProduct.PNG Graphic file (type png)
<use ./chap/1chap/3sec/8images/2_tensorProduct.PNG>
Package pdftex.def Info: ./chap/1chap/3sec/8images/2_tensorProduct.PNG  used on
 input line 171.
(pdftex.def)             Requested size: 345.0pt x 312.24847pt.
 [81]
<./chap/1chap/3sec/8images/3_wavelet.PNG, id=1556, 475.02469pt x 446.41782pt>
File: ./chap/1chap/3sec/8images/3_wavelet.PNG Graphic file (type png)
<use ./chap/1chap/3sec/8images/3_wavelet.PNG>
Package pdftex.def Info: ./chap/1chap/3sec/8images/3_wavelet.PNG  used on input
 line 184.
(pdftex.def)             Requested size: 345.0pt x 324.23384pt.

Underfull \vbox (badness 10000) has occurred while \output is active []

 [82 <./chap/1chap/3sec/8images/2_tensorProduct.PNG>]
Overfull \hbox (70.49892pt too wide) in paragraph at lines 207--211
[]\T1/lmr/m/n/10 Now $\OML/lmm/m/it/10 V[] \OT1/lmr/m/n/10 = \OML/lmm/m/it/10 V
[] [] W[] \OT1/lmr/m/n/10 = \OML/lmm/m/it/10 V[] [] W[] [] W[]$\T1/lmr/m/n/10 ,
 more gen-er-ally: $\OML/lmm/m/it/10 V[] \OT1/lmr/m/n/10 = \OML/lmm/m/it/10 V[]
 [] W[] [] W[] [] W[]$\T1/lmr/m/n/10 .
 []

[83 <./chap/1chap/3sec/8images/3_wavelet.PNG>]
<./chap/1chap/3sec/8images/40_localReg.PNG, id=1570, 514.92375pt x 225.84375pt>

File: ./chap/1chap/3sec/8images/40_localReg.PNG Graphic file (type png)
<use ./chap/1chap/3sec/8images/40_localReg.PNG>
Package pdftex.def Info: ./chap/1chap/3sec/8images/40_localReg.PNG  used on inp
ut line 236.
(pdftex.def)             Requested size: 345.0pt x 151.31796pt.
 [84 <./chap/1chap/3sec/8images/40_localReg.PNG>]
<./chap/1chap/3sec/8images/4_localReg.PNG, id=1579, 507.39563pt x 228.855pt>
File: ./chap/1chap/3sec/8images/4_localReg.PNG Graphic file (type png)
<use ./chap/1chap/3sec/8images/4_localReg.PNG>
Package pdftex.def Info: ./chap/1chap/3sec/8images/4_localReg.PNG  used on inpu
t line 268.
(pdftex.def)             Requested size: 345.0pt x 155.61235pt.
 [85 <./chap/1chap/3sec/8images/4_localReg.PNG>]
Overfull \hbox (0.22992pt too wide) in paragraph at lines 291--296
\T1/lmr/m/n/10 These []weights[] [][][][][] [][][]com[]-[]bine[] [][][]the[] []
[][]weight[]-[]ing[] [][][]ker[]-[]nel[] [][][][][] [][][]and[] [][][]the[] [][
][]least[] [][][]squares[]
 []


Overfull \hbox (35.48183pt too wide) detected at line 300
[]
 []

<./chap/1chap/3sec/8images/5_linearPoly.PNG, id=1588, 419.31656pt x 216.05719pt
>
File: ./chap/1chap/3sec/8images/5_linearPoly.PNG Graphic file (type png)
<use ./chap/1chap/3sec/8images/5_linearPoly.PNG>
Package pdftex.def Info: ./chap/1chap/3sec/8images/5_linearPoly.PNG  used on in
put line 314.
(pdftex.def)             Requested size: 241.49895pt x 124.433pt.
[86 <./chap/1chap/3sec/8images/5_linearPoly.PNG>]
Overfull \hbox (190.49445pt too wide) in paragraph at lines 355--366
\T1/lmr/m/n/10 Let $\OML/lmm/m/it/10 b\OT1/lmr/m/n/10 (\OML/lmm/m/it/10 X\OT1/l
mr/m/n/10 )$ \T1/lmr/m/n/10 be a vec-tor of poly-no-mial terms in $\OML/lmm/m/i
t/10 X$\T1/lmr/m/n/10 , of max-i-mum de-gree $\OML/lmm/m/it/10 d$\T1/lmr/m/n/10
 , $[]$ 
 []

[87] [88]) (./chap/1chap/6sec/6_localRegression.tex
<./chap/1chap/6sec/images/2localRegression.png, id=1618, 673.51625pt x 281.05pt
>
File: ./chap/1chap/6sec/images/2localRegression.png Graphic file (type png)
<use ./chap/1chap/6sec/images/2localRegression.png>
Package pdftex.def Info: ./chap/1chap/6sec/images/2localRegression.png  used on
 input line 9.
(pdftex.def)             Requested size: 345.0pt x 143.964pt.
) [89 <./chap/1chap/6sec/images/2localRegression.png>] (./chap/1chap/6sec/7_gen
eralizedAdditiveModels.tex
Underfull \hbox (badness 10000) in paragraph at lines 7--10

 []


Overfull \hbox (34.23709pt too wide) in paragraph at lines 12--19
\T1/lmr/m/n/10 In the re-gres-sion set-ting, a gen-er-al-ized ad-di-tive model 
has the form: $\U/msb/m/n/10 E [] \OT1/lmr/m/n/10 =
 []

[90] [91] [92]
Overfull \hbox (8.92572pt too wide) in paragraph at lines 145--150
\T1/lmr/m/n/10 Radial ba-sis func-tions com-bine these ideas by treat-ing the k
er-nel func-tion $\OML/lmm/m/it/10 K[]\OT1/lmr/m/n/10 (\OML/lmm/m/it/10 ^^X; x\
OT1/lmr/m/n/10 )$\T1/lmr/m/n/10 .
 []

[93]
Underfull \hbox (badness 10000) in paragraph at lines 191--201

 []


Overfull \hbox (78.52232pt too wide) detected at line 206
\OML/lmm/m/it/10 l[]\OT1/lmr/m/n/10 (\OML/lmm/m/it/10 ^^R\OT1/lmr/m/n/10 ; \OML
/lmm/b/it/10 Z\OML/lmm/m/it/10 ; \OT1/lmr/bx/n/10 ^^A\OT1/lmr/m/n/10 ) = [] [] 
+ [] []
 []


Overfull \hbox (26.21971pt too wide) in paragraph at lines 223--225
[]\T1/lmr/m/n/10 Excpectation Step: com-pute the re-spon-si-bil-i-ties: $[] \OT
1/lmr/m/n/10 = []$
 []

[94]
Overfull \hbox (4.4508pt too wide) in paragraph at lines 250--256
 []\T1/lmr/bx/n/10 The EM Al-go-rithm in Gen-eral[] \T1/lmr/m/n/10 Our ob-serve
d data is $\OML/lmm/b/it/10 Z$ \T1/lmr/m/n/10 hav-ing log-likelihood
 []


Overfull \hbox (27.29987pt too wide) in paragraph at lines 250--256
\T1/lmr/m/n/10 Since $\U/msb/m/n/10 P[] [] \OT1/lmr/m/n/10 = []$ \T1/lmr/m/n/10
 we can write: $\U/msb/m/n/10 P[] [] \OT1/lmr/m/n/10 = []$\T1/lmr/m/n/10 .
 []

[95]
<./chap/1chap/6sec/images/3_emAlgo.PNG, id=1735, 393.72093pt x 354.57469pt>
File: ./chap/1chap/6sec/images/3_emAlgo.PNG Graphic file (type png)
<use ./chap/1chap/6sec/images/3_emAlgo.PNG>
Package pdftex.def Info: ./chap/1chap/6sec/images/3_emAlgo.PNG  used on input l
ine 280.
(pdftex.def)             Requested size: 172.5pt x 155.34787pt.
 [96 <./chap/1chap/6sec/images/3_emAlgo.PNG>]
Overfull \hbox (3.22307pt too wide) in paragraph at lines 338--342
\T1/lmr/m/n/10 ran-domly through model space. In de-tail we draw boot-strap sam
-ples $[][]$
 []

[97])) (./chap/1chap/7_TreeBasedMethods.tex
(./chap/1chap/7sec/1_theBasicsOfDecisionTrees.tex
Underfull \hbox (badness 10000) in paragraph at lines 33--34

 []

[98] [99]
Underfull \hbox (badness 10000) in paragraph at lines 117--123

 []

[100]
<./chap/1chap/7sec/images/6_prim.png, id=1805, 688.5725pt x 512.91624pt>
File: ./chap/1chap/7sec/images/6_prim.png Graphic file (type png)
<use ./chap/1chap/7sec/images/6_prim.png>
Package pdftex.def Info: ./chap/1chap/7sec/images/6_prim.png  used on input lin
e 176.
(pdftex.def)             Requested size: 241.49895pt x 179.89122pt.

Overfull \hbox (106.39903pt too wide) in paragraph at lines 164--183
\T1/lmr/m/n/10 square. The color-coded plot in-di-cates the re-sponse $\OML/lmm
/m/it/10 Y \OT1/lmr/m/n/10 = []$ 
 []

[101 <./chap/1chap/7sec/images/6_prim.png>]
Overfull \hbox (39.46198pt too wide) in paragraph at lines 241--250
\T1/lmr/m/n/10 sider in-clud-ing a pair of prod-ucts the form: $\OML/lmm/m/it/1
0 h[]\OT1/lmr/m/n/10 (\OML/lmm/m/it/10 X\OT1/lmr/m/n/10 ) \OMS/lmsy/m/n/10 ^^B 
[][] []\OML/lmm/m/it/10 h[]\OT1/lmr/m/n/10 (\OML/lmm/m/it/10 X\OT1/lmr/m/n/10 )
 [][] \OML/lmm/m/it/10 ; t \OMS/lmsy/m/n/10 2
 []

[102]) (./chap/1chap/7sec/2_bagging_RandomForest_Boosting.tex [103] [104]
<./chap/1chap/7sec/images/1_adaboost.PNG, id=1872, 345.54094pt x 371.13657pt>
File: ./chap/1chap/7sec/images/1_adaboost.PNG Graphic file (type png)
<use ./chap/1chap/7sec/images/1_adaboost.PNG>
Package pdftex.def Info: ./chap/1chap/7sec/images/1_adaboost.PNG  used on input
 line 106.
(pdftex.def)             Requested size: 172.5pt x 185.279pt.

[105 <./chap/1chap/7sec/images/1_adaboost.PNG>] [106]
<./chap/1chap/7sec/images/2_LossFunction.PNG, id=1915, 374.90062pt x 285.31593p
t>
File: ./chap/1chap/7sec/images/2_LossFunction.PNG Graphic file (type png)
<use ./chap/1chap/7sec/images/2_LossFunction.PNG>
Package pdftex.def Info: ./chap/1chap/7sec/images/2_LossFunction.PNG  used on i
nput line 181.
(pdftex.def)             Requested size: 207.0021pt x 157.53809pt.
 [107 <./chap/1chap/7sec/images/2_LossFunction.PNG>]
<./chap/1chap/7sec/images/3_LossFunction_reg.PNG, id=1936, 383.18156pt x 251.43
938pt>
File: ./chap/1chap/7sec/images/3_LossFunction_reg.PNG Graphic file (type png)
<use ./chap/1chap/7sec/images/3_LossFunction_reg.PNG>
Package pdftex.def Info: ./chap/1chap/7sec/images/3_LossFunction_reg.PNG  used 
on input line 214.
(pdftex.def)             Requested size: 241.49895pt x 158.46902pt.
<./chap/1chap/7sec/images/4_compMeth.PNG, id=1937, 478.03593pt x 374.90062pt>
File: ./chap/1chap/7sec/images/4_compMeth.PNG Graphic file (type png)
<use ./chap/1chap/7sec/images/4_compMeth.PNG>
Package pdftex.def Info: ./chap/1chap/7sec/images/4_compMeth.PNG  used on input
 line 243.
(pdftex.def)             Requested size: 345.0pt x 270.56322pt.

Underfull \vbox (badness 2903) has occurred while \output is active []

 [108 <./chap/1chap/7sec/images/3_LossFunction_reg.PNG>] [109 <./chap/1chap/7se
c/images/4_compMeth.PNG>]
<./chap/1chap/7sec/images/5_common_gradients.PNG, id=1972, 483.30562pt x 195.73
125pt>
File: ./chap/1chap/7sec/images/5_common_gradients.PNG Graphic file (type png)
<use ./chap/1chap/7sec/images/5_common_gradients.PNG>
Package pdftex.def Info: ./chap/1chap/7sec/images/5_common_gradients.PNG  used 
on input line 287.
(pdftex.def)             Requested size: 345.0pt x 139.72575pt.

Overfull \hbox (3.28104pt too wide) in paragraph at lines 299--301
[]\T1/lmr/m/n/10 Fit a re-gres-sion tree to the tar-gets $\OML/lmm/m/it/10 r[]$
 \T1/lmr/m/n/10 giv-ing ter-mi-nal re-gions $\OML/lmm/m/it/10 R[]; j \OMS/lmsy/
m/n/10 2
 []

[110 <./chap/1chap/7sec/images/5_common_gradients.PNG>]))
(./chap/1chap/8_SupportVectorMachines.tex
(./chap/1chap/8sec/1_maximalMarginClassifier.tex
<./chap/1chap/8sec/images/1margineSVM.png, id=1986, 582.175pt x 384.43625pt>
File: ./chap/1chap/8sec/images/1margineSVM.png Graphic file (type png)
<use ./chap/1chap/8sec/images/1margineSVM.png>
Package pdftex.def Info: ./chap/1chap/8sec/images/1margineSVM.png  used on inpu
t line 12.
(pdftex.def)             Requested size: 345.0pt x 227.82437pt.

Underfull \vbox (badness 1735) has occurred while \output is active []

 [111 <./chap/1chap/8sec/images/1margineSVM.png>]
Underfull \hbox (badness 10000) in paragraph at lines 41--43

 []

<./chap/1chap/8sec/images/21_svC.PNG, id=1997, 482.55281pt x 219.82124pt>
File: ./chap/1chap/8sec/images/21_svC.PNG Graphic file (type png)
<use ./chap/1chap/8sec/images/21_svC.PNG>
Package pdftex.def Info: ./chap/1chap/8sec/images/21_svC.PNG  used on input lin
e 46.
(pdftex.def)             Requested size: 345.0pt x 157.16428pt.
[112 <./chap/1chap/8sec/images/21_svC.PNG>])
(./chap/1chap/8sec/2_supportVectorsClassifiers.tex
<./chap/1chap/8sec/images/2supportVectorClassifier.png, id=2005, 688.5725pt x 2
62.9825pt>
File: ./chap/1chap/8sec/images/2supportVectorClassifier.png Graphic file (type 
png)
<use ./chap/1chap/8sec/images/2supportVectorClassifier.png>
Package pdftex.def Info: ./chap/1chap/8sec/images/2supportVectorClassifier.png 
 used on input line 19.
(pdftex.def)             Requested size: 345.0pt x 131.76378pt.

Underfull \vbox (badness 10000) has occurred while \output is active []

 [113]
Underfull \hbox (badness 10000) in paragraph at lines 57--60

 []


Underfull \hbox (badness 10000) in paragraph at lines 61--63

 []

) (./chap/1chap/8sec/3_supportVectorsMachines.tex
Overfull \hbox (62.11206pt too wide) detected at line 14
[] \OML/lmm/m/it/10 M[] [] []
 []

[114 <./chap/1chap/8sec/images/2supportVectorClassifier.png>]
Underfull \hbox (badness 10000) in paragraph at lines 22--26

 []

<./chap/1chap/8sec/images/3polynomialRadialKernel.png, id=2019, 705.63625pt x 3
21.2pt>
File: ./chap/1chap/8sec/images/3polynomialRadialKernel.png Graphic file (type p
ng)
<use ./chap/1chap/8sec/images/3polynomialRadialKernel.png>
Package pdftex.def Info: ./chap/1chap/8sec/images/3polynomialRadialKernel.png  
used on input line 48.
(pdftex.def)             Requested size: 345.0pt x 157.0414pt.

Underfull \vbox (badness 3449) has occurred while \output is active []

 [115])
(./chap/1chap/8sec/4_SVMsWithMoreThan2Classes.tex)
(./chap/1chap/8sec/5_relationshipToLogisticRegression.tex [116 <./chap/1chap/8s
ec/images/3polynomialRadialKernel.png>] [117] [118]))
(./chap/1chap/9_UnsupervisedLearning.tex
(./chap/1chap/9sec/1_theChallengeOfUnsupervisedLearning.tex)
(./chap/1chap/9sec/2_principalCompomentsAnalysis.tex
Underfull \hbox (badness 10000) in paragraph at lines 5--8

 []

[119]
Underfull \hbox (badness 10000) in paragraph at lines 17--19

 []


Underfull \hbox (badness 10000) in paragraph at lines 28--31

 []

[120]) (./chap/1chap/9sec/3_clusteringMethods.tex [121]
<./chap/1chap/9sec/images/1kMeans.png, id=2105, 636.3775pt x 600.2425pt>
File: ./chap/1chap/9sec/images/1kMeans.png Graphic file (type png)
<use ./chap/1chap/9sec/images/1kMeans.png>
Package pdftex.def Info: ./chap/1chap/9sec/images/1kMeans.png  used on input li
ne 43.
(pdftex.def)             Requested size: 172.5pt x 162.6996pt.
 [122 <./chap/1chap/9sec/images/1kMeans.png>]
<./chap/1chap/9sec/images/2a_hierarchicalCluster.png, id=2127, 426.59375pt x 33
2.24126pt>
File: ./chap/1chap/9sec/images/2a_hierarchicalCluster.png Graphic file (type pn
g)
<use ./chap/1chap/9sec/images/2a_hierarchicalCluster.png>
Package pdftex.def Info: ./chap/1chap/9sec/images/2a_hierarchicalCluster.png  u
sed on input line 95.
(pdftex.def)             Requested size: 169.0519pt x 131.66223pt.
<./chap/1chap/9sec/images/2b_hierarchicalCluster.png, id=2128, 631.35875pt x 29
8.11375pt>
File: ./chap/1chap/9sec/images/2b_hierarchicalCluster.png Graphic file (type pn
g)
<use ./chap/1chap/9sec/images/2b_hierarchicalCluster.png>
Package pdftex.def Info: ./chap/1chap/9sec/images/2b_hierarchicalCluster.png  u
sed on input line 101.
(pdftex.def)             Requested size: 169.0519pt x 79.8231pt.
 [123 <./chap/1chap/9sec/images/2a_hierarchicalCluster.png> <./chap/1chap/9sec/
images/2b_hierarchicalCluster.png>]
Underfull \hbox (badness 10000) in paragraph at lines 156--158

 []

)) [124] (./chap/1chap/99_neural_network.tex (./chap/1chap/99sec/1_projReg.tex
<./chap/1chap/99sec/images/1_ridge_fct.PNG, id=2162, 508.90125pt x 191.9672pt>
File: ./chap/1chap/99sec/images/1_ridge_fct.PNG Graphic file (type png)
<use ./chap/1chap/99sec/images/1_ridge_fct.PNG>
Package pdftex.def Info: ./chap/1chap/99sec/images/1_ridge_fct.PNG  used on inp
ut line 16.
(pdftex.def)             Requested size: 345.0pt x 130.14638pt.

[125 <./chap/1chap/99sec/images/1_ridge_fct.PNG>]
<./chap/1chap/99sec/images/2_networkDiag.png, id=2169, 538.01pt x 486.81876pt>
File: ./chap/1chap/99sec/images/2_networkDiag.png Graphic file (type png)
<use ./chap/1chap/99sec/images/2_networkDiag.png>
Package pdftex.def Info: ./chap/1chap/99sec/images/2_networkDiag.png  used on i
nput line 39.
(pdftex.def)             Requested size: 241.49895pt x 218.51672pt.
)
Overfull \hbox (7.69795pt too wide) in paragraph at lines 45--3
\T1/lmr/m/n/10 ing the prob-a-bil-ity of class $\OML/lmm/m/it/10 k$\T1/lmr/m/n/
10 . There are $\OML/lmm/m/it/10 K$ \T1/lmr/m/n/10 tar-get mea-sure-ments $[] \
OMS/lmsy/m/n/10 2
 []

(./chap/1chap/99sec/2_fitting.tex [126 <./chap/1chap/99sec/images/2_networkDiag
.png>] [127]))) [128]
Chapter 2.
(./chap/2_deepLearning.tex (./chap/2chap/1_DeepForwardNetworks.tex
(./chap/2chap/1sec/1_gradientBasedLearning.tex))
(./chap/2chap/2_RegularizationForDeepLearning.tex)
(./chap/2chap/3_OptimizationForTrainngDeepModels.tex)
(./chap/2chap/4_ConvolutionNetworks.tex)
(./chap/2chap/5_RecurrentAndRecursiveNets.tex)) [129

]
Package atveryend Info: Empty hook `BeforeClearDocument' on input line 243.
Package atveryend Info: Empty hook `AfterLastShipout' on input line 243.

(./statisticalLearningSummary.aux)
Package atveryend Info: Executing hook `AtVeryEndDocument' on input line 243.
Package atveryend Info: Executing hook `AtEndAfterFileList' on input line 243.
Package rerunfilecheck Info: File `statisticalLearningSummary.out' has not chan
ged.
(rerunfilecheck)             Checksum: 1D8F443CC5CCCAC26AB3C8FAA3A9FF8A;4847.


LaTeX Warning: There were multiply-defined labels.

 ) 
Here is how much of TeX's memory you used:
 30849 strings out of 481239
 582365 string characters out of 5920377
 1137520 words of memory out of 5000000
 43929 multiletter control sequences out of 15000+600000
 675844 words of font info for 121 fonts, out of 8000000 for 9000
 1141 hyphenation exceptions out of 8191
 73i,24n,115p,903b,2545s stack positions out of 5000i,500n,10000p,200000b,80000s
{/usr/share/texmf/fonts/enc/dvips/lm/lm-ec.enc}{/usr/share/texmf/fonts/enc/dv
ips/lm/lm-mathsy.enc}{/usr/share/texmf/fonts/enc/dvips/lm/lm-mathit.enc}{/usr/s
hare/texmf/fonts/enc/dvips/lm/lm-rm.enc}{/usr/share/texmf/fonts/enc/dvips/lm/lm
-mathex.enc}{/usr/share/texmf/fonts/enc/dvips/lm/lm-ts1.enc}</usr/share/texmf/f
onts/type1/public/lm/lmbsy10.pfb></usr/share/texmf/fonts/type1/public/lm/lmbsy7
.pfb></usr/share/texmf/fonts/type1/public/lm/lmbx10.pfb></usr/share/texmf/fonts
/type1/public/lm/lmbx12.pfb></usr/share/texmf/fonts/type1/public/lm/lmbx7.pfb><
/usr/share/texmf/fonts/type1/public/lm/lmbxi10.pfb></usr/share/texmf/fonts/type
1/public/lm/lmex10.pfb></usr/share/texmf/fonts/type1/public/lm/lmmi10.pfb></usr
/share/texmf/fonts/type1/public/lm/lmmi5.pfb></usr/share/texmf/fonts/type1/publ
ic/lm/lmmi7.pfb></usr/share/texmf/fonts/type1/public/lm/lmmi9.pfb></usr/share/t
exmf/fonts/type1/public/lm/lmmib10.pfb></usr/share/texmf/fonts/type1/public/lm/
lmmib7.pfb></usr/share/texmf/fonts/type1/public/lm/lmr10.pfb></usr/share/texmf/
fonts/type1/public/lm/lmr12.pfb></usr/share/texmf/fonts/type1/public/lm/lmr17.p
fb></usr/share/texmf/fonts/type1/public/lm/lmr5.pfb></usr/share/texmf/fonts/typ
e1/public/lm/lmr6.pfb></usr/share/texmf/fonts/type1/public/lm/lmr7.pfb></usr/sh
are/texmf/fonts/type1/public/lm/lmr9.pfb></usr/share/texmf/fonts/type1/public/l
m/lmri10.pfb></usr/share/texmf/fonts/type1/public/lm/lmri12.pfb></usr/share/tex
mf/fonts/type1/public/lm/lmro10.pfb></usr/share/texmf/fonts/type1/public/lm/lms
y10.pfb></usr/share/texmf/fonts/type1/public/lm/lmsy5.pfb></usr/share/texmf/fon
ts/type1/public/lm/lmsy7.pfb></usr/share/texmf/fonts/type1/public/lm/lmsy9.pfb>
</usr/share/texmf/fonts/type1/public/lm/lmtt9.pfb></usr/share/texlive/texmf-dis
t/fonts/type1/public/amsfonts/symbols/msbm10.pfb></usr/share/texlive/texmf-dist
/fonts/type1/public/amsfonts/symbols/msbm7.pfb>
Output written on statisticalLearningSummary.pdf (129 pages, 3516754 bytes).
PDF statistics:
 2592 PDF objects out of 2984 (max. 8388607)
 2278 compressed objects within 23 object streams
 1343 named destinations out of 1440 (max. 500000)
 898 words of extra memory for PDF output out of 10000 (max. 10000000)

