This is pdfTeX, Version 3.141592653-2.6-1.40.22 (TeX Live 2022/dev/Debian) (preloaded format=pdflatex 2022.9.6)  19 FEB 2023 23:18
entering extended mode
 restricted \write18 enabled.
 %&-line parsing enabled.
**statisticalLearningSummary.tex
(./statisticalLearningSummary.tex
LaTeX2e <2021-11-15> patch level 1
L3 programming layer <2022-01-21>
(/usr/share/texlive/texmf-dist/tex/latex/base/book.cls
Document Class: book 2021/10/04 v1.4n Standard LaTeX document class
(/usr/share/texlive/texmf-dist/tex/latex/base/bk10.clo
File: bk10.clo 2021/10/04 v1.4n Standard LaTeX file (size option)
)
\c@part=\count185
\c@chapter=\count186
\c@section=\count187
\c@subsection=\count188
\c@subsubsection=\count189
\c@paragraph=\count190
\c@subparagraph=\count191
\c@figure=\count192
\c@table=\count193
\abovecaptionskip=\skip47
\belowcaptionskip=\skip48
\bibindent=\dimen138
)
(/usr/share/texlive/texmf-dist/tex/latex/base/inputenc.sty
Package: inputenc 2021/02/14 v1.3d Input encoding file
\inpenc@prehook=\toks16
\inpenc@posthook=\toks17
)
(/usr/share/texlive/texmf-dist/tex/latex/base/fontenc.sty
Package: fontenc 2021/04/29 v2.0v Standard LaTeX package
)
(/usr/share/texmf/tex/latex/lm/lmodern.sty
Package: lmodern 2009/10/30 v1.6 Latin Modern Fonts
LaTeX Font Info:    Overwriting symbol font `operators' in version `normal'
(Font)                  OT1/cmr/m/n --> OT1/lmr/m/n on input line 22.
LaTeX Font Info:    Overwriting symbol font `letters' in version `normal'
(Font)                  OML/cmm/m/it --> OML/lmm/m/it on input line 23.
LaTeX Font Info:    Overwriting symbol font `symbols' in version `normal'
(Font)                  OMS/cmsy/m/n --> OMS/lmsy/m/n on input line 24.
LaTeX Font Info:    Overwriting symbol font `largesymbols' in version `normal'
(Font)                  OMX/cmex/m/n --> OMX/lmex/m/n on input line 25.
LaTeX Font Info:    Overwriting symbol font `operators' in version `bold'
(Font)                  OT1/cmr/bx/n --> OT1/lmr/bx/n on input line 26.
LaTeX Font Info:    Overwriting symbol font `letters' in version `bold'
(Font)                  OML/cmm/b/it --> OML/lmm/b/it on input line 27.
LaTeX Font Info:    Overwriting symbol font `symbols' in version `bold'
(Font)                  OMS/cmsy/b/n --> OMS/lmsy/b/n on input line 28.
LaTeX Font Info:    Overwriting symbol font `largesymbols' in version `bold'
(Font)                  OMX/cmex/m/n --> OMX/lmex/m/n on input line 29.
LaTeX Font Info:    Overwriting math alphabet `\mathbf' in version `normal'
(Font)                  OT1/cmr/bx/n --> OT1/lmr/bx/n on input line 31.
LaTeX Font Info:    Overwriting math alphabet `\mathsf' in version `normal'
(Font)                  OT1/cmss/m/n --> OT1/lmss/m/n on input line 32.
LaTeX Font Info:    Overwriting math alphabet `\mathit' in version `normal'
(Font)                  OT1/cmr/m/it --> OT1/lmr/m/it on input line 33.
LaTeX Font Info:    Overwriting math alphabet `\mathtt' in version `normal'
(Font)                  OT1/cmtt/m/n --> OT1/lmtt/m/n on input line 34.
LaTeX Font Info:    Overwriting math alphabet `\mathbf' in version `bold'
(Font)                  OT1/cmr/bx/n --> OT1/lmr/bx/n on input line 35.
LaTeX Font Info:    Overwriting math alphabet `\mathsf' in version `bold'
(Font)                  OT1/cmss/bx/n --> OT1/lmss/bx/n on input line 36.
LaTeX Font Info:    Overwriting math alphabet `\mathit' in version `bold'
(Font)                  OT1/cmr/bx/it --> OT1/lmr/bx/it on input line 37.
LaTeX Font Info:    Overwriting math alphabet `\mathtt' in version `bold'
(Font)                  OT1/cmtt/m/n --> OT1/lmtt/m/n on input line 38.
)
(/usr/share/texlive/texmf-dist/tex/latex/koma-script/scrhack.sty
Package: scrhack 2021/11/13 v3.35 KOMA-Script package (hacking other packages)

(/usr/share/texlive/texmf-dist/tex/latex/koma-script/scrkbase.sty
Package: scrkbase 2021/11/13 v3.35 KOMA-Script package (KOMA-Script-dependent b
asics and keyval usage)

(/usr/share/texlive/texmf-dist/tex/latex/koma-script/scrbase.sty
Package: scrbase 2021/11/13 v3.35 KOMA-Script package (KOMA-Script-independent 
basics and keyval usage)

(/usr/share/texlive/texmf-dist/tex/latex/koma-script/scrlfile.sty
Package: scrlfile 2021/11/13 v3.35 KOMA-Script package (file load hooks)

(/usr/share/texlive/texmf-dist/tex/latex/koma-script/scrlfile-hook.sty
Package: scrlfile-hook 2021/11/13 v3.35 KOMA-Script package (using LaTeX hooks)


(/usr/share/texlive/texmf-dist/tex/latex/koma-script/scrlogo.sty
Package: scrlogo 2021/11/13 v3.35 KOMA-Script package (logo)
)))
(/usr/share/texlive/texmf-dist/tex/latex/graphics/keyval.sty
Package: keyval 2014/10/28 v1.15 key=value parser (DPC)
\KV@toks@=\toks18
)
Applying: [2021/05/01] Usage of raw or classic option list on input line 252.
Already applied: [0000/00/00] Usage of raw or classic option list on input line
 368.
))
(/usr/share/texlive/texmf-dist/tex/latex/xpatch/xpatch.sty
(/usr/share/texlive/texmf-dist/tex/latex/l3kernel/expl3.sty
Package: expl3 2022-01-21 L3 programming layer (loader) 

(/usr/share/texlive/texmf-dist/tex/latex/l3backend/l3backend-pdftex.def
File: l3backend-pdftex.def 2022-01-12 L3 backend support: PDF output (pdfTeX)
\l__color_backend_stack_int=\count194
\l__pdf_internal_box=\box50
))
Package: xpatch 2020/03/25 v0.3a Extending etoolbox patching commands

(/usr/share/texlive/texmf-dist/tex/latex/l3packages/xparse/xparse.sty
Package: xparse 2022-01-12 L3 Experimental document command parser
)
(/usr/share/texlive/texmf-dist/tex/latex/etoolbox/etoolbox.sty
Package: etoolbox 2020/10/05 v2.5k e-TeX tools for LaTeX (JAW)
\etb@tempcnta=\count195
)))
(/usr/share/texlive/texmf-dist/tex/generic/babel/babel.sty
Package: babel 2022/01/26 3.70 The Babel package
\babel@savecnt=\count196
\U@D=\dimen139
\l@unhyphenated=\language87

(/usr/share/texlive/texmf-dist/tex/generic/babel/txtbabel.def)
\bbl@readstream=\read2
\bbl@dirlevel=\count197

(/usr/share/texlive/texmf-dist/tex/generic/babel-english/english.ldf
Language: english 2017/06/06 v3.3r English support from the babel system
Package babel Info: Hyphen rules for 'canadian' set to \l@english
(babel)             (\language0). Reported on input line 102.
Package babel Info: Hyphen rules for 'australian' set to \l@ukenglish
(babel)             (\language27). Reported on input line 105.
Package babel Info: Hyphen rules for 'newzealand' set to \l@ukenglish
(babel)             (\language27). Reported on input line 108.
))
(/usr/share/texlive/texmf-dist/tex/latex/hyperref/hyperref.sty
Package: hyperref 2021-06-07 v7.00m Hypertext links for LaTeX

(/usr/share/texlive/texmf-dist/tex/generic/ltxcmds/ltxcmds.sty
Package: ltxcmds 2020-05-10 v1.25 LaTeX kernel commands for general use (HO)
)
(/usr/share/texlive/texmf-dist/tex/generic/iftex/iftex.sty
Package: iftex 2020/03/06 v1.0d TeX engine tests
)
(/usr/share/texlive/texmf-dist/tex/generic/pdftexcmds/pdftexcmds.sty
Package: pdftexcmds 2020-06-27 v0.33 Utility functions of pdfTeX for LuaTeX (HO
)

(/usr/share/texlive/texmf-dist/tex/generic/infwarerr/infwarerr.sty
Package: infwarerr 2019/12/03 v1.5 Providing info/warning/error messages (HO)
)
Package pdftexcmds Info: \pdf@primitive is available.
Package pdftexcmds Info: \pdf@ifprimitive is available.
Package pdftexcmds Info: \pdfdraftmode found.
)
(/usr/share/texlive/texmf-dist/tex/generic/kvsetkeys/kvsetkeys.sty
Package: kvsetkeys 2019/12/15 v1.18 Key value parser (HO)
)
(/usr/share/texlive/texmf-dist/tex/generic/kvdefinekeys/kvdefinekeys.sty
Package: kvdefinekeys 2019-12-19 v1.6 Define keys (HO)
)
(/usr/share/texlive/texmf-dist/tex/generic/pdfescape/pdfescape.sty
Package: pdfescape 2019/12/09 v1.15 Implements pdfTeX's escape features (HO)
)
(/usr/share/texlive/texmf-dist/tex/latex/hycolor/hycolor.sty
Package: hycolor 2020-01-27 v1.10 Color options for hyperref/bookmark (HO)
)
(/usr/share/texlive/texmf-dist/tex/latex/letltxmacro/letltxmacro.sty
Package: letltxmacro 2019/12/03 v1.6 Let assignment for LaTeX macros (HO)
)
(/usr/share/texlive/texmf-dist/tex/latex/auxhook/auxhook.sty
Package: auxhook 2019-12-17 v1.6 Hooks for auxiliary files (HO)
)
(/usr/share/texlive/texmf-dist/tex/latex/kvoptions/kvoptions.sty
Package: kvoptions 2020-10-07 v3.14 Key value format for package options (HO)
)
\@linkdim=\dimen140
\Hy@linkcounter=\count198
\Hy@pagecounter=\count199

(/usr/share/texlive/texmf-dist/tex/latex/hyperref/pd1enc.def
File: pd1enc.def 2021-06-07 v7.00m Hyperref: PDFDocEncoding definition (HO)
Now handling font encoding PD1 ...
... no UTF-8 mapping file for font encoding PD1
)
(/usr/share/texlive/texmf-dist/tex/latex/hyperref/hyperref-langpatches.def
File: hyperref-langpatches.def 2021-06-07 v7.00m Hyperref: patches for babel la
nguages
)
(/usr/share/texlive/texmf-dist/tex/generic/intcalc/intcalc.sty
Package: intcalc 2019/12/15 v1.3 Expandable calculations with integers (HO)
)
(/usr/share/texlive/texmf-dist/tex/generic/etexcmds/etexcmds.sty
Package: etexcmds 2019/12/15 v1.7 Avoid name clashes with e-TeX commands (HO)
)
\Hy@SavedSpaceFactor=\count266

(/usr/share/texlive/texmf-dist/tex/latex/hyperref/puenc.def
File: puenc.def 2021-06-07 v7.00m Hyperref: PDF Unicode definition (HO)
Now handling font encoding PU ...
... no UTF-8 mapping file for font encoding PU
)
Package hyperref Info: Hyper figures OFF on input line 4192.
Package hyperref Info: Link nesting OFF on input line 4197.
Package hyperref Info: Hyper index ON on input line 4200.
Package hyperref Info: Plain pages OFF on input line 4207.
Package hyperref Info: Backreferencing OFF on input line 4212.
Package hyperref Info: Implicit mode ON; LaTeX internals redefined.
Package hyperref Info: Bookmarks ON on input line 4445.
\c@Hy@tempcnt=\count267

(/usr/share/texlive/texmf-dist/tex/latex/url/url.sty
\Urlmuskip=\muskip16
Package: url 2013/09/16  ver 3.4  Verb mode for urls, etc.
)
LaTeX Info: Redefining \url on input line 4804.
\XeTeXLinkMargin=\dimen141

(/usr/share/texlive/texmf-dist/tex/generic/bitset/bitset.sty
Package: bitset 2019/12/09 v1.3 Handle bit-vector datatype (HO)

(/usr/share/texlive/texmf-dist/tex/generic/bigintcalc/bigintcalc.sty
Package: bigintcalc 2019/12/15 v1.5 Expandable calculations on big integers (HO
)
))
\Fld@menulength=\count268
\Field@Width=\dimen142
\Fld@charsize=\dimen143
Package hyperref Info: Hyper figures OFF on input line 6076.
Package hyperref Info: Link nesting OFF on input line 6081.
Package hyperref Info: Hyper index ON on input line 6084.
Package hyperref Info: backreferencing OFF on input line 6091.
Package hyperref Info: Link coloring OFF on input line 6096.
Package hyperref Info: Link coloring with OCG OFF on input line 6101.
Package hyperref Info: PDF/A mode OFF on input line 6106.
LaTeX Info: Redefining \ref on input line 6146.
LaTeX Info: Redefining \pageref on input line 6150.

(/usr/share/texlive/texmf-dist/tex/latex/base/atbegshi-ltx.sty
Package: atbegshi-ltx 2021/01/10 v1.0c Emulation of the original atbegshi
package with kernel methods
)
\Hy@abspage=\count269
\c@Item=\count270
\c@Hfootnote=\count271
)
Package hyperref Info: Driver (autodetected): hpdftex.

(/usr/share/texlive/texmf-dist/tex/latex/hyperref/hpdftex.def
File: hpdftex.def 2021-06-07 v7.00m Hyperref driver for pdfTeX

(/usr/share/texlive/texmf-dist/tex/latex/base/atveryend-ltx.sty
Package: atveryend-ltx 2020/08/19 v1.0a Emulation of the original atveryend pac
kage
with kernel methods
)
\Fld@listcount=\count272
\c@bookmark@seq@number=\count273

(/usr/share/texlive/texmf-dist/tex/latex/rerunfilecheck/rerunfilecheck.sty
Package: rerunfilecheck 2019/12/05 v1.9 Rerun checks for auxiliary files (HO)

(/usr/share/texlive/texmf-dist/tex/generic/uniquecounter/uniquecounter.sty
Package: uniquecounter 2019/12/15 v1.4 Provide unlimited unique counter (HO)
)
Package uniquecounter Info: New unique counter `rerunfilecheck' on input line 2
86.
)
\Hy@SectionHShift=\skip49
)
(/usr/share/texlive/texmf-dist/tex/latex/blindtext/blindtext.sty
Package: blindtext 2012/01/06 V2.0 blindtext-Package

(/usr/share/texlive/texmf-dist/tex/latex/tools/xspace.sty
Package: xspace 2014/10/28 v1.13 Space after command names (DPC,MH)
)
\c@blindtext=\count274
\c@Blindtext=\count275
\c@blind@countparstart=\count276
\blind@countxx=\count277
\blindtext@numBlindtext=\count278
\blind@countyy=\count279
\c@blindlist=\count280
\c@blindlistlevel=\count281
\c@blindlist@level=\count282
\blind@listitem=\count283
\c@blind@listcount=\count284
\c@blind@levelcount=\count285
\blind@mathformula=\count286
\blind@Mathformula=\count287
\c@blind@randomcount=\count288
\c@blind@randommax=\count289
\c@blind@pangramcount=\count290
\c@blind@pangrammax=\count291
)
(/usr/share/texlive/texmf-dist/tex/latex/xargs/xargs.sty
Package: xargs 2008/03/22 v1.1  extended macro definitions  (mpg)

(/usr/share/texlive/texmf-dist/tex/latex/xkeyval/xkeyval.sty
Package: xkeyval 2020/11/20 v2.8 package option processing (HA)

(/usr/share/texlive/texmf-dist/tex/generic/xkeyval/xkeyval.tex
(/usr/share/texlive/texmf-dist/tex/generic/xkeyval/xkvutils.tex
\XKV@toks=\toks19
\XKV@tempa@toks=\toks20
)
\XKV@depth=\count292
File: xkeyval.tex 2014/12/03 v2.7a key=value parser (HA)
))
\xargs@max=\count293
\xargs@toksa=\toks21
\xargs@toksb=\toks22
)
(/usr/share/texlive/texmf-dist/tex/latex/amsfonts/amsfonts.sty
Package: amsfonts 2013/01/14 v3.01 Basic AMSFonts support
\@emptytoks=\toks23
\symAMSa=\mathgroup4
\symAMSb=\mathgroup5
LaTeX Font Info:    Redeclaring math symbol \hbar on input line 98.
LaTeX Font Info:    Overwriting math alphabet `\mathfrak' in version `bold'
(Font)                  U/euf/m/n --> U/euf/b/n on input line 106.
)
(/usr/share/texlive/texmf-dist/tex/latex/amsmath/amsmath.sty
Package: amsmath 2021/10/15 v2.17l AMS math features
\@mathmargin=\skip50

For additional information on amsmath, use the `?' option.
(/usr/share/texlive/texmf-dist/tex/latex/amsmath/amstext.sty
Package: amstext 2021/08/26 v2.01 AMS text

(/usr/share/texlive/texmf-dist/tex/latex/amsmath/amsgen.sty
File: amsgen.sty 1999/11/30 v2.0 generic functions
\@emptytoks=\toks24
\ex@=\dimen144
))
(/usr/share/texlive/texmf-dist/tex/latex/amsmath/amsbsy.sty
Package: amsbsy 1999/11/29 v1.2d Bold Symbols
\pmbraise@=\dimen145
)
(/usr/share/texlive/texmf-dist/tex/latex/amsmath/amsopn.sty
Package: amsopn 2021/08/26 v2.02 operator names
)
\inf@bad=\count294
LaTeX Info: Redefining \frac on input line 234.
\uproot@=\count295
\leftroot@=\count296
LaTeX Info: Redefining \overline on input line 399.
\classnum@=\count297
\DOTSCASE@=\count298
LaTeX Info: Redefining \ldots on input line 496.
LaTeX Info: Redefining \dots on input line 499.
LaTeX Info: Redefining \cdots on input line 620.
\Mathstrutbox@=\box51
\strutbox@=\box52
\big@size=\dimen146
LaTeX Font Info:    Redeclaring font encoding OML on input line 743.
LaTeX Font Info:    Redeclaring font encoding OMS on input line 744.
\macc@depth=\count299
\c@MaxMatrixCols=\count300
\dotsspace@=\muskip17
\c@parentequation=\count301
\dspbrk@lvl=\count302
\tag@help=\toks25
\row@=\count303
\column@=\count304
\maxfields@=\count305
\andhelp@=\toks26
\eqnshift@=\dimen147
\alignsep@=\dimen148
\tagshift@=\dimen149
\tagwidth@=\dimen150
\totwidth@=\dimen151
\lineht@=\dimen152
\@envbody=\toks27
\multlinegap=\skip51
\multlinetaggap=\skip52
\mathdisplay@stack=\toks28
LaTeX Info: Redefining \[ on input line 2938.
LaTeX Info: Redefining \] on input line 2939.
)
(/usr/share/texlive/texmf-dist/tex/latex/amsfonts/amssymb.sty
Package: amssymb 2013/01/14 v3.01 AMS font symbols
)
(/usr/share/texlive/texmf-dist/tex/latex/tools/bm.sty
Package: bm 2021/04/25 v1.2e Bold Symbol Support (DPC/FMi)
\symboldoperators=\mathgroup6
\symboldletters=\mathgroup7
\symboldsymbols=\mathgroup8
Package bm Info: No bold for \OMX/lmex/m/n, using \pmb.
Package bm Info: No bold for \U/msa/m/n, using \pmb.
Package bm Info: No bold for \U/msb/m/n, using \pmb.
LaTeX Font Info:    Redeclaring math alphabet \mathbf on input line 149.
)
(/usr/share/texlive/texmf-dist/tex/latex/enumitem/enumitem.sty
Package: enumitem 2019/06/20 v3.9 Customized lists
\labelindent=\skip53
\enit@outerparindent=\dimen153
\enit@toks=\toks29
\enit@inbox=\box53
\enit@count@id=\count306
\enitdp@description=\count307
)
(/usr/share/texlive/texmf-dist/tex/latex/bbm-macros/bbm.sty
Package: bbm 1999/03/15 V 1.2 provides fonts for set symbols - TH
LaTeX Font Info:    Overwriting math alphabet `\mathbbm' in version `bold'
(Font)                  U/bbm/m/n --> U/bbm/bx/n on input line 33.
LaTeX Font Info:    Overwriting math alphabet `\mathbbmss' in version `bold'
(Font)                  U/bbmss/m/n --> U/bbmss/bx/n on input line 35.
)
(/usr/share/texlive/texmf-dist/tex/latex/blkarray/blkarray.sty
Package: blkarray 2015/02/27 v0.07 Block array (dpc)
\c@BAenumi=\count308
\BA@col=\count309
\BA@block@cnt=\count310
\BA@final@box=\box54
\BA@first@box=\box55
\BA@colsep=\dimen154
\BA@ftn=\toks30
\BAextrarowheight=\dimen155
\BAextraheightafterhline=\dimen156
\BAarrayrulewidth=\dimen157
\BAdoublerulesep=\dimen158
\BAfootskip=\dimen159
\BA@dashbox=\box56
\BA@ddashbox=\box57
)
(/usr/share/texlive/texmf-dist/tex/latex/numprint/numprint.sty
Package: numprint 2012/08/20 v1.39 Print numbers (HH)

(/usr/share/texlive/texmf-dist/tex/latex/tools/array.sty
Package: array 2021/10/04 v2.5f Tabular extension package (FMi)
\col@sep=\dimen160
\ar@mcellbox=\box58
\extrarowheight=\dimen161
\NC@list=\toks31
\extratabsurround=\skip54
\backup@length=\skip55
\ar@cellbox=\box59
)
\c@nprt@mantissa@digitsbefore=\count311
\c@nprt@mantissa@digitsafter=\count312
\c@nprt@exponent@digitsbefore=\count313
\c@nprt@exponent@digitsafter=\count314
\nprt@digitwidth=\skip56
\nprt@sepwidth=\skip57
\nprt@decimalwidth=\skip58
\nprt@blockwidth=\skip59
\nprt@digittoks=\toks32
\nprt@pretoks=\toks33
\nprt@posttoks=\toks34
\nprt@thisdigit=\count315
\nprt@curpos=\count316
\nprt@rndpos=\count317
\c@nprt@digitsfirstblock=\count318
\c@nprt@blockcnt=\count319
\c@nprt@cntprint=\count320

No configuration file `numprint.cfg' found.)
(/usr/share/texlive/texmf-dist/tex/latex/siunitx/siunitx.sty
Package: siunitx 2022-02-02 v3.0.46 A comprehensive (SI) units package
\l__siunitx_angle_tmp_dim=\dimen162
\l__siunitx_angle_marker_box=\box60
\l__siunitx_angle_unit_box=\box61
\l__siunitx_compound_count_int=\count321

(/usr/share/texlive/texmf-dist/tex/latex/translations/translations.sty
Package: translations 2022/01/04 v1.11 internationalization of LaTeX2e packages
 (CN)
)
\l__siunitx_number_exponent_fixed_int=\count322
\l__siunitx_number_min_decimal_int=\count323
\l__siunitx_number_min_integer_int=\count324
\l__siunitx_number_round_precision_int=\count325
\l__siunitx_number_group_minimum_int=\count326
\l__siunitx_table_tmp_box=\box62
\l__siunitx_table_tmp_dim=\dimen163
\l__siunitx_table_column_width_dim=\dimen164
\l__siunitx_table_integer_box=\box63
\l__siunitx_table_decimal_box=\box64
\l__siunitx_table_before_box=\box65
\l__siunitx_table_after_box=\box66
\l__siunitx_table_before_dim=\dimen165
\l__siunitx_table_carry_dim=\dimen166
\l__siunitx_unit_tmp_int=\count327
\l__siunitx_unit_position_int=\count328
\l__siunitx_unit_total_int=\count329

(/usr/share/texlive/texmf-dist/tex/latex/l3packages/l3keys2e/l3keys2e.sty
Package: l3keys2e 2022-01-12 LaTeX2e option processing using LaTeX3 keys
))
(/usr/share/texlive/texmf-dist/tex/latex/float/float.sty
Package: float 2001/11/08 v1.3d Float enhancements (AL)
\c@float@type=\count330
\float@exts=\toks35
\float@box=\box67
\@float@everytoks=\toks36
\@floatcapt=\box68
)
Package scrhack Info: loading float hack on input line 46.

(/usr/share/texlive/texmf-dist/tex/latex/koma-script/float.hak
File: float.hak 2021/11/13 v3.35 KOMA-Script scrhack part (hacking package floa
t)

(/usr/share/texlive/texmf-dist/tex/latex/koma-script/tocbasic.sty
Package: tocbasic 2021/11/13 v3.35 KOMA-Script package (handling toc-files)
\scr@dte@tocline@numberwidth=\skip60
\scr@dte@tocline@numbox=\box69
)
Package scrhack Info: redefining \newfloat on input line 163.
Package scrhack Info: redefining \listof on input line 163.
Package scrhack Info: undefining \float@addtolists on input line 163.
)
(/usr/share/texlive/texmf-dist/tex/latex/caption/subcaption.sty
Package: subcaption 2020/10/07 v1.3j Sub-captions (AR)

(/usr/share/texlive/texmf-dist/tex/latex/caption/caption.sty
Package: caption 2020/10/26 v3.5g Customizing captions (AR)

(/usr/share/texlive/texmf-dist/tex/latex/caption/caption3.sty
Package: caption3 2020/10/21 v2.2e caption3 kernel (AR)
\captionmargin=\dimen167
\captionmargin@=\dimen168
\captionwidth=\dimen169
\caption@tempdima=\dimen170
\caption@indent=\dimen171
\caption@parindent=\dimen172
\caption@hangindent=\dimen173
Package caption Info: Standard document class detected.
)
\c@caption@flags=\count331
\c@continuedfloat=\count332
Package caption Info: float package is loaded.
Package caption Info: hyperref package is loaded.
)
\c@subfigure=\count333
\c@subtable=\count334
)
(/usr/share/texlive/texmf-dist/tex/latex/xcolor/xcolor.sty
Package: xcolor 2021/10/31 v2.13 LaTeX color extensions (UK)

(/usr/share/texlive/texmf-dist/tex/latex/graphics-cfg/color.cfg
File: color.cfg 2016/01/02 v1.6 sample color configuration
)
Package xcolor Info: Driver file: pdftex.def on input line 227.

(/usr/share/texlive/texmf-dist/tex/latex/graphics-def/pdftex.def
File: pdftex.def 2020/10/05 v1.2a Graphics/color driver for pdftex
)
Package xcolor Info: Model `cmy' substituted by `cmy0' on input line 1352.
Package xcolor Info: Model `hsb' substituted by `rgb' on input line 1356.
Package xcolor Info: Model `RGB' extended on input line 1368.
Package xcolor Info: Model `HTML' substituted by `rgb' on input line 1370.
Package xcolor Info: Model `Hsb' substituted by `hsb' on input line 1371.
Package xcolor Info: Model `tHsb' substituted by `hsb' on input line 1372.
Package xcolor Info: Model `HSB' substituted by `hsb' on input line 1373.
Package xcolor Info: Model `Gray' substituted by `gray' on input line 1374.
Package xcolor Info: Model `wave' substituted by `hsb' on input line 1375.
)
(/usr/share/texlive/texmf-dist/tex/generic/soulutf8/soulutf8.sty
Package: soulutf8 2019/12/15 v1.2 Permit use of UTF-8 characters in soul (HO)

(/usr/share/texlive/texmf-dist/tex/generic/soul/soul.sty
Package: soul 2003/11/17 v2.4 letterspacing/underlining (mf)
\SOUL@word=\toks37
\SOUL@lasttoken=\toks38
\SOUL@cmds=\toks39
\SOUL@buffer=\toks40
\SOUL@token=\toks41
\SOUL@spaceskip=\skip61
\SOUL@ttwidth=\dimen174
\SOUL@uldp=\dimen175
\SOUL@ulht=\dimen176
))
(/usr/share/texlive/texmf-dist/tex/latex/todonotes/todonotes.sty
Package: todonotes 2021/06/04 v1.1.5 Todonotes source and documentation.
Package: todonotes 2021/06/04

(/usr/share/texlive/texmf-dist/tex/latex/base/ifthen.sty
Package: ifthen 2020/11/24 v1.1c Standard LaTeX ifthen package (DPC)
)
(/usr/share/texlive/texmf-dist/tex/latex/pgf/frontendlayer/tikz.sty
(/usr/share/texlive/texmf-dist/tex/latex/pgf/basiclayer/pgf.sty
(/usr/share/texlive/texmf-dist/tex/latex/pgf/utilities/pgfrcs.sty
(/usr/share/texlive/texmf-dist/tex/generic/pgf/utilities/pgfutil-common.tex
\pgfutil@everybye=\toks42
\pgfutil@tempdima=\dimen177
\pgfutil@tempdimb=\dimen178

(/usr/share/texlive/texmf-dist/tex/generic/pgf/utilities/pgfutil-common-lists.t
ex)) (/usr/share/texlive/texmf-dist/tex/generic/pgf/utilities/pgfutil-latex.def
\pgfutil@abb=\box70
) (/usr/share/texlive/texmf-dist/tex/generic/pgf/utilities/pgfrcs.code.tex
(/usr/share/texlive/texmf-dist/tex/generic/pgf/pgf.revision.tex)
Package: pgfrcs 2021/05/15 v3.1.9a (3.1.9a)
))
Package: pgf 2021/05/15 v3.1.9a (3.1.9a)

(/usr/share/texlive/texmf-dist/tex/latex/pgf/basiclayer/pgfcore.sty
(/usr/share/texlive/texmf-dist/tex/latex/graphics/graphicx.sty
Package: graphicx 2021/09/16 v1.2d Enhanced LaTeX Graphics (DPC,SPQR)

(/usr/share/texlive/texmf-dist/tex/latex/graphics/graphics.sty
Package: graphics 2021/03/04 v1.4d Standard LaTeX Graphics (DPC,SPQR)

(/usr/share/texlive/texmf-dist/tex/latex/graphics/trig.sty
Package: trig 2021/08/11 v1.11 sin cos tan (DPC)
)
(/usr/share/texlive/texmf-dist/tex/latex/graphics-cfg/graphics.cfg
File: graphics.cfg 2016/06/04 v1.11 sample graphics configuration
)
Package graphics Info: Driver file: pdftex.def on input line 107.
)
\Gin@req@height=\dimen179
\Gin@req@width=\dimen180
)
(/usr/share/texlive/texmf-dist/tex/latex/pgf/systemlayer/pgfsys.sty
(/usr/share/texlive/texmf-dist/tex/generic/pgf/systemlayer/pgfsys.code.tex
Package: pgfsys 2021/05/15 v3.1.9a (3.1.9a)

(/usr/share/texlive/texmf-dist/tex/generic/pgf/utilities/pgfkeys.code.tex
\pgfkeys@pathtoks=\toks43
\pgfkeys@temptoks=\toks44

(/usr/share/texlive/texmf-dist/tex/generic/pgf/utilities/pgfkeysfiltered.code.t
ex
\pgfkeys@tmptoks=\toks45
))
\pgf@x=\dimen181
\pgf@y=\dimen182
\pgf@xa=\dimen183
\pgf@ya=\dimen184
\pgf@xb=\dimen185
\pgf@yb=\dimen186
\pgf@xc=\dimen187
\pgf@yc=\dimen188
\pgf@xd=\dimen189
\pgf@yd=\dimen190
\w@pgf@writea=\write3
\r@pgf@reada=\read3
\c@pgf@counta=\count335
\c@pgf@countb=\count336
\c@pgf@countc=\count337
\c@pgf@countd=\count338
\t@pgf@toka=\toks46
\t@pgf@tokb=\toks47
\t@pgf@tokc=\toks48
\pgf@sys@id@count=\count339
 (/usr/share/texlive/texmf-dist/tex/generic/pgf/systemlayer/pgf.cfg
File: pgf.cfg 2021/05/15 v3.1.9a (3.1.9a)
)
Driver file for pgf: pgfsys-pdftex.def

(/usr/share/texlive/texmf-dist/tex/generic/pgf/systemlayer/pgfsys-pdftex.def
File: pgfsys-pdftex.def 2021/05/15 v3.1.9a (3.1.9a)

(/usr/share/texlive/texmf-dist/tex/generic/pgf/systemlayer/pgfsys-common-pdf.de
f
File: pgfsys-common-pdf.def 2021/05/15 v3.1.9a (3.1.9a)
)))
(/usr/share/texlive/texmf-dist/tex/generic/pgf/systemlayer/pgfsyssoftpath.code.
tex
File: pgfsyssoftpath.code.tex 2021/05/15 v3.1.9a (3.1.9a)
\pgfsyssoftpath@smallbuffer@items=\count340
\pgfsyssoftpath@bigbuffer@items=\count341
)
(/usr/share/texlive/texmf-dist/tex/generic/pgf/systemlayer/pgfsysprotocol.code.
tex
File: pgfsysprotocol.code.tex 2021/05/15 v3.1.9a (3.1.9a)
))
(/usr/share/texlive/texmf-dist/tex/generic/pgf/basiclayer/pgfcore.code.tex
Package: pgfcore 2021/05/15 v3.1.9a (3.1.9a)

(/usr/share/texlive/texmf-dist/tex/generic/pgf/math/pgfmath.code.tex
(/usr/share/texlive/texmf-dist/tex/generic/pgf/math/pgfmathcalc.code.tex
(/usr/share/texlive/texmf-dist/tex/generic/pgf/math/pgfmathutil.code.tex)
(/usr/share/texlive/texmf-dist/tex/generic/pgf/math/pgfmathparser.code.tex
\pgfmath@dimen=\dimen191
\pgfmath@count=\count342
\pgfmath@box=\box71
\pgfmath@toks=\toks49
\pgfmath@stack@operand=\toks50
\pgfmath@stack@operation=\toks51
)
(/usr/share/texlive/texmf-dist/tex/generic/pgf/math/pgfmathfunctions.code.tex
(/usr/share/texlive/texmf-dist/tex/generic/pgf/math/pgfmathfunctions.basic.code
.tex)
(/usr/share/texlive/texmf-dist/tex/generic/pgf/math/pgfmathfunctions.trigonomet
ric.code.tex)
(/usr/share/texlive/texmf-dist/tex/generic/pgf/math/pgfmathfunctions.random.cod
e.tex)
(/usr/share/texlive/texmf-dist/tex/generic/pgf/math/pgfmathfunctions.comparison
.code.tex)
(/usr/share/texlive/texmf-dist/tex/generic/pgf/math/pgfmathfunctions.base.code.
tex)
(/usr/share/texlive/texmf-dist/tex/generic/pgf/math/pgfmathfunctions.round.code
.tex)
(/usr/share/texlive/texmf-dist/tex/generic/pgf/math/pgfmathfunctions.misc.code.
tex)
(/usr/share/texlive/texmf-dist/tex/generic/pgf/math/pgfmathfunctions.integerari
thmetics.code.tex)))
(/usr/share/texlive/texmf-dist/tex/generic/pgf/math/pgfmathfloat.code.tex
\c@pgfmathroundto@lastzeros=\count343
))
(/usr/share/texlive/texmf-dist/tex/generic/pgf/math/pgfint.code.tex)
(/usr/share/texlive/texmf-dist/tex/generic/pgf/basiclayer/pgfcorepoints.code.te
x
File: pgfcorepoints.code.tex 2021/05/15 v3.1.9a (3.1.9a)
\pgf@picminx=\dimen192
\pgf@picmaxx=\dimen193
\pgf@picminy=\dimen194
\pgf@picmaxy=\dimen195
\pgf@pathminx=\dimen196
\pgf@pathmaxx=\dimen197
\pgf@pathminy=\dimen198
\pgf@pathmaxy=\dimen199
\pgf@xx=\dimen256
\pgf@xy=\dimen257
\pgf@yx=\dimen258
\pgf@yy=\dimen259
\pgf@zx=\dimen260
\pgf@zy=\dimen261
)
(/usr/share/texlive/texmf-dist/tex/generic/pgf/basiclayer/pgfcorepathconstruct.
code.tex
File: pgfcorepathconstruct.code.tex 2021/05/15 v3.1.9a (3.1.9a)
\pgf@path@lastx=\dimen262
\pgf@path@lasty=\dimen263
)
(/usr/share/texlive/texmf-dist/tex/generic/pgf/basiclayer/pgfcorepathusage.code
.tex
File: pgfcorepathusage.code.tex 2021/05/15 v3.1.9a (3.1.9a)
\pgf@shorten@end@additional=\dimen264
\pgf@shorten@start@additional=\dimen265
)
(/usr/share/texlive/texmf-dist/tex/generic/pgf/basiclayer/pgfcorescopes.code.te
x
File: pgfcorescopes.code.tex 2021/05/15 v3.1.9a (3.1.9a)
\pgfpic=\box72
\pgf@hbox=\box73
\pgf@layerbox@main=\box74
\pgf@picture@serial@count=\count344
)
(/usr/share/texlive/texmf-dist/tex/generic/pgf/basiclayer/pgfcoregraphicstate.c
ode.tex
File: pgfcoregraphicstate.code.tex 2021/05/15 v3.1.9a (3.1.9a)
\pgflinewidth=\dimen266
)
(/usr/share/texlive/texmf-dist/tex/generic/pgf/basiclayer/pgfcoretransformation
s.code.tex
File: pgfcoretransformations.code.tex 2021/05/15 v3.1.9a (3.1.9a)
\pgf@pt@x=\dimen267
\pgf@pt@y=\dimen268
\pgf@pt@temp=\dimen269
)
(/usr/share/texlive/texmf-dist/tex/generic/pgf/basiclayer/pgfcorequick.code.tex
File: pgfcorequick.code.tex 2021/05/15 v3.1.9a (3.1.9a)
)
(/usr/share/texlive/texmf-dist/tex/generic/pgf/basiclayer/pgfcoreobjects.code.t
ex
File: pgfcoreobjects.code.tex 2021/05/15 v3.1.9a (3.1.9a)
)
(/usr/share/texlive/texmf-dist/tex/generic/pgf/basiclayer/pgfcorepathprocessing
.code.tex
File: pgfcorepathprocessing.code.tex 2021/05/15 v3.1.9a (3.1.9a)
)
(/usr/share/texlive/texmf-dist/tex/generic/pgf/basiclayer/pgfcorearrows.code.te
x
File: pgfcorearrows.code.tex 2021/05/15 v3.1.9a (3.1.9a)
\pgfarrowsep=\dimen270
)
(/usr/share/texlive/texmf-dist/tex/generic/pgf/basiclayer/pgfcoreshade.code.tex
File: pgfcoreshade.code.tex 2021/05/15 v3.1.9a (3.1.9a)
\pgf@max=\dimen271
\pgf@sys@shading@range@num=\count345
\pgf@shadingcount=\count346
)
(/usr/share/texlive/texmf-dist/tex/generic/pgf/basiclayer/pgfcoreimage.code.tex
File: pgfcoreimage.code.tex 2021/05/15 v3.1.9a (3.1.9a)

(/usr/share/texlive/texmf-dist/tex/generic/pgf/basiclayer/pgfcoreexternal.code.
tex
File: pgfcoreexternal.code.tex 2021/05/15 v3.1.9a (3.1.9a)
\pgfexternal@startupbox=\box75
))
(/usr/share/texlive/texmf-dist/tex/generic/pgf/basiclayer/pgfcorelayers.code.te
x
File: pgfcorelayers.code.tex 2021/05/15 v3.1.9a (3.1.9a)
)
(/usr/share/texlive/texmf-dist/tex/generic/pgf/basiclayer/pgfcoretransparency.c
ode.tex
File: pgfcoretransparency.code.tex 2021/05/15 v3.1.9a (3.1.9a)
)
(/usr/share/texlive/texmf-dist/tex/generic/pgf/basiclayer/pgfcorepatterns.code.
tex
File: pgfcorepatterns.code.tex 2021/05/15 v3.1.9a (3.1.9a)
)
(/usr/share/texlive/texmf-dist/tex/generic/pgf/basiclayer/pgfcorerdf.code.tex
File: pgfcorerdf.code.tex 2021/05/15 v3.1.9a (3.1.9a)
)))
(/usr/share/texlive/texmf-dist/tex/generic/pgf/modules/pgfmoduleshapes.code.tex
File: pgfmoduleshapes.code.tex 2021/05/15 v3.1.9a (3.1.9a)
\pgfnodeparttextbox=\box76
) (/usr/share/texlive/texmf-dist/tex/generic/pgf/modules/pgfmoduleplot.code.tex
File: pgfmoduleplot.code.tex 2021/05/15 v3.1.9a (3.1.9a)
)
(/usr/share/texlive/texmf-dist/tex/latex/pgf/compatibility/pgfcomp-version-0-65
.sty
Package: pgfcomp-version-0-65 2021/05/15 v3.1.9a (3.1.9a)
\pgf@nodesepstart=\dimen272
\pgf@nodesepend=\dimen273
)
(/usr/share/texlive/texmf-dist/tex/latex/pgf/compatibility/pgfcomp-version-1-18
.sty
Package: pgfcomp-version-1-18 2021/05/15 v3.1.9a (3.1.9a)
)) (/usr/share/texlive/texmf-dist/tex/latex/pgf/utilities/pgffor.sty
(/usr/share/texlive/texmf-dist/tex/latex/pgf/utilities/pgfkeys.sty
(/usr/share/texlive/texmf-dist/tex/generic/pgf/utilities/pgfkeys.code.tex))
(/usr/share/texlive/texmf-dist/tex/latex/pgf/math/pgfmath.sty
(/usr/share/texlive/texmf-dist/tex/generic/pgf/math/pgfmath.code.tex))
(/usr/share/texlive/texmf-dist/tex/generic/pgf/utilities/pgffor.code.tex
Package: pgffor 2021/05/15 v3.1.9a (3.1.9a)

(/usr/share/texlive/texmf-dist/tex/generic/pgf/math/pgfmath.code.tex)
\pgffor@iter=\dimen274
\pgffor@skip=\dimen275
\pgffor@stack=\toks52
\pgffor@toks=\toks53
))
(/usr/share/texlive/texmf-dist/tex/generic/pgf/frontendlayer/tikz/tikz.code.tex
Package: tikz 2021/05/15 v3.1.9a (3.1.9a)

(/usr/share/texlive/texmf-dist/tex/generic/pgf/libraries/pgflibraryplothandlers
.code.tex
File: pgflibraryplothandlers.code.tex 2021/05/15 v3.1.9a (3.1.9a)
\pgf@plot@mark@count=\count347
\pgfplotmarksize=\dimen276
)
\tikz@lastx=\dimen277
\tikz@lasty=\dimen278
\tikz@lastxsaved=\dimen279
\tikz@lastysaved=\dimen280
\tikz@lastmovetox=\dimen281
\tikz@lastmovetoy=\dimen282
\tikzleveldistance=\dimen283
\tikzsiblingdistance=\dimen284
\tikz@figbox=\box77
\tikz@figbox@bg=\box78
\tikz@tempbox=\box79
\tikz@tempbox@bg=\box80
\tikztreelevel=\count348
\tikznumberofchildren=\count349
\tikznumberofcurrentchild=\count350
\tikz@fig@count=\count351

(/usr/share/texlive/texmf-dist/tex/generic/pgf/modules/pgfmodulematrix.code.tex
File: pgfmodulematrix.code.tex 2021/05/15 v3.1.9a (3.1.9a)
\pgfmatrixcurrentrow=\count352
\pgfmatrixcurrentcolumn=\count353
\pgf@matrix@numberofcolumns=\count354
)
\tikz@expandcount=\count355

(/usr/share/texlive/texmf-dist/tex/generic/pgf/frontendlayer/tikz/libraries/tik
zlibrarytopaths.code.tex
File: tikzlibrarytopaths.code.tex 2021/05/15 v3.1.9a (3.1.9a)
)))
(/usr/share/texlive/texmf-dist/tex/generic/pgf/frontendlayer/tikz/libraries/tik
zlibrarypositioning.code.tex
File: tikzlibrarypositioning.code.tex 2021/05/15 v3.1.9a (3.1.9a)
)
(/usr/share/texlive/texmf-dist/tex/latex/tools/calc.sty
Package: calc 2017/05/25 v4.3 Infix arithmetic (KKT,FJ)
\calc@Acount=\count356
\calc@Bcount=\count357
\calc@Adimen=\dimen285
\calc@Bdimen=\dimen286
\calc@Askip=\skip62
\calc@Bskip=\skip63
LaTeX Info: Redefining \setlength on input line 80.
LaTeX Info: Redefining \addtolength on input line 81.
\calc@Ccount=\count358
\calc@Cskip=\skip64
)
\c@@todonotes@numberoftodonotes=\count359
)
(/usr/share/texlive/texmf-dist/tex/latex/listings/listings.sty
\lst@mode=\count360
\lst@gtempboxa=\box81
\lst@token=\toks54
\lst@length=\count361
\lst@currlwidth=\dimen287
\lst@column=\count362
\lst@pos=\count363
\lst@lostspace=\dimen288
\lst@width=\dimen289
\lst@newlines=\count364
\lst@lineno=\count365
\lst@maxwidth=\dimen290

(/usr/share/texlive/texmf-dist/tex/latex/listings/lstmisc.sty
File: lstmisc.sty 2020/03/24 1.8d (Carsten Heinz)
\c@lstnumber=\count366
\lst@skipnumbers=\count367
\lst@framebox=\box82
)
(/usr/share/texlive/texmf-dist/tex/latex/listings/listings.cfg
File: listings.cfg 2020/03/24 1.8d listings configuration
))
Package scrhack Info: loading listings hack on input line 79.

(/usr/share/texlive/texmf-dist/tex/latex/koma-script/listings.hak
File: listings.hak 2021/11/13 v3.35 KOMA-Script scrhack part (hacking package l
istings)
Package tocbasic Info: setting babel extension for `lol' on input line 143.
Package scrhack Info: redefining \lstlistoflistings on input line 143.
)
Package: listings 2020/03/24 1.8d (Carsten Heinz)
LaTeX Font Info:    Trying to load font information for T1+txtt on input line 1
41.

(/usr/share/texlive/texmf-dist/tex/latex/txfonts/t1txtt.fd
File: t1txtt.fd 2000/12/15 v3.1
)
LaTeX Font Info:    Trying to load font information for T1+lmr on input line 23
5.

(/usr/share/texmf/tex/latex/lm/t1lmr.fd
File: t1lmr.fd 2009/10/30 v1.6 Font defs for Latin Modern
) (./statisticalLearningSummary.aux

LaTeX Warning: Label `fig:1.1' multiply defined.


LaTeX Warning: Label `fig:1.4' multiply defined.


LaTeX Warning: Label `fig:2.1' multiply defined.

)
\openout1 = `statisticalLearningSummary.aux'.

LaTeX Font Info:    Checking defaults for OML/cmm/m/it on input line 235.
LaTeX Font Info:    ... okay on input line 235.
LaTeX Font Info:    Checking defaults for OMS/cmsy/m/n on input line 235.
LaTeX Font Info:    ... okay on input line 235.
LaTeX Font Info:    Checking defaults for OT1/cmr/m/n on input line 235.
LaTeX Font Info:    ... okay on input line 235.
LaTeX Font Info:    Checking defaults for T1/cmr/m/n on input line 235.
LaTeX Font Info:    ... okay on input line 235.
LaTeX Font Info:    Checking defaults for TS1/cmr/m/n on input line 235.
LaTeX Font Info:    ... okay on input line 235.
LaTeX Font Info:    Checking defaults for OMX/cmex/m/n on input line 235.
LaTeX Font Info:    ... okay on input line 235.
LaTeX Font Info:    Checking defaults for U/cmr/m/n on input line 235.
LaTeX Font Info:    ... okay on input line 235.
LaTeX Font Info:    Checking defaults for PD1/pdf/m/n on input line 235.
LaTeX Font Info:    ... okay on input line 235.
LaTeX Font Info:    Checking defaults for PU/pdf/m/n on input line 235.
LaTeX Font Info:    ... okay on input line 235.
Package hyperref Info: Link coloring OFF on input line 235.
 (/usr/share/texlive/texmf-dist/tex/latex/hyperref/nameref.sty
Package: nameref 2021-04-02 v2.47 Cross-referencing by name of section

(/usr/share/texlive/texmf-dist/tex/latex/refcount/refcount.sty
Package: refcount 2019/12/15 v3.6 Data extraction from label references (HO)
)
(/usr/share/texlive/texmf-dist/tex/generic/gettitlestring/gettitlestring.sty
Package: gettitlestring 2019/12/15 v1.6 Cleanup title references (HO)
)
\c@section@level=\count368
)
LaTeX Info: Redefining \ref on input line 235.
LaTeX Info: Redefining \pageref on input line 235.
LaTeX Info: Redefining \nameref on input line 235.

(./statisticalLearningSummary.out) (./statisticalLearningSummary.out)
\@outlinefile=\write4
\openout4 = `statisticalLearningSummary.out'.


(/usr/share/texlive/texmf-dist/tex/latex/translations/translations-basic-dictio
nary-english.trsl
File: translations-basic-dictionary-english.trsl (english translation file `tra
nslations-basic-dictionary')
)
Package translations Info: loading dictionary `translations-basic-dictionary' f
or `english'. on input line 235.
Package caption Info: Begin \AtBeginDocument code.
Package caption Info: listings package is loaded.
Package caption Info: End \AtBeginDocument code.

(/usr/share/texlive/texmf-dist/tex/context/base/mkii/supp-pdf.mkii
[Loading MPS to PDF converter (version 2006.09.02).]
\scratchcounter=\count369
\scratchdimen=\dimen291
\scratchbox=\box83
\nofMPsegments=\count370
\nofMParguments=\count371
\everyMPshowfont=\toks55
\MPscratchCnt=\count372
\MPscratchDim=\dimen292
\MPnumerator=\count373
\makeMPintoPDFobject=\count374
\everyMPtoPDFconversion=\toks56
) (/usr/share/texlive/texmf-dist/tex/latex/epstopdf-pkg/epstopdf-base.sty
Package: epstopdf-base 2020-01-24 v2.11 Base part for package epstopdf
Package epstopdf-base Info: Redefining graphics rule for `.eps' on input line 4
85.

(/usr/share/texlive/texmf-dist/tex/latex/latexconfig/epstopdf-sys.cfg
File: epstopdf-sys.cfg 2010/07/13 v1.3 Configuration of (r)epstopdf for TeX Liv
e
))
\c@lstlisting=\count375
Package scrhack Info: undefining \float@addtolists on input line 235.
LaTeX Font Info:    Trying to load font information for OT1+lmr on input line 2
38.

(/usr/share/texmf/tex/latex/lm/ot1lmr.fd
File: ot1lmr.fd 2009/10/30 v1.6 Font defs for Latin Modern
)
LaTeX Font Info:    Trying to load font information for OML+lmm on input line 2
38.

(/usr/share/texmf/tex/latex/lm/omllmm.fd
File: omllmm.fd 2009/10/30 v1.6 Font defs for Latin Modern
)
LaTeX Font Info:    Trying to load font information for OMS+lmsy on input line 
238.

(/usr/share/texmf/tex/latex/lm/omslmsy.fd
File: omslmsy.fd 2009/10/30 v1.6 Font defs for Latin Modern
)
LaTeX Font Info:    Trying to load font information for OMX+lmex on input line 
238.

(/usr/share/texmf/tex/latex/lm/omxlmex.fd
File: omxlmex.fd 2009/10/30 v1.6 Font defs for Latin Modern
)
LaTeX Font Info:    External font `lmex10' loaded for size
(Font)              <12> on input line 238.
LaTeX Font Info:    External font `lmex10' loaded for size
(Font)              <8> on input line 238.
LaTeX Font Info:    External font `lmex10' loaded for size
(Font)              <6> on input line 238.
LaTeX Font Info:    Trying to load font information for U+msa on input line 238
.

(/usr/share/texlive/texmf-dist/tex/latex/amsfonts/umsa.fd
File: umsa.fd 2013/01/14 v3.01 AMS symbols A
)
LaTeX Font Info:    Trying to load font information for U+msb on input line 238
.

(/usr/share/texlive/texmf-dist/tex/latex/amsfonts/umsb.fd
File: umsb.fd 2013/01/14 v3.01 AMS symbols B
) [1


{/var/lib/texmf/fonts/map/pdftex/updmap/pdftex.map}] [2] (./statisticalLearning
Summary.toc
LaTeX Font Info:    External font `lmex10' loaded for size
(Font)              <10> on input line 3.
LaTeX Font Info:    External font `lmex10' loaded for size
(Font)              <7> on input line 3.
LaTeX Font Info:    External font `lmex10' loaded for size
(Font)              <5> on input line 3.

[3

])
\tf@toc=\write5
\openout5 = `statisticalLearningSummary.toc'.

 [4]
Chapter 1.
(./chap/1_introductionToStatisticalLearning.tex
(./chap/1chap/1_StatisticalLearning.tex
(./chap/1chap/1sec/1_whatIsStatisticalLearning.tex
LaTeX Font Info:    Trying to load font information for TS1+lmr on input line 4
.

(/usr/share/texmf/tex/latex/lm/ts1lmr.fd
File: ts1lmr.fd 2009/10/30 v1.6 Font defs for Latin Modern
)
<./chap/1chap/1sec/1images/1_1estimationOfF.png, id=338, 548.0475pt x 290.08376
pt>
File: ./chap/1chap/1sec/1images/1_1estimationOfF.png Graphic file (type png)
<use ./chap/1chap/1sec/1images/1_1estimationOfF.png>
Package pdftex.def Info: ./chap/1chap/1sec/1images/1_1estimationOfF.png  used o
n input line 21.
(pdftex.def)             Requested size: 172.5pt x 91.30603pt.
<./chap/1chap/1sec/1images/1_2estimationF2D.png, id=340, 478.78876pt x 372.3912
5pt>
File: ./chap/1chap/1sec/1images/1_2estimationF2D.png Graphic file (type png)
<use ./chap/1chap/1sec/1images/1_2estimationF2D.png>
Package pdftex.def Info: ./chap/1chap/1sec/1images/1_2estimationF2D.png  used o
n input line 27.
(pdftex.def)             Requested size: 172.5pt x 134.16302pt.

Overfull \hbox (168.3389pt too wide) in paragraph at lines 8--30
[]$
 []


Underfull \hbox (badness 10000) in paragraph at lines 8--30

 []


Underfull \vbox (badness 2600) has occurred while \output is active []

 [5

 <./chap/1chap/1sec/1images/1_1estimationOfF.png>]
Overfull \hbox (71.23698pt too wide) in paragraph at lines 35--51
[]$ 
 []


Underfull \hbox (badness 10000) in paragraph at lines 55--58

 []

[6 <./chap/1chap/1sec/1images/1_2estimationF2D.png>]
<./chap/1chap/1sec/1images/1_3linearEstimation.png, id=369, 450.68375pt x 352.3
1625pt>
File: ./chap/1chap/1sec/1images/1_3linearEstimation.png Graphic file (type png)

<use ./chap/1chap/1sec/1images/1_3linearEstimation.png>
Package pdftex.def Info: ./chap/1chap/1sec/1images/1_3linearEstimation.png  use
d on input line 97.
(pdftex.def)             Requested size: 155.25224pt x 142.2626pt.
LaTeX Font Info:    External font `lmex10' loaded for size
(Font)              <9> on input line 98.
<./chap/1chap/1sec/1images/1_4BestEstimation.png, id=370, 454.69875pt x 334.248
75pt>
File: ./chap/1chap/1sec/1images/1_4BestEstimation.png Graphic file (type png)
<use ./chap/1chap/1sec/1images/1_4BestEstimation.png>
Package pdftex.def Info: ./chap/1chap/1sec/1images/1_4BestEstimation.png  used 
on input line 102.
(pdftex.def)             Requested size: 155.24771pt x 142.26549pt.

Overfull \hbox (2.22221pt too wide) in paragraph at lines 96--106
[]$[]$ $[]$ 
 []


Overfull \hbox (175.99283pt too wide) in paragraph at lines 94--108
[][][]\T1/lmr/m/n/10 . 
 []

<./chap/1chap/1sec/1images/1_5ToChooseAgoodApproach.png, id=371, 554.07pt x 335
.2525pt>
File: ./chap/1chap/1sec/1images/1_5ToChooseAgoodApproach.png Graphic file (type
 png)
<use ./chap/1chap/1sec/1images/1_5ToChooseAgoodApproach.png>
Package pdftex.def Info: ./chap/1chap/1sec/1images/1_5ToChooseAgoodApproach.png
  used on input line 124.
(pdftex.def)             Requested size: 241.49895pt x 146.12524pt.
[7 <./chap/1chap/1sec/1images/1_3linearEstimation.png> <./chap/1chap/1sec/1imag
es/1_4BestEstimation.png>]
<./chap/1chap/1sec/1images/1_6Clustering.png, id=390, 616.3025pt x 309.155pt>
File: ./chap/1chap/1sec/1images/1_6Clustering.png Graphic file (type png)
<use ./chap/1chap/1sec/1images/1_6Clustering.png>
Package pdftex.def Info: ./chap/1chap/1sec/1images/1_6Clustering.png  used on i
nput line 138.
(pdftex.def)             Requested size: 241.49895pt x 121.14075pt.
) (./chap/1chap/1sec/2_assessingModelAccuracy.tex
<./chap/1chap/1sec/2images/2_1trainingMSEandTestMSE.png, id=391, 770.88pt x 406
.51875pt>
File: ./chap/1chap/1sec/2images/2_1trainingMSEandTestMSE.png Graphic file (type
 png)
<use ./chap/1chap/1sec/2images/2_1trainingMSEandTestMSE.png>
Package pdftex.def Info: ./chap/1chap/1sec/2images/2_1trainingMSEandTestMSE.png
  used on input line 19.
(pdftex.def)             Requested size: 345.0pt x 181.93306pt.

Overfull \hbox (71.7154pt too wide) in paragraph at lines 2--25
\T1/lmr/m/n/10 used mea-sure of model ac-cu-racy is the []\T1/lmr/m/it/10 Mean 
Squared Er-ror (MSE)[]\T1/lmr/m/n/10 :[][][] 
 []

[8 <./chap/1chap/1sec/1images/1_5ToChooseAgoodApproach.png> <./chap/1chap/1sec/
1images/1_6Clustering.png>]
<./chap/1chap/1sec/2images/2_2biaisVarianceMSE.png, id=404, 806.01125pt x 362.3
5374pt>
File: ./chap/1chap/1sec/2images/2_2biaisVarianceMSE.png Graphic file (type png)

<use ./chap/1chap/1sec/2images/2_2biaisVarianceMSE.png>
Package pdftex.def Info: ./chap/1chap/1sec/2images/2_2biaisVarianceMSE.png  use
d on input line 47.
(pdftex.def)             Requested size: 345.0pt x 155.10135pt.

Overfull \hbox (83.39949pt too wide) in paragraph at lines 36--50
 []\T1/lmr/bx/n/10 The Bias-Variance Trade-Off[] [][][]
 []


Overfull \hbox (109.34451pt too wide) in paragraph at lines 36--50
[]$ 
 []

[9 <./chap/1chap/1sec/2images/2_1trainingMSEandTestMSE.png>]))
(./chap/1chap/2_LinearRegression.tex
Underfull \vbox (badness 3590) has occurred while \output is active []

 [10 <./chap/1chap/1sec/2images/2_2biaisVarianceMSE.png>]
(./chap/1chap/2sec/2_multipleLinearRegression.tex
<./chap/1chap/2sec/2images/1leastSquaresPlan.png, id=421, 464.73625pt x 497.86p
t>
File: ./chap/1chap/2sec/2images/1leastSquaresPlan.png Graphic file (type png)
<use ./chap/1chap/2sec/2images/1leastSquaresPlan.png>
Package pdftex.def Info: ./chap/1chap/2sec/2images/1leastSquaresPlan.png  used 
on input line 47.
(pdftex.def)             Requested size: 120.74947pt x 129.34938pt.
<./chap/1chap/2sec/2images/11projection.png, id=422, 450.68375pt x 346.29375pt>

File: ./chap/1chap/2sec/2images/11projection.png Graphic file (type png)
<use ./chap/1chap/2sec/2images/11projection.png>
Package pdftex.def Info: ./chap/1chap/2sec/2images/11projection.png  used on in
put line 53.
(pdftex.def)             Requested size: 172.5pt x 132.5441pt.
 [11] [12 <./chap/1chap/2sec/2images/1leastSquaresPlan.png> <./chap/1chap/2sec/
2images/11projection.png>])
(./chap/1chap/2sec/2_robust_regression.tex)) (./chap/1chap/3_Classification.tex
(./chap/1chap/3sec/2_whyNotLinearRegression.tex)
(./chap/1chap/3sec/3_logisticRegression.tex
<./chap/1chap/3sec/3images/1ProbabilityOfDefault.png, id=445, 860.21375pt x 326
.21875pt>
File: ./chap/1chap/3sec/3images/1ProbabilityOfDefault.png Graphic file (type pn
g)
<use ./chap/1chap/3sec/3images/1ProbabilityOfDefault.png>
Package pdftex.def Info: ./chap/1chap/3sec/3images/1ProbabilityOfDefault.png  u
sed on input line 6.
(pdftex.def)             Requested size: 345.0pt x 130.83362pt.

Overfull \hbox (20.37602pt too wide) in paragraph at lines 3--14
 []\T1/lmr/bx/n/10 The lo-gis-tic model[] \T1/lmr/m/it/10 How should we model t
he re-la-tion-ship be-tween $\U/msb/m/n/10 P[] []$
 []

[13] [14 <./chap/1chap/3sec/3images/1ProbabilityOfDefault.png>]
Overfull \hbox (54.96939pt too wide) in paragraph at lines 78--84
 []\T1/lmr/bx/n/10 Marketing Plan[] $[]$ 
 []

[15]
Overfull \hbox (13.54128pt too wide) in paragraph at lines 160--163
[]\T1/lmr/m/n/10 Let $\OML/lmm/b/it/10 p$ \T1/lmr/m/n/10 de-note the vec-tor of
 fit-ted prob-a-bil-i-ties with $\OML/lmm/m/it/10 i[]$ \T1/lmr/m/n/10 el-e-ment
 $\OML/lmm/m/it/10 p\OT1/lmr/m/n/10 (\OML/lmm/m/it/10 x[]\OT1/lmr/m/n/10 ; \OML
/lmm/m/it/10 ^^L[]\OT1/lmr/m/n/10 )[]\OML/lmm/b/it/10 W$
 []

(/usr/share/texlive/texmf-dist/tex/latex/listings/lstlang1.sty
File: lstlang1.sty 2020/03/24 1.8d listings language file
)
LaTeX Font Info:    Trying to load font information for T1+lmtt on input line 1
88.

(/usr/share/texmf/tex/latex/lm/t1lmtt.fd
File: t1lmtt.fd 2009/10/30 v1.6 Font defs for Latin Modern
) [16]
(/usr/share/texlive/texmf-dist/tex/latex/listings/lstlang1.sty
File: lstlang1.sty 2020/03/24 1.8d listings language file
)
(/usr/share/texlive/texmf-dist/tex/latex/listings/lstlang2.sty
File: lstlang2.sty 2020/03/24 1.8d listings language file
)
(/usr/share/texlive/texmf-dist/tex/latex/listings/lstlang3.sty
File: lstlang3.sty 2020/03/24 1.8d listings language file
)
Overfull \hbox (47.91385pt too wide) in paragraph at lines 215--218
[]\T1/lmr/m/n/10 A cen-tral limit the-o-rem then shows that the dis-tri-bu-tion
 of $[] \OML/lmm/m/it/10 ,[]\OMS/lmsy/m/n/10 ! N []$ 
 []

) (./chap/1chap/3sec/4_linearDiscriminantAnalysis.tex [17]
Overfull \hbox (16.67699pt too wide) in paragraph at lines 27--42
\T1/lmr/m/n/10 Knowing that $\OML/lmm/m/it/10 ^^[[] \OT1/lmr/m/n/10 = [] = \OML
/lmm/m/it/10 ^^[[]$ \T1/lmr/m/n/10 and tak-ing the log of $\OML/lmm/m/it/10 p[]
\OT1/lmr/m/n/10 (\OML/lmm/m/it/10 x\OT1/lmr/m/n/10 ) = []$ 
 []


Overfull \hbox (5.60197pt too wide) in paragraph at lines 54--79
\OML/lmm/m/it/10 ^^V \OT1/lmr/m/n/10 = [] []^^F = [] [] 
 []

[18] [19] [20]) (./chap/1chap/3sec/5_aComparisonOfClassificationMethods.tex
[21]) (./chap/1chap/3sec/8_separatingHyperplanes.tex
<./chap/1chap/3sec/8images/1_hyperplaneAffine.PNG, id=567, 353.06906pt x 304.13
625pt>
File: ./chap/1chap/3sec/8images/1_hyperplaneAffine.PNG Graphic file (type png)
<use ./chap/1chap/3sec/8images/1_hyperplaneAffine.PNG>
Package pdftex.def Info: ./chap/1chap/3sec/8images/1_hyperplaneAffine.PNG  used
 on input line 25.
(pdftex.def)             Requested size: 137.9979pt x 118.87253pt.
 [22]

Package amsmath Warning: Foreign command \atopwithdelims;
(amsmath)                \frac or \genfrac should be used instead
(amsmath)                 on input line 48.

)) (./chap/1chap/4_ResamplingMethods.tex
(./chap/1chap/4sec/1_crossValidation.tex [23 <./chap/1chap/3sec/8images/1_hyper
planeAffine.PNG>]
Underfull \hbox (badness 10000) in paragraph at lines 66--68

 []

[24]
Underfull \hbox (badness 10000) in paragraph at lines 69--75

 []


Underfull \hbox (badness 10000) in paragraph at lines 88--91

 []


Underfull \hbox (badness 10000) in paragraph at lines 92--96

 []


Underfull \hbox (badness 10000) in paragraph at lines 98--107

 []

[25]) (./chap/1chap/4sec/2_theBootstrap.tex
Underfull \hbox (badness 10000) in paragraph at lines 2--3

 []

<./chap/1chap/4sec/3_bootstrap.png, id=616, 694.595pt x 460.72125pt>
File: ./chap/1chap/4sec/3_bootstrap.png Graphic file (type png)
<use ./chap/1chap/4sec/3_bootstrap.png>
Package pdftex.def Info: ./chap/1chap/4sec/3_bootstrap.png  used on input line 
6.
(pdftex.def)             Requested size: 241.49895pt x 160.18628pt.
)) (./chap/1chap/5_LinearModelSelectionAndRegularization.tex
(./chap/1chap/5sec/1_subsetSelection.tex [26 <./chap/1chap/4sec/3_bootstrap.png
>]
Underfull \hbox (badness 10000) in paragraph at lines 24--27

 []


Underfull \hbox (badness 10000) in paragraph at lines 28--31

 []

[27] [28] [29] [30] [31] [32]
Underfull \hbox (badness 10000) in paragraph at lines 336--338

 []

) (./chap/1chap/5sec/2_shrinkageMethods.tex
Underfull \hbox (badness 10000) in paragraph at lines 10--13

 []

[33]
<./chap/1chap/5sec/images/4_PrincipalComponentsRidge.png, id=748, 465.74pt x 46
7.7475pt>
File: ./chap/1chap/5sec/images/4_PrincipalComponentsRidge.png Graphic file (typ
e png)
<use ./chap/1chap/5sec/images/4_PrincipalComponentsRidge.png>
Package pdftex.def Info: ./chap/1chap/5sec/images/4_PrincipalComponentsRidge.pn
g  used on input line 64.
(pdftex.def)             Requested size: 172.5pt x 173.24228pt.
 [34 <./chap/1chap/5sec/images/4_PrincipalComponentsRidge.png>]
Overfull \hbox (42.9032pt too wide) in paragraph at lines 121--122
 [][][] 
 []

<./chap/1chap/5sec/images/1RSSelipses.png, id=755, 727.71875pt x 354.32375pt>
File: ./chap/1chap/5sec/images/1RSSelipses.png Graphic file (type png)
<use ./chap/1chap/5sec/images/1RSSelipses.png>
Package pdftex.def Info: ./chap/1chap/5sec/images/1RSSelipses.png  used on inpu
t line 128.
(pdftex.def)             Requested size: 345.0pt x 167.98112pt.

Underfull \vbox (badness 2478) has occurred while \output is active []

 [35]
Underfull \hbox (badness 10000) in paragraph at lines 148--155

 []

<./chap/1chap/5sec/images/2bayesianPointOfView.png, id=772, 675.52374pt x 270.0
0874pt>
File: ./chap/1chap/5sec/images/2bayesianPointOfView.png Graphic file (type png)

<use ./chap/1chap/5sec/images/2bayesianPointOfView.png>
Package pdftex.def Info: ./chap/1chap/5sec/images/2bayesianPointOfView.png  use
d on input line 195.
(pdftex.def)             Requested size: 345.0pt x 137.90039pt.
[36 <./chap/1chap/5sec/images/1RSSelipses.png>]
<./chap/1chap/5sec/images/5_penaltyContours.png, id=781, 689.57625pt x 136.51pt
>
File: ./chap/1chap/5sec/images/5_penaltyContours.png Graphic file (type png)
<use ./chap/1chap/5sec/images/5_penaltyContours.png>
Package pdftex.def Info: ./chap/1chap/5sec/images/5_penaltyContours.png  used o
n input line 227.
(pdftex.def)             Requested size: 241.49895pt x 47.80836pt.

Overfull \hbox (103.86916pt too wide) in paragraph at lines 212--232
\T1/lmr/m/n/10 for $\OML/lmm/m/it/10 q \OMS/lmsy/m/n/10 ^^U \OT1/lmr/m/n/10 0$ 
\T1/lmr/m/n/10 The value: $[]$ 
 []

[37 <./chap/1chap/5sec/images/2bayesianPointOfView.png> <./chap/1chap/5sec/imag
es/5_penaltyContours.png>]
Underfull \hbox (badness 10000) in paragraph at lines 244--247

 []

[38]) (./chap/1chap/5sec/3_dimensionReductionMethods.tex [39]
Underfull \hbox (badness 10000) in paragraph at lines 25--29

 []


Underfull \hbox (badness 10000) in paragraph at lines 30--36

 []


Underfull \hbox (badness 10000) in paragraph at lines 47--51

 []

<./chap/1chap/5sec/images/3principalCompoment.png, id=835, 560.0925pt x 302.128
75pt>
File: ./chap/1chap/5sec/images/3principalCompoment.png Graphic file (type png)
<use ./chap/1chap/5sec/images/3principalCompoment.png>
Package pdftex.def Info: ./chap/1chap/5sec/images/3principalCompoment.png  used
 on input line 72.
(pdftex.def)             Requested size: 345.0pt x 186.11003pt.
[40]
Underfull \hbox (badness 10000) in paragraph at lines 81--85

 []


Underfull \hbox (badness 10000) in paragraph at lines 86--91

 []


Underfull \hbox (badness 10000) in paragraph at lines 92--96

 []

[41 <./chap/1chap/5sec/images/3principalCompoment.png>]
Underfull \hbox (badness 10000) in paragraph at lines 143--145

 []

[42]) (./chap/1chap/5sec/41_multipleOutcomeShrinkageSel.tex [43])
(./chap/1chap/5sec/42_moreOnTheLasso.tex
<chap/1chap/5sec/images/7_coefficientsFS.PNG, id=911, 502.87875pt x 295.85532pt
>
File: chap/1chap/5sec/images/7_coefficientsFS.PNG Graphic file (type png)
<use chap/1chap/5sec/images/7_coefficientsFS.PNG>
Package pdftex.def Info: chap/1chap/5sec/images/7_coefficientsFS.PNG  used on i
nput line 23.
(pdftex.def)             Requested size: 241.49895pt x 142.07664pt.
 [44 <./chap/1chap/5sec/images/7_coefficientsFS.PNG>]) (./chap/1chap/5sec/4_con
siderationInHighDimensions.tex [45]))
(./chap/1chap/6_MovingBeyondLinearity.tex
(./chap/1chap/6sec/1_polynomialRegression.tex)
(./chap/1chap/6sec/4_regressionSplines.tex [46]
Overfull \hbox (102.52193pt too wide) in paragraph at lines 42--50
\T1/lmr/m/n/10 re-gres-sion with an in-ter-cept and $\OT1/lmr/m/n/10 3 + \OML/l
mm/m/it/10 K$ \T1/lmr/m/n/10 pre-dic-tors of the form $\OML/lmm/m/it/10 X; X[];
 X[]; h [] ; h [] ; ; ::; h []$
 []

<./chap/1chap/6sec/images/1splines.png, id=960, 542.025pt x 329.23pt>
File: ./chap/1chap/6sec/images/1splines.png Graphic file (type png)
<use ./chap/1chap/6sec/images/1splines.png>
Package pdftex.def Info: ./chap/1chap/6sec/images/1splines.png  used on input l
ine 53.
(pdftex.def)             Requested size: 241.49895pt x 146.69025pt.
[47 <./chap/1chap/6sec/images/1splines.png>] [48])
(./chap/1chap/6sec/5_smoothingSplines.tex
Underfull \hbox (badness 10000) in paragraph at lines 9--11

 []

[49]
Underfull \hbox (badness 10000) in paragraph at lines 44--47

 []

[50]
Overfull \hbox (15.28099pt too wide) in paragraph at lines 115--122
\T1/lmr/m/n/10 Since $\OML/lmm/b/it/10 S[]$ \T1/lmr/m/n/10 is sym-met-ric (and 
pos-i-tive semi-definite), it has a real eigen-decomposition.
 []

[51]
<./chap/1chap/3sec/8images/2_tensorProduct.PNG, id=1064, 507.39563pt x 459.2156
2pt>
File: ./chap/1chap/3sec/8images/2_tensorProduct.PNG Graphic file (type png)
<use ./chap/1chap/3sec/8images/2_tensorProduct.PNG>
Package pdftex.def Info: ./chap/1chap/3sec/8images/2_tensorProduct.PNG  used on
 input line 171.
(pdftex.def)             Requested size: 345.0pt x 312.24847pt.
 [52]
<./chap/1chap/3sec/8images/3_wavelet.PNG, id=1071, 475.02469pt x 446.41782pt>
File: ./chap/1chap/3sec/8images/3_wavelet.PNG Graphic file (type png)
<use ./chap/1chap/3sec/8images/3_wavelet.PNG>
Package pdftex.def Info: ./chap/1chap/3sec/8images/3_wavelet.PNG  used on input
 line 184.
(pdftex.def)             Requested size: 345.0pt x 324.23384pt.

Underfull \vbox (badness 10000) has occurred while \output is active []

 [53 <./chap/1chap/3sec/8images/2_tensorProduct.PNG>]
Overfull \hbox (70.49892pt too wide) in paragraph at lines 207--211
[]\T1/lmr/m/n/10 Now $\OML/lmm/m/it/10 V[] \OT1/lmr/m/n/10 = \OML/lmm/m/it/10 V
[] [] W[] \OT1/lmr/m/n/10 = \OML/lmm/m/it/10 V[] [] W[] [] W[]$\T1/lmr/m/n/10 ,
 more gen-er-ally: $\OML/lmm/m/it/10 V[] \OT1/lmr/m/n/10 = \OML/lmm/m/it/10 V[]
 [] W[] [] W[] [] W[]$\T1/lmr/m/n/10 .
 []

[54 <./chap/1chap/3sec/8images/3_wavelet.PNG>]
<./chap/1chap/3sec/8images/40_localReg.PNG, id=1085, 514.92375pt x 225.84375pt>

File: ./chap/1chap/3sec/8images/40_localReg.PNG Graphic file (type png)
<use ./chap/1chap/3sec/8images/40_localReg.PNG>
Package pdftex.def Info: ./chap/1chap/3sec/8images/40_localReg.PNG  used on inp
ut line 236.
(pdftex.def)             Requested size: 345.0pt x 151.31796pt.
 [55 <./chap/1chap/3sec/8images/40_localReg.PNG>]
<./chap/1chap/3sec/8images/4_localReg.PNG, id=1095, 507.39563pt x 228.855pt>
File: ./chap/1chap/3sec/8images/4_localReg.PNG Graphic file (type png)
<use ./chap/1chap/3sec/8images/4_localReg.PNG>
Package pdftex.def Info: ./chap/1chap/3sec/8images/4_localReg.PNG  used on inpu
t line 268.
(pdftex.def)             Requested size: 345.0pt x 155.61235pt.
 [56 <./chap/1chap/3sec/8images/4_localReg.PNG>]
Overfull \hbox (0.22992pt too wide) in paragraph at lines 291--296
\T1/lmr/m/n/10 These []weights[] [][][][][] [][][]com[]-[]bine[] [][][]the[] []
[][]weight[]-[]ing[] [][][]ker[]-[]nel[] [][][][][] [][][]and[] [][][]the[] [][
][]least[] [][][]squares[]
 []


Overfull \hbox (35.48183pt too wide) detected at line 300
[]
 []

<./chap/1chap/3sec/8images/5_linearPoly.PNG, id=1103, 419.31656pt x 216.05719pt
>
File: ./chap/1chap/3sec/8images/5_linearPoly.PNG Graphic file (type png)
<use ./chap/1chap/3sec/8images/5_linearPoly.PNG>
Package pdftex.def Info: ./chap/1chap/3sec/8images/5_linearPoly.PNG  used on in
put line 314.
(pdftex.def)             Requested size: 241.49895pt x 124.433pt.
[57 <./chap/1chap/3sec/8images/5_linearPoly.PNG>]
Overfull \hbox (190.49445pt too wide) in paragraph at lines 355--366
\T1/lmr/m/n/10 Let $\OML/lmm/m/it/10 b\OT1/lmr/m/n/10 (\OML/lmm/m/it/10 X\OT1/l
mr/m/n/10 )$ \T1/lmr/m/n/10 be a vec-tor of poly-no-mial terms in $\OML/lmm/m/i
t/10 X$\T1/lmr/m/n/10 , of max-i-mum de-gree $\OML/lmm/m/it/10 d$\T1/lmr/m/n/10
 , $[]$ 
 []

[58] [59]) (./chap/1chap/6sec/6_localRegression.tex
<./chap/1chap/6sec/images/2localRegression.png, id=1133, 673.51625pt x 281.05pt
>
File: ./chap/1chap/6sec/images/2localRegression.png Graphic file (type png)
<use ./chap/1chap/6sec/images/2localRegression.png>
Package pdftex.def Info: ./chap/1chap/6sec/images/2localRegression.png  used on
 input line 9.
(pdftex.def)             Requested size: 345.0pt x 143.964pt.
) [60 <./chap/1chap/6sec/images/2localRegression.png>] (./chap/1chap/6sec/7_gen
eralizedAdditiveModels.tex
Underfull \hbox (badness 10000) in paragraph at lines 7--10

 []


Overfull \hbox (34.23709pt too wide) in paragraph at lines 12--19
\T1/lmr/m/n/10 In the re-gres-sion set-ting, a gen-er-al-ized ad-di-tive model 
has the form: $\U/msb/m/n/10 E [] \OT1/lmr/m/n/10 =
 []

[61] [62] [63]
Overfull \hbox (8.92572pt too wide) in paragraph at lines 145--150
\T1/lmr/m/n/10 Radial ba-sis func-tions com-bine these ideas by treat-ing the k
er-nel func-tion $\OML/lmm/m/it/10 K[]\OT1/lmr/m/n/10 (\OML/lmm/m/it/10 ^^X; x\
OT1/lmr/m/n/10 )$\T1/lmr/m/n/10 .
 []

[64]
Underfull \hbox (badness 10000) in paragraph at lines 191--201

 []


Overfull \hbox (78.52232pt too wide) detected at line 206
\OML/lmm/m/it/10 l[]\OT1/lmr/m/n/10 (\OML/lmm/m/it/10 ^^R\OT1/lmr/m/n/10 ; \OML
/lmm/b/it/10 Z\OML/lmm/m/it/10 ; \OT1/lmr/bx/n/10 ^^A\OT1/lmr/m/n/10 ) = [] [] 
+ [] []
 []


Overfull \hbox (26.21971pt too wide) in paragraph at lines 223--225
[]\T1/lmr/m/n/10 Excpectation Step: com-pute the re-spon-si-bil-i-ties: $[] \OT
1/lmr/m/n/10 = []$
 []

[65]
Overfull \hbox (4.4508pt too wide) in paragraph at lines 250--256
 []\T1/lmr/bx/n/10 The EM Al-go-rithm in Gen-eral[] \T1/lmr/m/n/10 Our ob-serve
d data is $\OML/lmm/b/it/10 Z$ \T1/lmr/m/n/10 hav-ing log-likelihood
 []


Overfull \hbox (27.29987pt too wide) in paragraph at lines 250--256
\T1/lmr/m/n/10 Since $\U/msb/m/n/10 P[] [] \OT1/lmr/m/n/10 = []$ \T1/lmr/m/n/10
 we can write: $\U/msb/m/n/10 P[] [] \OT1/lmr/m/n/10 = []$\T1/lmr/m/n/10 .
 []

[66]
<./chap/1chap/6sec/images/3_emAlgo.PNG, id=1250, 393.72093pt x 354.57469pt>
File: ./chap/1chap/6sec/images/3_emAlgo.PNG Graphic file (type png)
<use ./chap/1chap/6sec/images/3_emAlgo.PNG>
Package pdftex.def Info: ./chap/1chap/6sec/images/3_emAlgo.PNG  used on input l
ine 280.
(pdftex.def)             Requested size: 172.5pt x 155.34787pt.
 [67 <./chap/1chap/6sec/images/3_emAlgo.PNG>]
Overfull \hbox (3.22307pt too wide) in paragraph at lines 338--342
\T1/lmr/m/n/10 ran-domly through model space. In de-tail we draw boot-strap sam
-ples $[][]$
 []

[68])) (./chap/1chap/7_TreeBasedMethods.tex
(./chap/1chap/7sec/1_theBasicsOfDecisionTrees.tex
Underfull \hbox (badness 10000) in paragraph at lines 33--34

 []

[69] [70]
Underfull \hbox (badness 10000) in paragraph at lines 117--123

 []

[71]
<./chap/1chap/7sec/images/6_prim.png, id=1320, 688.5725pt x 512.91624pt>
File: ./chap/1chap/7sec/images/6_prim.png Graphic file (type png)
<use ./chap/1chap/7sec/images/6_prim.png>
Package pdftex.def Info: ./chap/1chap/7sec/images/6_prim.png  used on input lin
e 176.
(pdftex.def)             Requested size: 241.49895pt x 179.89122pt.

Overfull \hbox (106.39903pt too wide) in paragraph at lines 164--183
\T1/lmr/m/n/10 square. The color-coded plot in-di-cates the re-sponse $\OML/lmm
/m/it/10 Y \OT1/lmr/m/n/10 = []$ 
 []

[72 <./chap/1chap/7sec/images/6_prim.png>]
Overfull \hbox (39.46198pt too wide) in paragraph at lines 241--250
\T1/lmr/m/n/10 sider in-clud-ing a pair of prod-ucts the form: $\OML/lmm/m/it/1
0 h[]\OT1/lmr/m/n/10 (\OML/lmm/m/it/10 X\OT1/lmr/m/n/10 ) \OMS/lmsy/m/n/10 ^^B 
[][] []\OML/lmm/m/it/10 h[]\OT1/lmr/m/n/10 (\OML/lmm/m/it/10 X\OT1/lmr/m/n/10 )
 [][] \OML/lmm/m/it/10 ; t \OMS/lmsy/m/n/10 2
 []

[73]) (./chap/1chap/7sec/2_bagging_RandomForest_Boosting.tex [74] [75]
<./chap/1chap/7sec/images/1_adaboost.PNG, id=1387, 345.54094pt x 371.13657pt>
File: ./chap/1chap/7sec/images/1_adaboost.PNG Graphic file (type png)
<use ./chap/1chap/7sec/images/1_adaboost.PNG>
Package pdftex.def Info: ./chap/1chap/7sec/images/1_adaboost.PNG  used on input
 line 106.
(pdftex.def)             Requested size: 172.5pt x 185.279pt.
 [76 <./chap/1chap/7sec/images/1_adaboost.PNG>] [77]
<./chap/1chap/7sec/images/2_LossFunction.PNG, id=1430, 374.90062pt x 285.31593p
t>
File: ./chap/1chap/7sec/images/2_LossFunction.PNG Graphic file (type png)
<use ./chap/1chap/7sec/images/2_LossFunction.PNG>
Package pdftex.def Info: ./chap/1chap/7sec/images/2_LossFunction.PNG  used on i
nput line 181.
(pdftex.def)             Requested size: 207.0021pt x 157.53809pt.
 [78 <./chap/1chap/7sec/images/2_LossFunction.PNG>]
<./chap/1chap/7sec/images/3_LossFunction_reg.PNG, id=1451, 383.18156pt x 251.43
938pt>
File: ./chap/1chap/7sec/images/3_LossFunction_reg.PNG Graphic file (type png)
<use ./chap/1chap/7sec/images/3_LossFunction_reg.PNG>
Package pdftex.def Info: ./chap/1chap/7sec/images/3_LossFunction_reg.PNG  used 
on input line 214.
(pdftex.def)             Requested size: 241.49895pt x 158.46902pt.
<./chap/1chap/7sec/images/4_compMeth.PNG, id=1452, 478.03593pt x 374.90062pt>
File: ./chap/1chap/7sec/images/4_compMeth.PNG Graphic file (type png)
<use ./chap/1chap/7sec/images/4_compMeth.PNG>
Package pdftex.def Info: ./chap/1chap/7sec/images/4_compMeth.PNG  used on input
 line 243.
(pdftex.def)             Requested size: 345.0pt x 270.56322pt.

Underfull \vbox (badness 2903) has occurred while \output is active []

 [79 <./chap/1chap/7sec/images/3_LossFunction_reg.PNG>] [80 <./chap/1chap/7sec/
images/4_compMeth.PNG>]
<./chap/1chap/7sec/images/5_common_gradients.PNG, id=1487, 483.30562pt x 195.73
125pt>
File: ./chap/1chap/7sec/images/5_common_gradients.PNG Graphic file (type png)
<use ./chap/1chap/7sec/images/5_common_gradients.PNG>
Package pdftex.def Info: ./chap/1chap/7sec/images/5_common_gradients.PNG  used 
on input line 287.
(pdftex.def)             Requested size: 345.0pt x 139.72575pt.

Overfull \hbox (3.28104pt too wide) in paragraph at lines 299--301
[]\T1/lmr/m/n/10 Fit a re-gres-sion tree to the tar-gets $\OML/lmm/m/it/10 r[]$
 \T1/lmr/m/n/10 giv-ing ter-mi-nal re-gions $\OML/lmm/m/it/10 R[]; j \OMS/lmsy/
m/n/10 2
 []

[81 <./chap/1chap/7sec/images/5_common_gradients.PNG>]))
(./chap/1chap/8_SupportVectorMachines.tex
(./chap/1chap/8sec/1_maximalMarginClassifier.tex
<./chap/1chap/8sec/images/1margineSVM.png, id=1501, 582.175pt x 384.43625pt>
File: ./chap/1chap/8sec/images/1margineSVM.png Graphic file (type png)
<use ./chap/1chap/8sec/images/1margineSVM.png>
Package pdftex.def Info: ./chap/1chap/8sec/images/1margineSVM.png  used on inpu
t line 12.
(pdftex.def)             Requested size: 345.0pt x 227.82437pt.

Underfull \vbox (badness 1735) has occurred while \output is active []

 [82 <./chap/1chap/8sec/images/1margineSVM.png>]
Underfull \hbox (badness 10000) in paragraph at lines 41--43

 []

<./chap/1chap/8sec/images/21_svC.PNG, id=1512, 482.55281pt x 219.82124pt>
File: ./chap/1chap/8sec/images/21_svC.PNG Graphic file (type png)
<use ./chap/1chap/8sec/images/21_svC.PNG>
Package pdftex.def Info: ./chap/1chap/8sec/images/21_svC.PNG  used on input lin
e 46.
(pdftex.def)             Requested size: 345.0pt x 157.16428pt.
[83 <./chap/1chap/8sec/images/21_svC.PNG>])
(./chap/1chap/8sec/2_supportVectorsClassifiers.tex
<./chap/1chap/8sec/images/2supportVectorClassifier.png, id=1520, 688.5725pt x 2
62.9825pt>
File: ./chap/1chap/8sec/images/2supportVectorClassifier.png Graphic file (type 
png)
<use ./chap/1chap/8sec/images/2supportVectorClassifier.png>
Package pdftex.def Info: ./chap/1chap/8sec/images/2supportVectorClassifier.png 
 used on input line 19.
(pdftex.def)             Requested size: 345.0pt x 131.76378pt.

Underfull \vbox (badness 10000) has occurred while \output is active []

 [84]
Underfull \hbox (badness 10000) in paragraph at lines 57--60

 []


Underfull \hbox (badness 10000) in paragraph at lines 61--63

 []

) (./chap/1chap/8sec/3_supportVectorsMachines.tex
Overfull \hbox (62.11206pt too wide) detected at line 14
[] \OML/lmm/m/it/10 M[] [] []
 []

[85 <./chap/1chap/8sec/images/2supportVectorClassifier.png>]
Underfull \hbox (badness 10000) in paragraph at lines 22--26

 []

<./chap/1chap/8sec/images/3polynomialRadialKernel.png, id=1535, 705.63625pt x 3
21.2pt>
File: ./chap/1chap/8sec/images/3polynomialRadialKernel.png Graphic file (type p
ng)
<use ./chap/1chap/8sec/images/3polynomialRadialKernel.png>
Package pdftex.def Info: ./chap/1chap/8sec/images/3polynomialRadialKernel.png  
used on input line 48.
(pdftex.def)             Requested size: 345.0pt x 157.0414pt.

Underfull \vbox (badness 3449) has occurred while \output is active []

 [86])
(./chap/1chap/8sec/4_SVMsWithMoreThan2Classes.tex)
(./chap/1chap/8sec/5_relationshipToLogisticRegression.tex [87 <./chap/1chap/8se
c/images/3polynomialRadialKernel.png>] [88] [89]))
(./chap/1chap/9_UnsupervisedLearning.tex
(./chap/1chap/9sec/1_theChallengeOfUnsupervisedLearning.tex)
(./chap/1chap/9sec/2_principalCompomentsAnalysis.tex
Underfull \hbox (badness 10000) in paragraph at lines 5--8

 []

[90]
Underfull \hbox (badness 10000) in paragraph at lines 17--19

 []


Underfull \hbox (badness 10000) in paragraph at lines 28--31

 []

[91]) (./chap/1chap/9sec/3_clusteringMethods.tex [92]
<./chap/1chap/9sec/images/1kMeans.png, id=1620, 636.3775pt x 600.2425pt>
File: ./chap/1chap/9sec/images/1kMeans.png Graphic file (type png)
<use ./chap/1chap/9sec/images/1kMeans.png>
Package pdftex.def Info: ./chap/1chap/9sec/images/1kMeans.png  used on input li
ne 43.
(pdftex.def)             Requested size: 172.5pt x 162.6996pt.
 [93 <./chap/1chap/9sec/images/1kMeans.png>]
<./chap/1chap/9sec/images/2a_hierarchicalCluster.png, id=1642, 426.59375pt x 33
2.24126pt>
File: ./chap/1chap/9sec/images/2a_hierarchicalCluster.png Graphic file (type pn
g)
<use ./chap/1chap/9sec/images/2a_hierarchicalCluster.png>
Package pdftex.def Info: ./chap/1chap/9sec/images/2a_hierarchicalCluster.png  u
sed on input line 95.
(pdftex.def)             Requested size: 169.0519pt x 131.66223pt.
<./chap/1chap/9sec/images/2b_hierarchicalCluster.png, id=1643, 631.35875pt x 29
8.11375pt>
File: ./chap/1chap/9sec/images/2b_hierarchicalCluster.png Graphic file (type pn
g)
<use ./chap/1chap/9sec/images/2b_hierarchicalCluster.png>
Package pdftex.def Info: ./chap/1chap/9sec/images/2b_hierarchicalCluster.png  u
sed on input line 101.
(pdftex.def)             Requested size: 169.0519pt x 79.8231pt.
 [94 <./chap/1chap/9sec/images/2a_hierarchicalCluster.png> <./chap/1chap/9sec/i
mages/2b_hierarchicalCluster.png>]
Underfull \hbox (badness 10000) in paragraph at lines 156--158

 []

)) [95] (./chap/1chap/99_neural_network.tex (./chap/1chap/99sec/1_projReg.tex
<./chap/1chap/99sec/images/1_ridge_fct.PNG, id=1677, 508.90125pt x 191.9672pt>
File: ./chap/1chap/99sec/images/1_ridge_fct.PNG Graphic file (type png)
<use ./chap/1chap/99sec/images/1_ridge_fct.PNG>
Package pdftex.def Info: ./chap/1chap/99sec/images/1_ridge_fct.PNG  used on inp
ut line 16.
(pdftex.def)             Requested size: 345.0pt x 130.14638pt.

[96 <./chap/1chap/99sec/images/1_ridge_fct.PNG>]
<./chap/1chap/99sec/images/2_networkDiag.png, id=1684, 538.01pt x 486.81876pt>
File: ./chap/1chap/99sec/images/2_networkDiag.png Graphic file (type png)
<use ./chap/1chap/99sec/images/2_networkDiag.png>
Package pdftex.def Info: ./chap/1chap/99sec/images/2_networkDiag.png  used on i
nput line 39.
(pdftex.def)             Requested size: 241.49895pt x 218.51672pt.
)
Overfull \hbox (7.69795pt too wide) in paragraph at lines 45--3
\T1/lmr/m/n/10 ing the prob-a-bil-ity of class $\OML/lmm/m/it/10 k$\T1/lmr/m/n/
10 . There are $\OML/lmm/m/it/10 K$ \T1/lmr/m/n/10 tar-get mea-sure-ments $[] \
OMS/lmsy/m/n/10 2
 []

(./chap/1chap/99sec/2_fitting.tex [97 <./chap/1chap/99sec/images/2_networkDiag.
png>] [98]))) [99] [100

]
Chapter 2.
(./chap/2_deepLearning.tex (./chap/2chap/1_DeepForwardNetworks.tex
(./chap/2chap/1sec/1_gradientBasedLearning.tex))
(./chap/2chap/2_RegularizationForDeepLearning.tex)
(./chap/2chap/3_OptimizationForTrainngDeepModels.tex)
(./chap/2chap/4_ConvolutionNetworks.tex)
(./chap/2chap/5_RecurrentAndRecursiveNets.tex)) [101]
(./statisticalLearningSummary.aux)

LaTeX Warning: There were multiply-defined labels.

Package rerunfilecheck Info: File `statisticalLearningSummary.out' has not chan
ged.
(rerunfilecheck)             Checksum: BA720282B35DEAAE6ED5D128DBB1EFA9;11777.
 ) 
Here is how much of TeX's memory you used:
 34475 strings out of 478287
 671218 string characters out of 5849290
 1356500 words of memory out of 5000000
 50855 multiletter control sequences out of 15000+600000
 597501 words of font info for 113 fonts, out of 8000000 for 9000
 1141 hyphenation exceptions out of 8191
 125i,18n,131p,831b,2584s stack positions out of 5000i,500n,10000p,200000b,80000s
{/usr/share/texmf/fonts/enc/dvips/lm/lm-ec.enc}{/usr/share/texmf/fonts/enc/dv
ips/lm/lm-mathsy.enc}{/usr/share/texmf/fonts/enc/dvips/lm/lm-rm.enc}{/usr/share
/texmf/fonts/enc/dvips/lm/lm-mathit.enc}{/usr/share/texmf/fonts/enc/dvips/lm/lm
-mathex.enc}{/usr/share/texmf/fonts/enc/dvips/lm/lm-ts1.enc}</usr/share/texmf/f
onts/type1/public/lm/lmbsy10.pfb></usr/share/texmf/fonts/type1/public/lm/lmbsy7
.pfb></usr/share/texmf/fonts/type1/public/lm/lmbx10.pfb></usr/share/texmf/fonts
/type1/public/lm/lmbx12.pfb></usr/share/texmf/fonts/type1/public/lm/lmbxi10.pfb
></usr/share/texmf/fonts/type1/public/lm/lmex10.pfb></usr/share/texmf/fonts/typ
e1/public/lm/lmmi10.pfb></usr/share/texmf/fonts/type1/public/lm/lmmi5.pfb></usr
/share/texmf/fonts/type1/public/lm/lmmi7.pfb></usr/share/texmf/fonts/type1/publ
ic/lm/lmmi9.pfb></usr/share/texmf/fonts/type1/public/lm/lmmib10.pfb></usr/share
/texmf/fonts/type1/public/lm/lmmib7.pfb></usr/share/texmf/fonts/type1/public/lm
/lmr10.pfb></usr/share/texmf/fonts/type1/public/lm/lmr12.pfb></usr/share/texmf/
fonts/type1/public/lm/lmr17.pfb></usr/share/texmf/fonts/type1/public/lm/lmr5.pf
b></usr/share/texmf/fonts/type1/public/lm/lmr6.pfb></usr/share/texmf/fonts/type
1/public/lm/lmr7.pfb></usr/share/texmf/fonts/type1/public/lm/lmr9.pfb></usr/sha
re/texmf/fonts/type1/public/lm/lmri10.pfb></usr/share/texmf/fonts/type1/public/
lm/lmri12.pfb></usr/share/texmf/fonts/type1/public/lm/lmro10.pfb></usr/share/te
xmf/fonts/type1/public/lm/lmsy10.pfb></usr/share/texmf/fonts/type1/public/lm/lm
sy5.pfb></usr/share/texmf/fonts/type1/public/lm/lmsy7.pfb></usr/share/texmf/fon
ts/type1/public/lm/lmsy9.pfb></usr/share/texmf/fonts/type1/public/lm/lmtt9.pfb>
</usr/share/texlive/texmf-dist/fonts/type1/public/amsfonts/symbols/msam10.pfb><
/usr/share/texlive/texmf-dist/fonts/type1/public/amsfonts/symbols/msbm10.pfb></
usr/share/texlive/texmf-dist/fonts/type1/public/amsfonts/symbols/msbm7.pfb>
Output written on statisticalLearningSummary.pdf (101 pages, 2691333 bytes).
PDF statistics:
 2079 PDF objects out of 2487 (max. 8388607)
 1807 compressed objects within 19 object streams
 1017 named destinations out of 1200 (max. 500000)
 711 words of extra memory for PDF output out of 10000 (max. 10000000)

